
--------------------OVA: AGRICULTURE vs All------------------
Performing model optimizations...

Estimator: Random Forest
Best params: {'clf__n_estimators': 1200, 'clf__min_samples_split': 2, 'clf__min_samples_leaf': 1, 'clf__max_depth': None, 'clf__criterion': 'entropy'}
Best training f1: 0.549
Test set metrics for best params:
Normal clasification:
              precision    recall  f1-score   support

          -1       1.00      1.00      1.00     20577
           1       0.79      0.55      0.65        69

    accuracy                           1.00     20646
   macro avg       0.90      0.78      0.82     20646
weighted avg       1.00      1.00      1.00     20646

Weighted clasification:
              precision    recall  f1-score   support

          -1       1.00      1.00      1.00 458097.5284404593
           1       0.52      0.55      0.54 446.02973195614675

    accuracy                           1.00 458543.5581724154
   macro avg       0.76      0.78      0.77 458543.5581724154
weighted avg       1.00      1.00      1.00 458543.5581724154


Estimator: Random Forest w/ENN
Best params: {'clf__n_estimators': 400, 'clf__min_samples_split': 8, 'clf__min_samples_leaf': 3, 'clf__max_depth': None, 'clf__criterion': 'gini'}
Best training f1: 0.505
Test set metrics for best params:
Normal clasification:
              precision    recall  f1-score   support

          -1       1.00      1.00      1.00     20577
           1       0.73      0.55      0.63        69

    accuracy                           1.00     20646
   macro avg       0.86      0.78      0.81     20646
weighted avg       1.00      1.00      1.00     20646

Weighted clasification:
              precision    recall  f1-score   support

          -1       1.00      1.00      1.00 458097.5284404593
           1       0.44      0.55      0.49 446.02973195614675

    accuracy                           1.00 458543.5581724154
   macro avg       0.72      0.78      0.74 458543.5581724154
weighted avg       1.00      1.00      1.00 458543.5581724154


Estimator: KNN
Best params: {'clf__weights': 'distance', 'clf__n_neighbors': 7, 'clf__metric': 'manhattan'}
Best training f1: 0.483
Test set metrics for best params:
Normal clasification:
              precision    recall  f1-score   support

          -1       1.00      1.00      1.00     20577
           1       0.80      0.57      0.66        69

    accuracy                           1.00     20646
   macro avg       0.90      0.78      0.83     20646
weighted avg       1.00      1.00      1.00     20646

Weighted clasification:
              precision    recall  f1-score   support

          -1       1.00      1.00      1.00 458097.5284404593
           1       0.53      0.57      0.55 446.02973195614675

    accuracy                           1.00 458543.5581724154
   macro avg       0.77      0.78      0.77 458543.5581724154
weighted avg       1.00      1.00      1.00 458543.5581724154


Estimator: KNN w/ENN
Best params: {'clf__weights': 'distance', 'clf__n_neighbors': 7, 'clf__metric': 'manhattan'}
Best training f1: 0.468
Test set metrics for best params:
Normal clasification:
              precision    recall  f1-score   support

          -1       1.00      1.00      1.00     20577
           1       0.69      0.62      0.66        69

    accuracy                           1.00     20646
   macro avg       0.85      0.81      0.83     20646
weighted avg       1.00      1.00      1.00     20646

Weighted clasification:
              precision    recall  f1-score   support

          -1       1.00      1.00      1.00 458097.5284404593
           1       0.40      0.62      0.48 446.02973195614675

    accuracy                           1.00 458543.5581724154
   macro avg       0.70      0.81      0.74 458543.5581724154
weighted avg       1.00      1.00      1.00 458543.5581724154


Estimator: XGB
Best params: {'clf__n_estimators': 1200, 'clf__max_depth': 8, 'clf__learning_rate': 0.1}
Best training f1: 0.549
Test set metrics for best params:
Normal clasification:
              precision    recall  f1-score   support

          -1       1.00      1.00      1.00     20577
           1       0.78      0.57      0.66        69

    accuracy                           1.00     20646
   macro avg       0.89      0.78      0.83     20646
weighted avg       1.00      1.00      1.00     20646

Weighted clasification:
              precision    recall  f1-score   support

          -1       1.00      1.00      1.00 458097.5284404593
           1       0.51      0.57      0.53 446.02973195614675

    accuracy                           1.00 458543.5581724154
   macro avg       0.75      0.78      0.77 458543.5581724154
weighted avg       1.00      1.00      1.00 458543.5581724154


Estimator: XGB w/ENN
Best params: {'clf__n_estimators': 600, 'clf__max_depth': 6, 'clf__learning_rate': 0.1}
Best training f1: 0.517
Test set metrics for best params:
Normal clasification:
              precision    recall  f1-score   support

          -1       1.00      1.00      1.00     20577
           1       0.70      0.67      0.68        69

    accuracy                           1.00     20646
   macro avg       0.85      0.83      0.84     20646
weighted avg       1.00      1.00      1.00     20646

Weighted clasification:
              precision    recall  f1-score   support

          -1       1.00      1.00      1.00 458097.5284404593
           1       0.40      0.67      0.50 446.02973195614675

    accuracy                           1.00 458543.5581724154
   macro avg       0.70      0.83      0.75 458543.5581724154
weighted avg       1.00      1.00      1.00 458543.5581724154


Classifier with best test set f1: KNN

Saved KNN grid search pipeline to file: ./models_w_dn/AGRICULTURE_best_gs_pipeline.pkl

--------------------OVA: INDUSTRIAL vs All------------------
Performing model optimizations...

Estimator: Random Forest
Best params: {'clf__n_estimators': 100, 'clf__min_samples_split': 8, 'clf__min_samples_leaf': 3, 'clf__max_depth': None, 'clf__criterion': 'entropy'}
Best training f1: 0.488
Test set metrics for best params:
Normal clasification:
              precision    recall  f1-score   support

          -1       0.97      1.00      0.99     19726
           1       0.90      0.44      0.59       920

    accuracy                           0.97     20646
   macro avg       0.94      0.72      0.79     20646
weighted avg       0.97      0.97      0.97     20646

Weighted clasification:
              precision    recall  f1-score   support

          -1       0.99      1.00      1.00 472029.16860499367
           1       0.63      0.44      0.52 4413.708937970392

    accuracy                           0.99 476442.87754296407
   macro avg       0.81      0.72      0.76 476442.87754296407
weighted avg       0.99      0.99      0.99 476442.87754296407


Estimator: Random Forest w/ENN
Best params: {'clf__n_estimators': 400, 'clf__min_samples_split': 8, 'clf__min_samples_leaf': 5, 'clf__max_depth': None, 'clf__criterion': 'entropy'}
Best training f1: 0.468
Test set metrics for best params:
Normal clasification:
              precision    recall  f1-score   support

          -1       0.98      0.99      0.99     19726
           1       0.80      0.53      0.64       920

    accuracy                           0.97     20646
   macro avg       0.89      0.76      0.81     20646
weighted avg       0.97      0.97      0.97     20646

Weighted clasification:
              precision    recall  f1-score   support

          -1       1.00      0.99      0.99 472029.16860499367
           1       0.44      0.53      0.48 4413.708937970392

    accuracy                           0.99 476442.87754296407
   macro avg       0.72      0.76      0.74 476442.87754296407
weighted avg       0.99      0.99      0.99 476442.87754296407


Estimator: KNN
Best params: {'clf__weights': 'distance', 'clf__n_neighbors': 11, 'clf__metric': 'manhattan'}
Best training f1: 0.472
Test set metrics for best params:
Normal clasification:
              precision    recall  f1-score   support

          -1       0.98      0.99      0.99     19726
           1       0.81      0.53      0.64       920

    accuracy                           0.97     20646
   macro avg       0.89      0.76      0.81     20646
weighted avg       0.97      0.97      0.97     20646

Weighted clasification:
              precision    recall  f1-score   support

          -1       1.00      0.99      0.99 472029.16860499367
           1       0.46      0.53      0.49 4413.708937970392

    accuracy                           0.99 476442.87754296407
   macro avg       0.73      0.76      0.74 476442.87754296407
weighted avg       0.99      0.99      0.99 476442.87754296407


Estimator: KNN w/ENN
Best params: {'clf__weights': 'distance', 'clf__n_neighbors': 11, 'clf__metric': 'manhattan'}
Best training f1: 0.412
Test set metrics for best params:
Normal clasification:
              precision    recall  f1-score   support

          -1       0.98      0.99      0.99     19726
           1       0.73      0.59      0.65       920

    accuracy                           0.97     20646
   macro avg       0.85      0.79      0.82     20646
weighted avg       0.97      0.97      0.97     20646

Weighted clasification:
              precision    recall  f1-score   support

          -1       1.00      0.99      0.99 472029.16860499367
           1       0.35      0.59      0.44 4413.708937970392

    accuracy                           0.99 476442.87754296407
   macro avg       0.67      0.79      0.72 476442.87754296407
weighted avg       0.99      0.99      0.99 476442.87754296407


Estimator: XGB
Best params: {'clf__n_estimators': 600, 'clf__max_depth': 12, 'clf__learning_rate': 0.3}
Best training f1: 0.499
Test set metrics for best params:
Normal clasification:
              precision    recall  f1-score   support

          -1       0.98      0.99      0.99     19726
           1       0.81      0.60      0.69       920

    accuracy                           0.98     20646
   macro avg       0.90      0.80      0.84     20646
weighted avg       0.97      0.98      0.97     20646

Weighted clasification:
              precision    recall  f1-score   support

          -1       1.00      0.99      0.99 472029.16860499367
           1       0.46      0.60      0.52 4413.708937970392

    accuracy                           0.99 476442.87754296407
   macro avg       0.73      0.80      0.76 476442.87754296407
weighted avg       0.99      0.99      0.99 476442.87754296407


Estimator: XGB w/ENN
Best params: {'clf__n_estimators': 900, 'clf__max_depth': 8, 'clf__learning_rate': 0.1}
Best training f1: 0.428
Test set metrics for best params:
Normal clasification:
              precision    recall  f1-score   support

          -1       0.99      0.99      0.99     19726
           1       0.71      0.70      0.71       920

    accuracy                           0.97     20646
   macro avg       0.85      0.84      0.85     20646
weighted avg       0.97      0.97      0.97     20646

Weighted clasification:
              precision    recall  f1-score   support

          -1       1.00      0.99      0.99 472029.16860499367
           1       0.33      0.70      0.45 4413.708937970392

    accuracy                           0.98 476442.87754296407
   macro avg       0.66      0.84      0.72 476442.87754296407
weighted avg       0.99      0.98      0.99 476442.87754296407


Classifier with best test set f1: XGB

Saved XGB grid search pipeline to file: ./models_w_dn/INDUSTRIAL_best_gs_pipeline.pkl

--------------------OVA: OFFICE vs All------------------
Performing model optimizations...

Estimator: Random Forest
Best params: {'clf__n_estimators': 900, 'clf__min_samples_split': 2, 'clf__min_samples_leaf': 1, 'clf__max_depth': None, 'clf__criterion': 'gini'}
Best training f1: 0.118
Test set metrics for best params:
Normal clasification:
              precision    recall  f1-score   support

          -1       0.98      1.00      0.99     20299
           1       0.57      0.09      0.15       347

    accuracy                           0.98     20646
   macro avg       0.78      0.54      0.57     20646
weighted avg       0.98      0.98      0.98     20646

Weighted clasification:
              precision    recall  f1-score   support

          -1       1.00      1.00      1.00 487598.5450675699
           1       0.20      0.09      0.12 1632.9762262448069

    accuracy                           1.00 489231.5212938147
   macro avg       0.60      0.54      0.56 489231.5212938147
weighted avg       0.99      1.00      0.99 489231.5212938147


Estimator: Random Forest w/ENN
Best params: {'clf__n_estimators': 100, 'clf__min_samples_split': 5, 'clf__min_samples_leaf': 3, 'clf__max_depth': None, 'clf__criterion': 'gini'}
Best training f1: 0.071
Test set metrics for best params:
Normal clasification:
              precision    recall  f1-score   support

          -1       0.98      1.00      0.99     20299
           1       0.36      0.05      0.08       347

    accuracy                           0.98     20646
   macro avg       0.67      0.52      0.54     20646
weighted avg       0.97      0.98      0.98     20646

Weighted clasification:
              precision    recall  f1-score   support

          -1       1.00      1.00      1.00 487598.5450675699
           1       0.10      0.05      0.06 1632.9762262448069

    accuracy                           1.00 489231.5212938147
   macro avg       0.55      0.52      0.53 489231.5212938147
weighted avg       0.99      1.00      0.99 489231.5212938147


Estimator: KNN
Best params: {'clf__weights': 'distance', 'clf__n_neighbors': 5, 'clf__metric': 'minkowski'}
Best training f1: 0.120
Test set metrics for best params:
Normal clasification:
              precision    recall  f1-score   support

          -1       0.99      1.00      0.99     20299
           1       0.43      0.12      0.19       347

    accuracy                           0.98     20646
   macro avg       0.71      0.56      0.59     20646
weighted avg       0.98      0.98      0.98     20646

Weighted clasification:
              precision    recall  f1-score   support

          -1       1.00      1.00      1.00 487598.5450675699
           1       0.13      0.12      0.12 1632.9762262448069

    accuracy                           0.99 489231.5212938147
   macro avg       0.56      0.56      0.56 489231.5212938147
weighted avg       0.99      0.99      0.99 489231.5212938147


Estimator: KNN w/ENN
Best params: {'clf__weights': 'distance', 'clf__n_neighbors': 11, 'clf__metric': 'manhattan'}
Best training f1: 0.129
Test set metrics for best params:
Normal clasification:
              precision    recall  f1-score   support

          -1       0.99      1.00      0.99     20299
           1       0.36      0.14      0.20       347

    accuracy                           0.98     20646
   macro avg       0.67      0.57      0.59     20646
weighted avg       0.97      0.98      0.98     20646

Weighted clasification:
              precision    recall  f1-score   support

          -1       1.00      1.00      1.00 487598.5450675699
           1       0.10      0.14      0.11 1632.976226244807

    accuracy                           0.99 489231.5212938147
   macro avg       0.55      0.57      0.56 489231.5212938147
weighted avg       0.99      0.99      0.99 489231.5212938147


Estimator: XGB
Best params: {'clf__n_estimators': 900, 'clf__max_depth': 18, 'clf__learning_rate': 0.1}
Best training f1: 0.138
Test set metrics for best params:
Normal clasification:
              precision    recall  f1-score   support

          -1       0.98      1.00      0.99     20299
           1       0.42      0.11      0.17       347

    accuracy                           0.98     20646
   macro avg       0.70      0.55      0.58     20646
weighted avg       0.98      0.98      0.98     20646

Weighted clasification:
              precision    recall  f1-score   support

          -1       1.00      1.00      1.00 487598.5450675699
           1       0.12      0.11      0.11 1632.9762262448069

    accuracy                           0.99 489231.5212938147
   macro avg       0.56      0.55      0.56 489231.5212938147
weighted avg       0.99      0.99      0.99 489231.5212938147


Estimator: XGB w/ENN
Best params: {'clf__n_estimators': 400, 'clf__max_depth': 12, 'clf__learning_rate': 0.15}
Best training f1: 0.150
Test set metrics for best params:
Normal clasification:
              precision    recall  f1-score   support

          -1       0.99      0.99      0.99     20299
           1       0.35      0.20      0.26       347

    accuracy                           0.98     20646
   macro avg       0.67      0.60      0.62     20646
weighted avg       0.98      0.98      0.98     20646

Weighted clasification:
              precision    recall  f1-score   support

          -1       1.00      0.99      1.00 487598.5450675699
           1       0.10      0.20      0.13 1632.976226244807

    accuracy                           0.99 489231.5212938147
   macro avg       0.55      0.60      0.56 489231.5212938147
weighted avg       0.99      0.99      0.99 489231.5212938147


Classifier with best test set f1: XGB w/ENN

Saved XGB w/ENN grid search pipeline to file: ./models_w_dn/OFFICE_best_gs_pipeline.pkl

--------------------OVA: OTHER vs All------------------
Performing model optimizations...

Estimator: Random Forest
