
--------------------OVA: AGRICULTURE vs All------------------
Performing model optimizations...

Estimator: Random Forest
Best params: {'clf__n_estimators': 600, 'clf__min_samples_split': 8, 'clf__min_samples_leaf': 3, 'clf__max_depth': None, 'clf__criterion': 'entropy'}
Best training f1: 0.448
Test set metrics for best params:
Normal clasification:
              precision    recall  f1-score   support

          -1       1.00      1.00      1.00     20577
           1       0.94      0.42      0.58        69

    accuracy                           1.00     20646
   macro avg       0.97      0.71      0.79     20646
weighted avg       1.00      1.00      1.00     20646

Weighted clasification:
              precision    recall  f1-score   support

          -1       1.00      1.00      1.00 4.437639527659717
           1       0.81      0.42      0.55 0.0043207374983643045

    accuracy                           1.00 4.441960265158081
   macro avg       0.90      0.71      0.78 4.441960265158081
weighted avg       1.00      1.00      1.00 4.441960265158081


Estimator: Random Forest w/ENN
Best params: {'clf__n_estimators': 600, 'clf__min_samples_split': 2, 'clf__min_samples_leaf': 3, 'clf__max_depth': None, 'clf__criterion': 'gini'}
Best training f1: 0.504
Test set metrics for best params:
Normal clasification:
              precision    recall  f1-score   support

          -1       1.00      1.00      1.00     20577
           1       0.73      0.55      0.63        69

    accuracy                           1.00     20646
   macro avg       0.86      0.78      0.81     20646
weighted avg       1.00      1.00      1.00     20646

Weighted clasification:
              precision    recall  f1-score   support

          -1       1.00      1.00      1.00 4.437639527659717
           1       0.44      0.55      0.49 0.0043207374983643045

    accuracy                           1.00 4.441960265158081
   macro avg       0.72      0.78      0.74 4.441960265158081
weighted avg       1.00      1.00      1.00 4.441960265158081


Estimator: KNN
Best params: {'clf__weights': 'distance', 'clf__n_neighbors': 7, 'clf__metric': 'manhattan'}
Best training f1: 0.483
Test set metrics for best params:
Normal clasification:
              precision    recall  f1-score   support

          -1       1.00      1.00      1.00     20577
           1       0.80      0.57      0.66        69

    accuracy                           1.00     20646
   macro avg       0.90      0.78      0.83     20646
weighted avg       1.00      1.00      1.00     20646

Weighted clasification:
              precision    recall  f1-score   support

          -1       1.00      1.00      1.00 4.437639527659717
           1       0.53      0.57      0.55 0.0043207374983643045

    accuracy                           1.00 4.441960265158081
   macro avg       0.77      0.78      0.77 4.441960265158081
weighted avg       1.00      1.00      1.00 4.441960265158081


Estimator: KNN w/ENN
Best params: {'clf__weights': 'distance', 'clf__n_neighbors': 5, 'clf__metric': 'manhattan'}
Best training f1: 0.465
Test set metrics for best params:
Normal clasification:
              precision    recall  f1-score   support

          -1       1.00      1.00      1.00     20577
           1       0.69      0.65      0.67        69

    accuracy                           1.00     20646
   macro avg       0.85      0.83      0.84     20646
weighted avg       1.00      1.00      1.00     20646

Weighted clasification:
              precision    recall  f1-score   support

          -1       1.00      1.00      1.00 4.437639527659717
           1       0.40      0.65      0.49 0.0043207374983643045

    accuracy                           1.00 4.441960265158081
   macro avg       0.70      0.83      0.75 4.441960265158081
weighted avg       1.00      1.00      1.00 4.441960265158081


Estimator: XGB
Best params: {'clf__n_estimators': 600, 'clf__max_depth': 12, 'clf__learning_rate': 0.15}
Best training f1: 0.550
Test set metrics for best params:
Normal clasification:
              precision    recall  f1-score   support

          -1       1.00      1.00      1.00     20577
           1       0.76      0.57      0.65        69

    accuracy                           1.00     20646
   macro avg       0.88      0.78      0.82     20646
weighted avg       1.00      1.00      1.00     20646

Weighted clasification:
              precision    recall  f1-score   support

          -1       1.00      1.00      1.00 4.437639527659717
           1       0.49      0.57      0.52 0.0043207374983643045

    accuracy                           1.00 4.441960265158081
   macro avg       0.74      0.78      0.76 4.441960265158081
weighted avg       1.00      1.00      1.00 4.441960265158081


Estimator: XGB w/ENN
Best params: {'clf__n_estimators': 400, 'clf__max_depth': 6, 'clf__learning_rate': 0.5}
Best training f1: 0.522
Test set metrics for best params:
Normal clasification:
              precision    recall  f1-score   support

          -1       1.00      1.00      1.00     20577
           1       0.71      0.72      0.72        69

    accuracy                           1.00     20646
   macro avg       0.86      0.86      0.86     20646
weighted avg       1.00      1.00      1.00     20646

Weighted clasification:
              precision    recall  f1-score   support

          -1       1.00      1.00      1.00 4.437639527659717
           1       0.42      0.72      0.53 0.0043207374983643045

    accuracy                           1.00 4.441960265158081
   macro avg       0.71      0.86      0.77 4.441960265158081
weighted avg       1.00      1.00      1.00 4.441960265158081


Classifier with best test set f1: Random Forest

Saved Random Forest grid search pipeline to file: ./models_w_dn/AGRICULTURE_best_gs_pipeline.pkl

--------------------OVA: INDUSTRIAL vs All------------------
Performing model optimizations...

Estimator: Random Forest
Best params: {'clf__n_estimators': 900, 'clf__min_samples_split': 5, 'clf__min_samples_leaf': 1, 'clf__max_depth': None, 'clf__criterion': 'entropy'}
Best training f1: 0.515
Test set metrics for best params:
Normal clasification:
              precision    recall  f1-score   support

          -1       0.98      1.00      0.99     19726
           1       0.85      0.53      0.65       920

    accuracy                           0.98     20646
   macro avg       0.92      0.76      0.82     20646
weighted avg       0.97      0.98      0.97     20646

Weighted clasification:
              precision    recall  f1-score   support

          -1       1.00      1.00      1.00 4.572596809117645
           1       0.54      0.53      0.53 0.04275606837131091

    accuracy                           0.99 4.615352877488956
   macro avg       0.77      0.76      0.76 4.615352877488956
weighted avg       0.99      0.99      0.99 4.615352877488956


Estimator: Random Forest w/ENN
Best params: {'clf__n_estimators': 600, 'clf__min_samples_split': 5, 'clf__min_samples_leaf': 5, 'clf__max_depth': None, 'clf__criterion': 'entropy'}
Best training f1: 0.467
Test set metrics for best params:
Normal clasification:
              precision    recall  f1-score   support

          -1       0.98      0.99      0.99     19726
           1       0.80      0.53      0.64       920

    accuracy                           0.97     20646
   macro avg       0.89      0.76      0.81     20646
weighted avg       0.97      0.97      0.97     20646

Weighted clasification:
              precision    recall  f1-score   support

          -1       1.00      0.99      0.99 4.572596809117645
           1       0.44      0.53      0.48 0.04275606837131091

    accuracy                           0.99 4.615352877488956
   macro avg       0.72      0.76      0.74 4.615352877488956
weighted avg       0.99      0.99      0.99 4.615352877488956


Estimator: KNN
Best params: {'clf__weights': 'distance', 'clf__n_neighbors': 13, 'clf__metric': 'manhattan'}
Best training f1: 0.467
Test set metrics for best params:
Normal clasification:
              precision    recall  f1-score   support

          -1       0.98      0.99      0.99     19726
           1       0.81      0.53      0.64       920

    accuracy                           0.97     20646
   macro avg       0.89      0.76      0.81     20646
weighted avg       0.97      0.97      0.97     20646

Weighted clasification:
              precision    recall  f1-score   support

          -1       1.00      0.99      0.99 4.572596809117645
           1       0.46      0.53      0.49 0.04275606837131091

    accuracy                           0.99 4.615352877488956
   macro avg       0.73      0.76      0.74 4.615352877488956
weighted avg       0.99      0.99      0.99 4.615352877488956


Estimator: KNN w/ENN
Best params: {'clf__weights': 'distance', 'clf__n_neighbors': 11, 'clf__metric': 'manhattan'}
Best training f1: 0.412
Test set metrics for best params:
Normal clasification:
              precision    recall  f1-score   support

          -1       0.98      0.99      0.99     19726
           1       0.73      0.59      0.65       920

    accuracy                           0.97     20646
   macro avg       0.85      0.79      0.82     20646
weighted avg       0.97      0.97      0.97     20646

Weighted clasification:
              precision    recall  f1-score   support

          -1       1.00      0.99      0.99 4.572596809117645
           1       0.35      0.59      0.44 0.04275606837131091

    accuracy                           0.99 4.615352877488956
   macro avg       0.67      0.79      0.72 4.615352877488956
weighted avg       0.99      0.99      0.99 4.615352877488956


Estimator: XGB
Best params: {'clf__n_estimators': 1200, 'clf__max_depth': 12, 'clf__learning_rate': 0.1}
Best training f1: 0.501
Test set metrics for best params:
Normal clasification:
              precision    recall  f1-score   support

          -1       0.98      0.99      0.99     19726
           1       0.81      0.61      0.69       920

    accuracy                           0.98     20646
   macro avg       0.90      0.80      0.84     20646
weighted avg       0.97      0.98      0.97     20646

Weighted clasification:
              precision    recall  f1-score   support

          -1       1.00      0.99      0.99 4.572596809117645
           1       0.46      0.61      0.52 0.04275606837131091

    accuracy                           0.99 4.615352877488956
   macro avg       0.73      0.80      0.76 4.615352877488956
weighted avg       0.99      0.99      0.99 4.615352877488956


Estimator: XGB w/ENN
Best params: {'clf__n_estimators': 1200, 'clf__max_depth': 6, 'clf__learning_rate': 0.1}
Best training f1: 0.430
Test set metrics for best params:
Normal clasification:
              precision    recall  f1-score   support

          -1       0.99      0.99      0.99     19726
           1       0.70      0.70      0.70       920

    accuracy                           0.97     20646
   macro avg       0.84      0.84      0.84     20646
weighted avg       0.97      0.97      0.97     20646

Weighted clasification:
              precision    recall  f1-score   support

          -1       1.00      0.99      0.99 4.572596809117645
           1       0.32      0.70      0.44 0.04275606837131091

    accuracy                           0.98 4.615352877488956
   macro avg       0.66      0.84      0.72 4.615352877488956
weighted avg       0.99      0.98      0.99 4.615352877488956


Classifier with best test set f1: Random Forest

Saved Random Forest grid search pipeline to file: ./models_w_dn/INDUSTRIAL_best_gs_pipeline.pkl

--------------------OVA: OFFICE vs All------------------
Performing model optimizations...

Estimator: Random Forest
Best params: {'clf__n_estimators': 600, 'clf__min_samples_split': 2, 'clf__min_samples_leaf': 1, 'clf__max_depth': None, 'clf__criterion': 'gini'}
Best training f1: 0.117
Test set metrics for best params:
Normal clasification:
              precision    recall  f1-score   support

          -1       0.98      1.00      0.99     20299
           1       0.55      0.08      0.14       347

    accuracy                           0.98     20646
   macro avg       0.77      0.54      0.57     20646
weighted avg       0.98      0.98      0.98     20646

Weighted clasification:
              precision    recall  f1-score   support

          -1       1.00      1.00      1.00 4.723419016443947
           1       0.19      0.08      0.11 0.015818814552405382

    accuracy                           1.00 4.739237830996353
   macro avg       0.59      0.54      0.56 4.739237830996353
weighted avg       0.99      1.00      0.99 4.739237830996353


Estimator: Random Forest w/ENN
Best params: {'clf__n_estimators': 400, 'clf__min_samples_split': 2, 'clf__min_samples_leaf': 1, 'clf__max_depth': None, 'clf__criterion': 'entropy'}
Best training f1: 0.146
Test set metrics for best params:
Normal clasification:
              precision    recall  f1-score   support

          -1       0.99      0.99      0.99     20299
           1       0.36      0.17      0.23       347

    accuracy                           0.98     20646
   macro avg       0.67      0.58      0.61     20646
weighted avg       0.98      0.98      0.98     20646

Weighted clasification:
              precision    recall  f1-score   support

          -1       1.00      0.99      1.00 4.723419016443947
           1       0.10      0.17      0.13 0.015818814552405382

    accuracy                           0.99 4.739237830996353
   macro avg       0.55      0.58      0.56 4.739237830996353
weighted avg       0.99      0.99      0.99 4.739237830996353


Estimator: KNN
Best params: {'clf__weights': 'distance', 'clf__n_neighbors': 3, 'clf__metric': 'manhattan'}
Best training f1: 0.123
Test set metrics for best params:
Normal clasification:
              precision    recall  f1-score   support

          -1       0.99      1.00      0.99     20299
           1       0.37      0.16      0.23       347

    accuracy                           0.98     20646
   macro avg       0.68      0.58      0.61     20646
weighted avg       0.98      0.98      0.98     20646

Weighted clasification:
              precision    recall  f1-score   support

          -1       1.00      1.00      1.00 4.723419016443947
           1       0.10      0.16      0.13 0.015818814552405382

    accuracy                           0.99 4.739237830996353
   macro avg       0.55      0.58      0.56 4.739237830996353
weighted avg       0.99      0.99      0.99 4.739237830996353


Estimator: KNN w/ENN
Best params: {'clf__weights': 'distance', 'clf__n_neighbors': 11, 'clf__metric': 'manhattan'}
Best training f1: 0.129
Test set metrics for best params:
Normal clasification:
              precision    recall  f1-score   support

          -1       0.99      1.00      0.99     20299
           1       0.36      0.14      0.20       347

    accuracy                           0.98     20646
   macro avg       0.67      0.57      0.59     20646
weighted avg       0.97      0.98      0.98     20646

Weighted clasification:
              precision    recall  f1-score   support

          -1       1.00      1.00      1.00 4.723419016443947
           1       0.10      0.14      0.11 0.015818814552405382

    accuracy                           0.99 4.739237830996353
   macro avg       0.55      0.57      0.56 4.739237830996353
weighted avg       0.99      0.99      0.99 4.739237830996353


Estimator: XGB
Best params: {'clf__n_estimators': 600, 'clf__max_depth': 18, 'clf__learning_rate': 0.3}
Best training f1: 0.137
Test set metrics for best params:
Normal clasification:
              precision    recall  f1-score   support

          -1       0.98      1.00      0.99     20299
           1       0.39      0.11      0.17       347

    accuracy                           0.98     20646
   macro avg       0.69      0.55      0.58     20646
weighted avg       0.97      0.98      0.98     20646

Weighted clasification:
              precision    recall  f1-score   support

          -1       1.00      1.00      1.00 4.723419016443947
           1       0.11      0.11      0.11 0.015818814552405382

    accuracy                           0.99 4.739237830996353
   macro avg       0.55      0.55      0.55 4.739237830996353
weighted avg       0.99      0.99      0.99 4.739237830996353


Estimator: XGB w/ENN
Best params: {'clf__n_estimators': 400, 'clf__max_depth': 18, 'clf__learning_rate': 0.15}
Best training f1: 0.143
Test set metrics for best params:
Normal clasification:
              precision    recall  f1-score   support

          -1       0.99      0.99      0.99     20299
           1       0.33      0.20      0.25       347

    accuracy                           0.98     20646
   macro avg       0.66      0.60      0.62     20646
weighted avg       0.98      0.98      0.98     20646

Weighted clasification:
              precision    recall  f1-score   support

          -1       1.00      0.99      1.00 4.723419016443947
           1       0.09      0.20      0.12 0.015818814552405382

    accuracy                           0.99 4.739237830996353
   macro avg       0.54      0.60      0.56 4.739237830996353
weighted avg       0.99      0.99      0.99 4.739237830996353


Classifier with best test set f1: Random Forest w/ENN

Saved Random Forest w/ENN grid search pipeline to file: ./models_w_dn/OFFICE_best_gs_pipeline.pkl

--------------------OVA: OTHER vs All------------------
Performing model optimizations...

Estimator: Random Forest
Best params: {'clf__n_estimators': 900, 'clf__min_samples_split': 5, 'clf__min_samples_leaf': 1, 'clf__max_depth': None, 'clf__criterion': 'gini'}
Best training f1: 0.237
Test set metrics for best params:
Normal clasification:
              precision    recall  f1-score   support

          -1       0.99      1.00      0.99     20385
           1       0.75      0.21      0.33       261

    accuracy                           0.99     20646
   macro avg       0.87      0.61      0.66     20646
weighted avg       0.99      0.99      0.99     20646

Weighted clasification:
              precision    recall  f1-score   support

          -1       1.00      1.00      1.00 4.891579725224001
           1       0.32      0.21      0.26 0.010001468675488595

    accuracy                           1.00 4.9015811938994895
   macro avg       0.66      0.61      0.63 4.9015811938994895
weighted avg       1.00      1.00      1.00 4.9015811938994895


Estimator: Random Forest w/ENN
Best params: {'clf__n_estimators': 900, 'clf__min_samples_split': 5, 'clf__min_samples_leaf': 1, 'clf__max_depth': None, 'clf__criterion': 'gini'}
Best training f1: 0.245
Test set metrics for best params:
Normal clasification:
              precision    recall  f1-score   support

          -1       0.99      1.00      0.99     20385
           1       0.65      0.33      0.44       261

    accuracy                           0.99     20646
   macro avg       0.82      0.67      0.72     20646
weighted avg       0.99      0.99      0.99     20646

Weighted clasification:
              precision    recall  f1-score   support

          -1       1.00      1.00      1.00 4.891579725224001
           1       0.23      0.33      0.27 0.010001468675488595

    accuracy                           1.00 4.9015811938994895
   macro avg       0.62      0.67      0.64 4.9015811938994895
weighted avg       1.00      1.00      1.00 4.9015811938994895


Estimator: KNN
Best params: {'clf__weights': 'distance', 'clf__n_neighbors': 7, 'clf__metric': 'manhattan'}
Best training f1: 0.281
Test set metrics for best params:
Normal clasification:
              precision    recall  f1-score   support

          -1       0.99      1.00      0.99     20385
           1       0.70      0.27      0.39       261

    accuracy                           0.99     20646
   macro avg       0.85      0.63      0.69     20646
weighted avg       0.99      0.99      0.99     20646

Weighted clasification:
              precision    recall  f1-score   support

          -1       1.00      1.00      1.00 4.891579725224001
           1       0.27      0.27      0.27 0.010001468675488595

    accuracy                           1.00 4.9015811938994895
   macro avg       0.63      0.63      0.63 4.9015811938994895
weighted avg       1.00      1.00      1.00 4.9015811938994895


Estimator: KNN w/ENN
Best params: {'clf__weights': 'distance', 'clf__n_neighbors': 11, 'clf__metric': 'manhattan'}
Best training f1: 0.252
Test set metrics for best params:
Normal clasification:
              precision    recall  f1-score   support

          -1       0.99      1.00      0.99     20385
           1       0.66      0.26      0.38       261

    accuracy                           0.99     20646
   macro avg       0.82      0.63      0.69     20646
weighted avg       0.99      0.99      0.99     20646

Weighted clasification:
              precision    recall  f1-score   support

          -1       1.00      1.00      1.00 4.891579725224001
           1       0.23      0.26      0.25 0.010001468675488595

    accuracy                           1.00 4.9015811938994895
   macro avg       0.62      0.63      0.62 4.9015811938994895
weighted avg       1.00      1.00      1.00 4.9015811938994895


Estimator: XGB
Best params: {'clf__n_estimators': 400, 'clf__max_depth': 6, 'clf__learning_rate': 0.1}
Best training f1: 0.328
Test set metrics for best params:
Normal clasification:
              precision    recall  f1-score   support

          -1       0.99      1.00      1.00     20385
           1       0.73      0.36      0.48       261

    accuracy                           0.99     20646
   macro avg       0.86      0.68      0.74     20646
weighted avg       0.99      0.99      0.99     20646

Weighted clasification:
              precision    recall  f1-score   support

          -1       1.00      1.00      1.00 4.891579725224001
           1       0.30      0.36      0.33 0.010001468675488595

    accuracy                           1.00 4.9015811938994895
   macro avg       0.65      0.68      0.66 4.9015811938994895
weighted avg       1.00      1.00      1.00 4.9015811938994895


Estimator: XGB w/ENN
Best params: {'clf__n_estimators': 900, 'clf__max_depth': 8, 'clf__learning_rate': 0.1}
Best training f1: 0.273
Test set metrics for best params:
Normal clasification:
              precision    recall  f1-score   support

          -1       0.99      1.00      0.99     20385
           1       0.59      0.47      0.53       261

    accuracy                           0.99     20646
   macro avg       0.79      0.73      0.76     20646
weighted avg       0.99      0.99      0.99     20646

Weighted clasification:
              precision    recall  f1-score   support

          -1       1.00      1.00      1.00 4.891579725224001
           1       0.19      0.47      0.27 0.010001468675488595

    accuracy                           0.99 4.9015811938994895
   macro avg       0.59      0.73      0.63 4.9015811938994895
weighted avg       1.00      0.99      1.00 4.9015811938994895


Classifier with best test set f1: XGB

Saved XGB grid search pipeline to file: ./models_w_dn/OTHER_best_gs_pipeline.pkl

--------------------OVA: PUBLIC vs All------------------
Performing model optimizations...

Estimator: Random Forest
Best params: {'clf__n_estimators': 1200, 'clf__min_samples_split': 5, 'clf__min_samples_leaf': 1, 'clf__max_depth': None, 'clf__criterion': 'entropy'}
Best training f1: 0.135
Test set metrics for best params:
Normal clasification:
              precision    recall  f1-score   support

          -1       0.97      1.00      0.99     20038
           1       0.75      0.09      0.15       608

    accuracy                           0.97     20646
   macro avg       0.86      0.54      0.57     20646
weighted avg       0.97      0.97      0.96     20646

Weighted clasification:
              precision    recall  f1-score   support

          -1       1.00      1.00      1.00 4.817940421767353
           1       0.32      0.09      0.14 0.023006342724743344

    accuracy                           0.99 4.840946764492096
   macro avg       0.66      0.54      0.57 4.840946764492096
weighted avg       0.99      0.99      0.99 4.840946764492096


Estimator: Random Forest w/ENN
Best params: {'clf__n_estimators': 400, 'clf__min_samples_split': 5, 'clf__min_samples_leaf': 1, 'clf__max_depth': None, 'clf__criterion': 'entropy'}
Best training f1: 0.172
Test set metrics for best params:
Normal clasification:
              precision    recall  f1-score   support

          -1       0.98      1.00      0.99     20038
           1       0.54      0.17      0.26       608

    accuracy                           0.97     20646
   macro avg       0.76      0.58      0.62     20646
weighted avg       0.96      0.97      0.96     20646

Weighted clasification:
              precision    recall  f1-score   support

          -1       1.00      1.00      1.00 4.817940421767353
           1       0.16      0.17      0.16 0.023006342724743344

    accuracy                           0.99 4.840946764492096
   macro avg       0.58      0.58      0.58 4.840946764492096
weighted avg       0.99      0.99      0.99 4.840946764492096


Estimator: KNN
Best params: {'clf__weights': 'distance', 'clf__n_neighbors': 7, 'clf__metric': 'manhattan'}
Best training f1: 0.162
Test set metrics for best params:
Normal clasification:
              precision    recall  f1-score   support

          -1       0.97      1.00      0.99     20038
           1       0.60      0.12      0.19       608

    accuracy                           0.97     20646
   macro avg       0.79      0.56      0.59     20646
weighted avg       0.96      0.97      0.96     20646

Weighted clasification:
              precision    recall  f1-score   support

          -1       1.00      1.00      1.00 4.817940421767353
           1       0.19      0.12      0.14 0.023006342724743344

    accuracy                           0.99 4.840946764492096
   macro avg       0.59      0.56      0.57 4.840946764492096
weighted avg       0.99      0.99      0.99 4.840946764492096


Estimator: KNN w/ENN
Best params: {'clf__weights': 'distance', 'clf__n_neighbors': 7, 'clf__metric': 'manhattan'}
Best training f1: 0.148
Test set metrics for best params:
Normal clasification:
              precision    recall  f1-score   support

          -1       0.98      0.99      0.98     20038
           1       0.45      0.16      0.24       608

    accuracy                           0.97     20646
   macro avg       0.71      0.58      0.61     20646
weighted avg       0.96      0.97      0.96     20646

Weighted clasification:
              precision    recall  f1-score   support

          -1       1.00      0.99      0.99 4.817940421767353
           1       0.12      0.16      0.14 0.023006342724743344

    accuracy                           0.99 4.840946764492096
   macro avg       0.56      0.58      0.57 4.840946764492096
weighted avg       0.99      0.99      0.99 4.840946764492096


Estimator: XGB
Best params: {'clf__n_estimators': 600, 'clf__max_depth': 8, 'clf__learning_rate': 0.1}
Best training f1: 0.194
Test set metrics for best params:
Normal clasification:
              precision    recall  f1-score   support

          -1       0.97      1.00      0.99     20038
           1       0.62      0.15      0.24       608

    accuracy                           0.97     20646
   macro avg       0.80      0.57      0.61     20646
weighted avg       0.96      0.97      0.96     20646

Weighted clasification:
              precision    recall  f1-score   support

          -1       1.00      1.00      1.00 4.817940421767353
           1       0.21      0.15      0.17 0.023006342724743344

    accuracy                           0.99 4.840946764492096
   macro avg       0.60      0.57      0.58 4.840946764492096
weighted avg       0.99      0.99      0.99 4.840946764492096


Estimator: XGB w/ENN
Best params: {'clf__n_estimators': 400, 'clf__max_depth': 8, 'clf__learning_rate': 0.1}
Best training f1: 0.174
Test set metrics for best params:
Normal clasification:
              precision    recall  f1-score   support

          -1       0.98      0.99      0.98     20038
           1       0.46      0.26      0.33       608

    accuracy                           0.97     20646
   macro avg       0.72      0.63      0.66     20646
weighted avg       0.96      0.97      0.96     20646

Weighted clasification:
              precision    recall  f1-score   support

          -1       1.00      0.99      0.99 4.817940421767353
           1       0.12      0.26      0.16 0.023006342724743344

    accuracy                           0.99 4.840946764492096
   macro avg       0.56      0.63      0.58 4.840946764492096
weighted avg       0.99      0.99      0.99 4.840946764492096


Classifier with best test set f1: XGB

Saved XGB grid search pipeline to file: ./models_w_dn/PUBLIC_best_gs_pipeline.pkl

--------------------OVA: RESIDENTIAL vs All------------------
Performing model optimizations...

Estimator: Random Forest
Best params: {'clf__n_estimators': 100, 'clf__min_samples_split': 2, 'clf__min_samples_leaf': 5, 'clf__max_depth': None, 'clf__criterion': 'entropy'}
Best training f1: 0.458
Test set metrics for best params:
Normal clasification:
              precision    recall  f1-score   support

          -1       0.59      0.76      0.66      2620
           1       0.96      0.92      0.94     18026

    accuracy                           0.90     20646
   macro avg       0.78      0.84      0.80     20646
weighted avg       0.92      0.90      0.91     20646

Weighted clasification:
              precision    recall  f1-score   support

          -1       0.99      0.76      0.86 0.7164835716458504
           1       0.32      0.92      0.47 0.08675106488177468

    accuracy                           0.78 0.8032346365276251
   macro avg       0.65      0.84      0.67 0.8032346365276251
weighted avg       0.92      0.78      0.82 0.8032346365276251


Estimator: Random Forest w/ENN
Best params: {'clf__n_estimators': 900, 'clf__min_samples_split': 5, 'clf__min_samples_leaf': 5, 'clf__max_depth': None, 'clf__criterion': 'entropy'}
Best training f1: 0.491
Test set metrics for best params:
Normal clasification:
              precision    recall  f1-score   support

          -1       0.51      0.80      0.63      2620
           1       0.97      0.89      0.93     18026

    accuracy                           0.88     20646
   macro avg       0.74      0.85      0.78     20646
weighted avg       0.91      0.88      0.89     20646

Weighted clasification:
              precision    recall  f1-score   support

          -1       0.98      0.80      0.88 0.7164835716458504
           1       0.35      0.89      0.50 0.08675106488177468

    accuracy                           0.81 0.8032346365276251
   macro avg       0.67      0.85      0.69 0.8032346365276251
weighted avg       0.92      0.81      0.84 0.8032346365276251


Estimator: KNN
Best params: {'clf__weights': 'uniform', 'clf__n_neighbors': 1, 'clf__metric': 'manhattan'}
Best training f1: 0.355
Test set metrics for best params:
Normal clasification:
              precision    recall  f1-score   support

          -1       0.65      0.58      0.61      2620
           1       0.94      0.95      0.95     18026

    accuracy                           0.91     20646
   macro avg       0.80      0.77      0.78     20646
weighted avg       0.90      0.91      0.90     20646

Weighted clasification:
              precision    recall  f1-score   support

          -1       0.99      0.58      0.73 0.7164835716458504
           1       0.22      0.95      0.35 0.08675106488177468

    accuracy                           0.62 0.8032346365276251
   macro avg       0.60      0.77      0.54 0.8032346365276251
weighted avg       0.91      0.62      0.69 0.8032346365276251


Estimator: KNN w/ENN
Best params: {'clf__weights': 'distance', 'clf__n_neighbors': 1, 'clf__metric': 'manhattan'}
Best training f1: 0.391
Test set metrics for best params:
Normal clasification:
              precision    recall  f1-score   support

          -1       0.56      0.66      0.60      2620
           1       0.95      0.92      0.94     18026

    accuracy                           0.89     20646
   macro avg       0.75      0.79      0.77     20646
weighted avg       0.90      0.89      0.89     20646

Weighted clasification:
              precision    recall  f1-score   support

          -1       0.99      0.66      0.79 0.7164835716458504
           1       0.25      0.92      0.39 0.08675106488177468

    accuracy                           0.69 0.8032346365276251
   macro avg       0.62      0.79      0.59 0.8032346365276251
weighted avg       0.91      0.69      0.75 0.8032346365276251


Estimator: XGB
Best params: {'clf__n_estimators': 1200, 'clf__max_depth': 18, 'clf__learning_rate': 0.5}
Best training f1: 0.375
Test set metrics for best params:
Normal clasification:
              precision    recall  f1-score   support

          -1       0.82      0.61      0.70      2620
           1       0.95      0.98      0.96     18026

    accuracy                           0.93     20646
   macro avg       0.88      0.79      0.83     20646
weighted avg       0.93      0.93      0.93     20646

Weighted clasification:
              precision    recall  f1-score   support

          -1       1.00      0.61      0.76 0.7164835716458504
           1       0.23      0.98      0.38 0.08675106488177468

    accuracy                           0.65 0.8032346365276251
   macro avg       0.61      0.79      0.57 0.8032346365276251
weighted avg       0.91      0.65      0.71 0.8032346365276251


Estimator: XGB w/ENN
Best params: {'clf__n_estimators': 600, 'clf__max_depth': 12, 'clf__learning_rate': 0.4}
Best training f1: 0.425
Test set metrics for best params:
Normal clasification:
              precision    recall  f1-score   support

          -1       0.70      0.69      0.69      2620
           1       0.95      0.96      0.96     18026

    accuracy                           0.92     20646
   macro avg       0.83      0.82      0.82     20646
weighted avg       0.92      0.92      0.92     20646

Weighted clasification:
              precision    recall  f1-score   support

          -1       0.99      0.69      0.81 0.7164835716458504
           1       0.27      0.96      0.42 0.08675106488177468

    accuracy                           0.71 0.8032346365276251
   macro avg       0.63      0.82      0.62 0.8032346365276251
weighted avg       0.91      0.71      0.77 0.8032346365276251


Classifier with best test set f1: Random Forest w/ENN

Saved Random Forest w/ENN grid search pipeline to file: ./models_w_dn/RESIDENTIAL_best_gs_pipeline.pkl

--------------------OVA: RETAIL vs All------------------
Performing model optimizations...

Estimator: Random Forest
Best params: {'clf__n_estimators': 100, 'clf__min_samples_split': 5, 'clf__min_samples_leaf': 1, 'clf__max_depth': None, 'clf__criterion': 'entropy'}
Best training f1: 0.172
Test set metrics for best params:
Normal clasification:
              precision    recall  f1-score   support

          -1       0.98      1.00      0.99     20231
           1       0.89      0.10      0.18       415

    accuracy                           0.98     20646
   macro avg       0.94      0.55      0.58     20646
weighted avg       0.98      0.98      0.97     20646

Weighted clasification:
              precision    recall  f1-score   support

          -1       1.00      1.00      1.00 4.767485084015611
           1       0.60      0.10      0.17 0.017690244850727403

    accuracy                           1.00 4.785175328866338
   macro avg       0.80      0.55      0.58 4.785175328866338
weighted avg       1.00      1.00      1.00 4.785175328866338


Estimator: Random Forest w/ENN
Best params: {'clf__n_estimators': 400, 'clf__min_samples_split': 2, 'clf__min_samples_leaf': 1, 'clf__max_depth': None, 'clf__criterion': 'entropy'}
Best training f1: 0.203
Test set metrics for best params:
Normal clasification:
              precision    recall  f1-score   support

          -1       0.98      1.00      0.99     20231
           1       0.69      0.15      0.24       415

    accuracy                           0.98     20646
   macro avg       0.83      0.57      0.62     20646
weighted avg       0.98      0.98      0.98     20646

Weighted clasification:
              precision    recall  f1-score   support

          -1       1.00      1.00      1.00 4.767485084015611
           1       0.28      0.15      0.19 0.017690244850727403

    accuracy                           1.00 4.785175328866338
   macro avg       0.64      0.57      0.60 4.785175328866338
weighted avg       0.99      1.00      0.99 4.785175328866338


Estimator: KNN
Best params: {'clf__weights': 'distance', 'clf__n_neighbors': 5, 'clf__metric': 'manhattan'}
Best training f1: 0.199
Test set metrics for best params:
Normal clasification:
              precision    recall  f1-score   support

          -1       0.98      1.00      0.99     20231
           1       0.59      0.16      0.25       415

    accuracy                           0.98     20646
   macro avg       0.79      0.58      0.62     20646
weighted avg       0.98      0.98      0.98     20646

Weighted clasification:
              precision    recall  f1-score   support

          -1       1.00      1.00      1.00 4.767485084015611
           1       0.21      0.16      0.18 0.017690244850727403

    accuracy                           0.99 4.785175328866338
   macro avg       0.60      0.58      0.59 4.785175328866338
weighted avg       0.99      0.99      0.99 4.785175328866338


Estimator: KNN w/ENN
Best params: {'clf__weights': 'distance', 'clf__n_neighbors': 11, 'clf__metric': 'manhattan'}
Best training f1: 0.202
Test set metrics for best params:
Normal clasification:
              precision    recall  f1-score   support

          -1       0.98      1.00      0.99     20231
           1       0.66      0.14      0.23       415

    accuracy                           0.98     20646
   macro avg       0.82      0.57      0.61     20646
weighted avg       0.98      0.98      0.98     20646

Weighted clasification:
              precision    recall  f1-score   support

          -1       1.00      1.00      1.00 4.767485084015611
           1       0.26      0.14      0.18 0.017690244850727403

    accuracy                           1.00 4.785175328866338
   macro avg       0.63      0.57      0.59 4.785175328866338
weighted avg       0.99      1.00      0.99 4.785175328866338


Estimator: XGB
Best params: {'clf__n_estimators': 900, 'clf__max_depth': 18, 'clf__learning_rate': 0.1}
Best training f1: 0.202
Test set metrics for best params:
Normal clasification:
              precision    recall  f1-score   support

          -1       0.98      1.00      0.99     20231
           1       0.73      0.14      0.24       415

    accuracy                           0.98     20646
   macro avg       0.86      0.57      0.61     20646
weighted avg       0.98      0.98      0.98     20646

Weighted clasification:
              precision    recall  f1-score   support

          -1       1.00      1.00      1.00 4.767485084015611
           1       0.33      0.14      0.20 0.017690244850727403

    accuracy                           1.00 4.785175328866338
   macro avg       0.66      0.57      0.60 4.785175328866338
weighted avg       0.99      1.00      0.99 4.785175328866338


Estimator: XGB w/ENN
Best params: {'clf__n_estimators': 400, 'clf__max_depth': 12, 'clf__learning_rate': 0.15}
Best training f1: 0.194
Test set metrics for best params:
Normal clasification:
              precision    recall  f1-score   support

          -1       0.98      1.00      0.99     20231
           1       0.56      0.18      0.27       415

    accuracy                           0.98     20646
   macro avg       0.77      0.59      0.63     20646
weighted avg       0.97      0.98      0.98     20646

Weighted clasification:
              precision    recall  f1-score   support

          -1       1.00      1.00      1.00 4.767485084015611
           1       0.19      0.18      0.18 0.017690244850727403

    accuracy                           0.99 4.785175328866338
   macro avg       0.59      0.59      0.59 4.785175328866338
weighted avg       0.99      0.99      0.99 4.785175328866338


Classifier with best test set f1: XGB

Saved XGB grid search pipeline to file: ./models_w_dn/RETAIL_best_gs_pipeline.pkl
