
--------------------OVA: AGRICULTURE vs All------------------
Performing model optimizations...

Estimator: Random Forest
Best params: {'clf__n_estimators': 400, 'clf__min_samples_split': 5, 'clf__min_samples_leaf': 1, 'clf__max_depth': None, 'clf__criterion': 'gini'}
Best training f1: 0.717
Test set metrics for best params:
Normal clasification:
              precision    recall  f1-score   support

          -1       1.00      1.00      1.00     20577
           1       0.87      0.49      0.63        69

    accuracy                           1.00     20646
   macro avg       0.94      0.75      0.81     20646
weighted avg       1.00      1.00      1.00     20646

Weighted clasification:
              precision    recall  f1-score   support

          -1       0.66      1.00      0.79 0.19998639349996003
           1       1.00      0.49      0.66 0.20414201183431924

    accuracy                           0.74 0.4041284053342793
   macro avg       0.83      0.75      0.73 0.4041284053342793
weighted avg       0.83      0.74      0.73 0.4041284053342793


Estimator: Random Forest w/ENN
Best params: {'clf__n_estimators': 100, 'clf__min_samples_split': 8, 'clf__min_samples_leaf': 3, 'clf__max_depth': None, 'clf__criterion': 'gini'}
Best training f1: 0.731
Test set metrics for best params:
Normal clasification:
              precision    recall  f1-score   support

          -1       1.00      1.00      1.00     20577
           1       0.77      0.49      0.60        69

    accuracy                           1.00     20646
   macro avg       0.89      0.75      0.80     20646
weighted avg       1.00      1.00      1.00     20646

Weighted clasification:
              precision    recall  f1-score   support

          -1       0.66      1.00      0.79 0.19998639349996003
           1       1.00      0.49      0.66 0.20414201183431924

    accuracy                           0.74 0.4041284053342793
   macro avg       0.83      0.75      0.73 0.4041284053342793
weighted avg       0.83      0.74      0.73 0.4041284053342793


Estimator: KNN
Best params: {'clf__weights': 'uniform', 'clf__n_neighbors': 1, 'clf__metric': 'manhattan'}
Best training f1: 0.790
Test set metrics for best params:
Normal clasification:
              precision    recall  f1-score   support

          -1       1.00      1.00      1.00     20577
           1       0.71      0.54      0.61        69

    accuracy                           1.00     20646
   macro avg       0.85      0.77      0.81     20646
weighted avg       1.00      1.00      1.00     20646

Weighted clasification:
              precision    recall  f1-score   support

          -1       0.68      1.00      0.81 0.19998639349996003
           1       1.00      0.54      0.70 0.20414201183431924

    accuracy                           0.77 0.4041284053342793
   macro avg       0.84      0.77      0.75 0.4041284053342793
weighted avg       0.84      0.77      0.75 0.4041284053342793


Estimator: KNN w/ENN
Best params: {'clf__weights': 'uniform', 'clf__n_neighbors': 1, 'clf__metric': 'manhattan'}
Best training f1: 0.851
Test set metrics for best params:
Normal clasification:
              precision    recall  f1-score   support

          -1       1.00      1.00      1.00     20577
           1       0.63      0.71      0.67        69

    accuracy                           1.00     20646
   macro avg       0.81      0.85      0.83     20646
weighted avg       1.00      1.00      1.00     20646

Weighted clasification:
              precision    recall  f1-score   support

          -1       0.77      1.00      0.87 0.19998639349996003
           1       1.00      0.71      0.83 0.20414201183431924

    accuracy                           0.85 0.4041284053342793
   macro avg       0.88      0.85      0.85 0.4041284053342793
weighted avg       0.89      0.85      0.85 0.4041284053342793


Estimator: XGB
Best params: {'clf__n_estimators': 1200, 'clf__max_depth': 12, 'clf__learning_rate': 0.5}
Best training f1: 0.765
Test set metrics for best params:
Normal clasification:
              precision    recall  f1-score   support

          -1       1.00      1.00      1.00     20577
           1       0.84      0.61      0.71        69

    accuracy                           1.00     20646
   macro avg       0.92      0.80      0.85     20646
weighted avg       1.00      1.00      1.00     20646

Weighted clasification:
              precision    recall  f1-score   support

          -1       0.71      1.00      0.83 0.19998639349996003
           1       1.00      0.61      0.76 0.20414201183431924

    accuracy                           0.80 0.4041284053342793
   macro avg       0.86      0.80      0.79 0.4041284053342793
weighted avg       0.86      0.80      0.79 0.4041284053342793


Estimator: XGB w/ENN
Best params: {'clf__n_estimators': 900, 'clf__max_depth': 8, 'clf__learning_rate': 0.5}
Best training f1: 0.835
Test set metrics for best params:
Normal clasification:
              precision    recall  f1-score   support

          -1       1.00      1.00      1.00     20577
           1       0.76      0.74      0.75        69

    accuracy                           1.00     20646
   macro avg       0.88      0.87      0.87     20646
weighted avg       1.00      1.00      1.00     20646

Weighted clasification:
              precision    recall  f1-score   support

          -1       0.79      1.00      0.88 0.19998639349996003
           1       1.00      0.74      0.85 0.20414201183431924

    accuracy                           0.87 0.4041284053342793
   macro avg       0.89      0.87      0.87 0.4041284053342793
weighted avg       0.90      0.87      0.87 0.4041284053342793


Classifier with best test set f1: XGB w/ENN

Saved XGB w/ENN grid search pipeline to file: ./models_nw_newd/AGRICULTURE_best_gs_pipeline.pkl

--------------------OVA: INDUSTRIAL vs All------------------
Performing model optimizations...

Estimator: Random Forest
Best params: {'clf__n_estimators': 1200, 'clf__min_samples_split': 5, 'clf__min_samples_leaf': 1, 'clf__max_depth': None, 'clf__criterion': 'entropy'}
Best training f1: 0.756
Test set metrics for best params:
Normal clasification:
              precision    recall  f1-score   support

          -1       0.98      0.99      0.99     19726
           1       0.83      0.58      0.68       920

    accuracy                           0.98     20646
   macro avg       0.91      0.79      0.83     20646
weighted avg       0.97      0.98      0.97     20646

Weighted clasification:
              precision    recall  f1-score   support

          -1       0.70      0.99      0.82 0.19977719262702967
           1       0.99      0.58      0.73 0.20489977728284828

    accuracy                           0.78 0.40467696990987795
   macro avg       0.84      0.79      0.77 0.40467696990987795
weighted avg       0.85      0.78      0.77 0.40467696990987795


Estimator: Random Forest w/ENN
Best params: {'clf__n_estimators': 900, 'clf__min_samples_split': 5, 'clf__min_samples_leaf': 1, 'clf__max_depth': None, 'clf__criterion': 'entropy'}
Best training f1: 0.809
Test set metrics for best params:
Normal clasification:
              precision    recall  f1-score   support

          -1       0.98      0.99      0.99     19726
           1       0.74      0.67      0.70       920

    accuracy                           0.97     20646
   macro avg       0.86      0.83      0.85     20646
weighted avg       0.97      0.97      0.97     20646

Weighted clasification:
              precision    recall  f1-score   support

          -1       0.75      0.99      0.85 0.19977719262702967
           1       0.98      0.67      0.80 0.20489977728284828

    accuracy                           0.83 0.40467696990987795
   macro avg       0.87      0.83      0.83 0.40467696990987795
weighted avg       0.87      0.83      0.83 0.40467696990987795


Estimator: KNN
Best params: {'clf__weights': 'distance', 'clf__n_neighbors': 1, 'clf__metric': 'manhattan'}
Best training f1: 0.774
Test set metrics for best params:
Normal clasification:
              precision    recall  f1-score   support

          -1       0.98      0.98      0.98     19726
           1       0.65      0.62      0.63       920

    accuracy                           0.97     20646
   macro avg       0.82      0.80      0.81     20646
weighted avg       0.97      0.97      0.97     20646

Weighted clasification:
              precision    recall  f1-score   support

          -1       0.71      0.98      0.83 0.19977719262702967
           1       0.98      0.62      0.76 0.20489977728284828

    accuracy                           0.80 0.40467696990987795
   macro avg       0.85      0.80      0.79 0.40467696990987795
weighted avg       0.85      0.80      0.79 0.40467696990987795


Estimator: KNN w/ENN
Best params: {'clf__weights': 'uniform', 'clf__n_neighbors': 1, 'clf__metric': 'manhattan'}
Best training f1: 0.821
Test set metrics for best params:
Normal clasification:
              precision    recall  f1-score   support

          -1       0.99      0.98      0.98     19726
           1       0.57      0.71      0.63       920

    accuracy                           0.96     20646
   macro avg       0.78      0.84      0.81     20646
weighted avg       0.97      0.96      0.97     20646

Weighted clasification:
              precision    recall  f1-score   support

          -1       0.77      0.98      0.86 0.19977719262702967
           1       0.97      0.71      0.82 0.20489977728284828

    accuracy                           0.84 0.40467696990987795
   macro avg       0.87      0.84      0.84 0.40467696990987795
weighted avg       0.87      0.84      0.84 0.40467696990987795


Estimator: XGB
Best params: {'clf__n_estimators': 1200, 'clf__max_depth': 12, 'clf__learning_rate': 0.3}
Best training f1: 0.773
Test set metrics for best params:
Normal clasification:
              precision    recall  f1-score   support

          -1       0.98      0.99      0.99     19726
           1       0.81      0.61      0.69       920

    accuracy                           0.98     20646
   macro avg       0.90      0.80      0.84     20646
weighted avg       0.97      0.98      0.97     20646

Weighted clasification:
              precision    recall  f1-score   support

          -1       0.71      0.99      0.83 0.19977719262702967
           1       0.99      0.61      0.75 0.20489977728284828

    accuracy                           0.80 0.40467696990987795
   macro avg       0.85      0.80      0.79 0.40467696990987795
weighted avg       0.85      0.80      0.79 0.40467696990987795


Estimator: XGB w/ENN
Best params: {'clf__n_estimators': 1200, 'clf__max_depth': 18, 'clf__learning_rate': 0.1}
Best training f1: 0.827
Test set metrics for best params:
Normal clasification:
              precision    recall  f1-score   support

          -1       0.99      0.99      0.99     19726
           1       0.71      0.70      0.70       920

    accuracy                           0.97     20646
   macro avg       0.85      0.84      0.85     20646
weighted avg       0.97      0.97      0.97     20646

Weighted clasification:
              precision    recall  f1-score   support

          -1       0.76      0.99      0.86 0.19977719262702967
           1       0.98      0.70      0.82 0.20489977728284828

    accuracy                           0.84 0.40467696990987795
   macro avg       0.87      0.84      0.84 0.40467696990987795
weighted avg       0.87      0.84      0.84 0.40467696990987795


Classifier with best test set f1: XGB w/ENN

Saved XGB w/ENN grid search pipeline to file: ./models_nw_newd/INDUSTRIAL_best_gs_pipeline.pkl

--------------------OVA: OFFICE vs All------------------
Performing model optimizations...

Estimator: Random Forest
Best params: {'clf__n_estimators': 900, 'clf__min_samples_split': 2, 'clf__min_samples_leaf': 1, 'clf__max_depth': None, 'clf__criterion': 'gini'}
Best training f1: 0.390
Test set metrics for best params:
Normal clasification:
              precision    recall  f1-score   support

          -1       0.98      1.00      0.99     20299
           1       0.63      0.08      0.14       347

    accuracy                           0.98     20646
   macro avg       0.81      0.54      0.57     20646
weighted avg       0.98      0.98      0.98     20646

Weighted clasification:
              precision    recall  f1-score   support

          -1       0.53      1.00      0.70 0.20018342833484953
           1       0.99      0.08      0.14 0.18982494529540436

    accuracy                           0.55 0.39000837363025387
   macro avg       0.76      0.54      0.42 0.39000837363025387
weighted avg       0.76      0.55      0.43 0.39000837363025387


Estimator: Random Forest w/ENN
Best params: {'clf__n_estimators': 400, 'clf__min_samples_split': 2, 'clf__min_samples_leaf': 1, 'clf__max_depth': None, 'clf__criterion': 'gini'}
Best training f1: 0.479
Test set metrics for best params:
Normal clasification:
              precision    recall  f1-score   support

          -1       0.99      1.00      0.99     20299
           1       0.41      0.15      0.22       347

    accuracy                           0.98     20646
   macro avg       0.70      0.57      0.61     20646
weighted avg       0.98      0.98      0.98     20646

Weighted clasification:
              precision    recall  f1-score   support

          -1       0.55      1.00      0.71 0.20018342833484953
           1       0.97      0.15      0.26 0.18982494529540436

    accuracy                           0.58 0.39000837363025387
   macro avg       0.76      0.57      0.49 0.39000837363025387
weighted avg       0.76      0.58      0.49 0.39000837363025387


Estimator: KNN
Best params: {'clf__weights': 'distance', 'clf__n_neighbors': 1, 'clf__metric': 'manhattan'}
Best training f1: 0.548
Test set metrics for best params:
Normal clasification:
              precision    recall  f1-score   support

          -1       0.99      0.99      0.99     20299
           1       0.23      0.22      0.23       347

    accuracy                           0.97     20646
   macro avg       0.61      0.61      0.61     20646
weighted avg       0.97      0.97      0.97     20646

Weighted clasification:
              precision    recall  f1-score   support

          -1       0.57      0.99      0.73 0.20018342833484953
           1       0.94      0.22      0.36 0.18982494529540436

    accuracy                           0.62 0.39000837363025387
   macro avg       0.76      0.61      0.54 0.39000837363025387
weighted avg       0.75      0.62      0.55 0.39000837363025387


Estimator: KNN w/ENN
Best params: {'clf__weights': 'distance', 'clf__n_neighbors': 1, 'clf__metric': 'manhattan'}
Best training f1: 0.629
Test set metrics for best params:
Normal clasification:
              precision    recall  f1-score   support

          -1       0.99      0.98      0.98     20299
           1       0.19      0.31      0.24       347

    accuracy                           0.97     20646
   macro avg       0.59      0.64      0.61     20646
weighted avg       0.97      0.97      0.97     20646

Weighted clasification:
              precision    recall  f1-score   support

          -1       0.60      0.98      0.74 0.20018342833484953
           1       0.93      0.31      0.46 0.18982494529540433

    accuracy                           0.65 0.39000837363025387
   macro avg       0.76      0.64      0.60 0.39000837363025387
weighted avg       0.76      0.65      0.61 0.39000837363025387


Estimator: XGB
Best params: {'clf__n_estimators': 1200, 'clf__max_depth': 8, 'clf__learning_rate': 0.4}
Best training f1: 0.447
Test set metrics for best params:
Normal clasification:
              precision    recall  f1-score   support

          -1       0.99      1.00      0.99     20299
           1       0.38      0.11      0.17       347

    accuracy                           0.98     20646
   macro avg       0.68      0.55      0.58     20646
weighted avg       0.97      0.98      0.98     20646

Weighted clasification:
              precision    recall  f1-score   support

          -1       0.54      1.00      0.70 0.20018342833484953
           1       0.97      0.11      0.20 0.18982494529540436

    accuracy                           0.57 0.39000837363025387
   macro avg       0.76      0.55      0.45 0.39000837363025387
weighted avg       0.75      0.57      0.46 0.39000837363025387


Estimator: XGB w/ENN
Best params: {'clf__n_estimators': 600, 'clf__max_depth': 18, 'clf__learning_rate': 0.5}
Best training f1: 0.547
Test set metrics for best params:
Normal clasification:
              precision    recall  f1-score   support

          -1       0.99      0.99      0.99     20299
           1       0.36      0.21      0.27       347

    accuracy                           0.98     20646
   macro avg       0.67      0.60      0.63     20646
weighted avg       0.98      0.98      0.98     20646

Weighted clasification:
              precision    recall  f1-score   support

          -1       0.57      0.99      0.73 0.20018342833484953
           1       0.97      0.21      0.35 0.18982494529540436

    accuracy                           0.61 0.39000837363025387
   macro avg       0.77      0.60      0.54 0.39000837363025387
weighted avg       0.76      0.61      0.54 0.39000837363025387


Classifier with best test set f1: KNN w/ENN

Saved KNN w/ENN grid search pipeline to file: ./models_nw_newd/OFFICE_best_gs_pipeline.pkl

--------------------OVA: OTHER vs All------------------
Performing model optimizations...

Estimator: Random Forest
Best params: {'clf__n_estimators': 100, 'clf__min_samples_split': 2, 'clf__min_samples_leaf': 1, 'clf__max_depth': None, 'clf__criterion': 'entropy'}
Best training f1: 0.537
Test set metrics for best params:
Normal clasification:
              precision    recall  f1-score   support

          -1       0.99      1.00      0.99     20385
           1       0.79      0.26      0.40       261

    accuracy                           0.99     20646
   macro avg       0.89      0.63      0.70     20646
weighted avg       0.99      0.99      0.99     20646

Weighted clasification:
              precision    recall  f1-score   support

          -1       0.58      1.00      0.73 0.20005299417057276
           1       1.00      0.26      0.42 0.1959459459459466

    accuracy                           0.64 0.39599894011651937
   macro avg       0.79      0.63      0.58 0.39599894011651937
weighted avg       0.79      0.64      0.58 0.39599894011651937


Estimator: Random Forest w/ENN
Best params: {'clf__n_estimators': 600, 'clf__min_samples_split': 5, 'clf__min_samples_leaf': 1, 'clf__max_depth': None, 'clf__criterion': 'entropy'}
Best training f1: 0.613
Test set metrics for best params:
Normal clasification:
              precision    recall  f1-score   support

          -1       0.99      1.00      0.99     20385
           1       0.71      0.33      0.45       261

    accuracy                           0.99     20646
   macro avg       0.85      0.66      0.72     20646
weighted avg       0.99      0.99      0.99     20646

Weighted clasification:
              precision    recall  f1-score   support

          -1       0.60      1.00      0.75 0.20005299417057276
           1       0.99      0.33      0.50 0.1959459459459466

    accuracy                           0.67 0.39599894011651937
   macro avg       0.80      0.66      0.62 0.39599894011651937
weighted avg       0.80      0.67      0.62 0.39599894011651937


Estimator: KNN
Best params: {'clf__weights': 'uniform', 'clf__n_neighbors': 1, 'clf__metric': 'manhattan'}
Best training f1: 0.653
Test set metrics for best params:
Normal clasification:
              precision    recall  f1-score   support

          -1       0.99      1.00      0.99     20385
           1       0.52      0.39      0.45       261

    accuracy                           0.99     20646
   macro avg       0.76      0.69      0.72     20646
weighted avg       0.99      0.99      0.99     20646

Weighted clasification:
              precision    recall  f1-score   support

          -1       0.63      1.00      0.77 0.20005299417057276
           1       0.99      0.39      0.56 0.1959459459459466

    accuracy                           0.70 0.39599894011651937
   macro avg       0.81      0.69      0.67 0.39599894011651937
weighted avg       0.81      0.70      0.67 0.39599894011651937


Estimator: KNN w/ENN
Best params: {'clf__weights': 'uniform', 'clf__n_neighbors': 1, 'clf__metric': 'manhattan'}
Best training f1: 0.689
Test set metrics for best params:
Normal clasification:
              precision    recall  f1-score   support

          -1       0.99      0.99      0.99     20385
           1       0.44      0.46      0.45       261

    accuracy                           0.99     20646
   macro avg       0.72      0.72      0.72     20646
weighted avg       0.99      0.99      0.99     20646

Weighted clasification:
              precision    recall  f1-score   support

          -1       0.65      0.99      0.79 0.20005299417057276
           1       0.98      0.46      0.62 0.1959459459459466

    accuracy                           0.73 0.39599894011651937
   macro avg       0.82      0.72      0.70 0.39599894011651937
weighted avg       0.82      0.73      0.71 0.39599894011651937


Estimator: XGB
Best params: {'clf__n_estimators': 1200, 'clf__max_depth': 6, 'clf__learning_rate': 0.4}
Best training f1: 0.653
Test set metrics for best params:
Normal clasification:
              precision    recall  f1-score   support

          -1       0.99      1.00      1.00     20385
           1       0.69      0.39      0.50       261

    accuracy                           0.99     20646
   macro avg       0.84      0.70      0.75     20646
weighted avg       0.99      0.99      0.99     20646

Weighted clasification:
              precision    recall  f1-score   support

          -1       0.63      1.00      0.77 0.20005299417057276
           1       0.99      0.39      0.57 0.1959459459459466

    accuracy                           0.70 0.39599894011651937
   macro avg       0.81      0.70      0.67 0.39599894011651937
weighted avg       0.81      0.70      0.67 0.39599894011651937


Estimator: XGB w/ENN
Best params: {'clf__n_estimators': 900, 'clf__max_depth': 6, 'clf__learning_rate': 0.15}
Best training f1: 0.712
Test set metrics for best params:
Normal clasification:
              precision    recall  f1-score   support

          -1       0.99      1.00      0.99     20385
           1       0.61      0.48      0.54       261

    accuracy                           0.99     20646
   macro avg       0.80      0.74      0.77     20646
weighted avg       0.99      0.99      0.99     20646

Weighted clasification:
              precision    recall  f1-score   support

          -1       0.66      1.00      0.79 0.20005299417057276
           1       0.99      0.48      0.65 0.1959459459459466

    accuracy                           0.74 0.39599894011651937
   macro avg       0.83      0.74      0.72 0.39599894011651937
weighted avg       0.82      0.74      0.72 0.39599894011651937


Classifier with best test set f1: XGB w/ENN

Saved XGB w/ENN grid search pipeline to file: ./models_nw_newd/OTHER_best_gs_pipeline.pkl

--------------------OVA: PUBLIC vs All------------------
Performing model optimizations...

Estimator: Random Forest
