
--------------------OVA: AGRICULTURE vs All------------------
Performing model optimizations...

Estimator: Random Forest
Best params: {'clf__n_estimators': 400, 'clf__min_samples_split': 5, 'clf__min_samples_leaf': 1, 'clf__max_depth': None, 'clf__criterion': 'entropy'}
Best training f1: 0.660
Test set metrics for best params:
Normal clasification:
              precision    recall  f1-score   support

          -1       1.00      1.00      1.00     20577
           1       0.80      0.57      0.66        69

    accuracy                           1.00     20646
   macro avg       0.90      0.78      0.83     20646
weighted avg       1.00      1.00      1.00     20646

Weighted clasification:
              precision    recall  f1-score   support

          -1       1.00      1.00      1.00 4.437639527659717
           1       0.53      0.57      0.55 0.0043207374983643045

    accuracy                           1.00 4.441960265158081
   macro avg       0.77      0.78      0.77 4.441960265158081
weighted avg       1.00      1.00      1.00 4.441960265158081

Weighted clasification factor:
              precision    recall  f1-score   support

          -1       1.00      1.00      1.00 458097.5284404593
           1       0.53      0.57      0.55 446.02973195614675

    accuracy                           1.00 458543.5581724154
   macro avg       0.77      0.78      0.77 458543.5581724154
weighted avg       1.00      1.00      1.00 458543.5581724154


Estimator: Random Forest w/ENN
Best params: {'clf__n_estimators': 600, 'clf__min_samples_split': 5, 'clf__min_samples_leaf': 1, 'clf__max_depth': None, 'clf__criterion': 'gini'}
Best training f1: 0.697
Test set metrics for best params:
Normal clasification:
              precision    recall  f1-score   support

          -1       1.00      1.00      1.00     20577
           1       0.74      0.70      0.72        69

    accuracy                           1.00     20646
   macro avg       0.87      0.85      0.86     20646
weighted avg       1.00      1.00      1.00     20646

Weighted clasification:
              precision    recall  f1-score   support

          -1       1.00      1.00      1.00 4.437639527659717
           1       0.45      0.70      0.55 0.0043207374983643045

    accuracy                           1.00 4.441960265158081
   macro avg       0.73      0.85      0.77 4.441960265158081
weighted avg       1.00      1.00      1.00 4.441960265158081

Weighted clasification factor:
              precision    recall  f1-score   support

          -1       1.00      1.00      1.00 458097.5284404593
           1       0.45      0.70      0.55 446.02973195614675

    accuracy                           1.00 458543.5581724154
   macro avg       0.73      0.85      0.77 458543.5581724154
weighted avg       1.00      1.00      1.00 458543.5581724154


Estimator: KNN
Best params: {'clf__weights': 'distance', 'clf__n_neighbors': 3, 'clf__metric': 'minkowski'}
Best training f1: 0.647
Test set metrics for best params:
Normal clasification:
              precision    recall  f1-score   support

          -1       1.00      1.00      1.00     20577
           1       0.72      0.52      0.61        69

    accuracy                           1.00     20646
   macro avg       0.86      0.76      0.80     20646
weighted avg       1.00      1.00      1.00     20646

Weighted clasification:
              precision    recall  f1-score   support

          -1       1.00      1.00      1.00 4.437639527659717
           1       0.43      0.52      0.47 0.0043207374983643045

    accuracy                           1.00 4.441960265158081
   macro avg       0.71      0.76      0.73 4.441960265158081
weighted avg       1.00      1.00      1.00 4.441960265158081

Weighted clasification factor:
              precision    recall  f1-score   support

          -1       1.00      1.00      1.00 458097.5284404593
           1       0.43      0.52      0.47 446.02973195614675

    accuracy                           1.00 458543.5581724154
   macro avg       0.71      0.76      0.73 458543.5581724154
weighted avg       1.00      1.00      1.00 458543.5581724154


Estimator: KNN w/ENN
Best params: {'clf__weights': 'distance', 'clf__n_neighbors': 3, 'clf__metric': 'minkowski'}
Best training f1: 0.685
Test set metrics for best params:
Normal clasification:
              precision    recall  f1-score   support

          -1       1.00      1.00      1.00     20577
           1       0.69      0.72      0.71        69

    accuracy                           1.00     20646
   macro avg       0.85      0.86      0.85     20646
weighted avg       1.00      1.00      1.00     20646

Weighted clasification:
              precision    recall  f1-score   support

          -1       1.00      1.00      1.00 4.437639527659717
           1       0.40      0.72      0.51 0.0043207374983643045

    accuracy                           1.00 4.441960265158081
   macro avg       0.70      0.86      0.76 4.441960265158081
weighted avg       1.00      1.00      1.00 4.441960265158081

Weighted clasification factor:
              precision    recall  f1-score   support

          -1       1.00      1.00      1.00 458097.5284404593
           1       0.40      0.72      0.51 446.02973195614675

    accuracy                           1.00 458543.5581724154
   macro avg       0.70      0.86      0.76 458543.5581724154
weighted avg       1.00      1.00      1.00 458543.5581724154


Estimator: XGB
Best params: {'clf__n_estimators': 400, 'clf__max_depth': 8, 'clf__learning_rate': 0.15}
Best training f1: 0.682
Test set metrics for best params:
Normal clasification:
              precision    recall  f1-score   support

          -1       1.00      1.00      1.00     20577
           1       0.77      0.58      0.66        69

    accuracy                           1.00     20646
   macro avg       0.88      0.79      0.83     20646
weighted avg       1.00      1.00      1.00     20646

Weighted clasification:
              precision    recall  f1-score   support

          -1       1.00      1.00      1.00 4.437639527659717
           1       0.49      0.58      0.53 0.0043207374983643045

    accuracy                           1.00 4.441960265158081
   macro avg       0.75      0.79      0.77 4.441960265158081
weighted avg       1.00      1.00      1.00 4.441960265158081

Weighted clasification factor:
              precision    recall  f1-score   support

          -1       1.00      1.00      1.00 458097.5284404593
           1       0.49      0.58      0.53 446.02973195614675

    accuracy                           1.00 458543.5581724154
   macro avg       0.75      0.79      0.77 458543.5581724154
weighted avg       1.00      1.00      1.00 458543.5581724154


Estimator: XGB w/ENN
Best params: {'clf__n_estimators': 900, 'clf__max_depth': 18, 'clf__learning_rate': 0.15}
Best training f1: 0.704
Test set metrics for best params:
Normal clasification:
              precision    recall  f1-score   support

          -1       1.00      1.00      1.00     20577
           1       0.68      0.77      0.72        69

    accuracy                           1.00     20646
   macro avg       0.84      0.88      0.86     20646
weighted avg       1.00      1.00      1.00     20646

Weighted clasification:
              precision    recall  f1-score   support

          -1       1.00      1.00      1.00 4.437639527659717
           1       0.38      0.77      0.51 0.0043207374983643045

    accuracy                           1.00 4.441960265158081
   macro avg       0.69      0.88      0.75 4.441960265158081
weighted avg       1.00      1.00      1.00 4.441960265158081

Weighted clasification factor:
              precision    recall  f1-score   support

          -1       1.00      1.00      1.00 458097.5284404593
           1       0.38      0.77      0.51 446.02973195614675

    accuracy                           1.00 458543.5581724154
   macro avg       0.69      0.88      0.75 458543.5581724154
weighted avg       1.00      1.00      1.00 458543.5581724154


Classifier with best test set f1: XGB w/ENN

Saved XGB w/ENN grid search pipeline to file: ./models_nw_dg/AGRICULTURE_best_gs_pipeline.pkl

--------------------OVA: INDUSTRIAL vs All------------------
Performing model optimizations...

Estimator: Random Forest
Best params: {'clf__n_estimators': 100, 'clf__min_samples_split': 5, 'clf__min_samples_leaf': 1, 'clf__max_depth': None, 'clf__criterion': 'gini'}
Best training f1: 0.651
Test set metrics for best params:
Normal clasification:
              precision    recall  f1-score   support

          -1       0.98      0.99      0.99     19726
           1       0.83      0.56      0.67       920

    accuracy                           0.98     20646
   macro avg       0.90      0.78      0.83     20646
weighted avg       0.97      0.98      0.97     20646

Weighted clasification:
              precision    recall  f1-score   support

          -1       1.00      0.99      1.00 4.572596809117645
           1       0.49      0.56      0.52 0.04275606837131091

    accuracy                           0.99 4.615352877488956
   macro avg       0.74      0.78      0.76 4.615352877488956
weighted avg       0.99      0.99      0.99 4.615352877488956

Weighted clasification factor:
              precision    recall  f1-score   support

          -1       1.00      0.99      1.00 472029.16860499367
           1       0.49      0.56      0.52 4413.708937970392

    accuracy                           0.99 476442.87754296407
   macro avg       0.74      0.78      0.76 476442.87754296407
weighted avg       0.99      0.99      0.99 476442.87754296407


Estimator: Random Forest w/ENN
Best params: {'clf__n_estimators': 1200, 'clf__min_samples_split': 2, 'clf__min_samples_leaf': 1, 'clf__max_depth': None, 'clf__criterion': 'entropy'}
Best training f1: 0.667
Test set metrics for best params:
Normal clasification:
              precision    recall  f1-score   support

          -1       0.98      0.99      0.99     19726
           1       0.73      0.66      0.69       920

    accuracy                           0.97     20646
   macro avg       0.86      0.83      0.84     20646
weighted avg       0.97      0.97      0.97     20646

Weighted clasification:
              precision    recall  f1-score   support

          -1       1.00      0.99      0.99 4.572596809117645
           1       0.35      0.66      0.46 0.04275606837131091

    accuracy                           0.99 4.615352877488956
   macro avg       0.67      0.83      0.72 4.615352877488956
weighted avg       0.99      0.99      0.99 4.615352877488956

Weighted clasification factor:
              precision    recall  f1-score   support

          -1       1.00      0.99      0.99 472029.16860499367
           1       0.35      0.66      0.46 4413.708937970392

    accuracy                           0.99 476442.87754296407
   macro avg       0.67      0.83      0.72 476442.87754296407
weighted avg       0.99      0.99      0.99 476442.87754296407


Estimator: KNN
Best params: {'clf__weights': 'distance', 'clf__n_neighbors': 5, 'clf__metric': 'manhattan'}
Best training f1: 0.632
Test set metrics for best params:
Normal clasification:
              precision    recall  f1-score   support

          -1       0.98      0.99      0.99     19726
           1       0.77      0.56      0.65       920

    accuracy                           0.97     20646
   macro avg       0.88      0.78      0.82     20646
weighted avg       0.97      0.97      0.97     20646

Weighted clasification:
              precision    recall  f1-score   support

          -1       1.00      0.99      0.99 4.572596809117645
           1       0.40      0.56      0.47 0.04275606837131091

    accuracy                           0.99 4.615352877488956
   macro avg       0.70      0.78      0.73 4.615352877488956
weighted avg       0.99      0.99      0.99 4.615352877488956

Weighted clasification factor:
              precision    recall  f1-score   support

          -1       1.00      0.99      0.99 472029.16860499367
           1       0.40      0.56      0.47 4413.708937970392

    accuracy                           0.99 476442.87754296407
   macro avg       0.70      0.78      0.73 476442.87754296407
weighted avg       0.99      0.99      0.99 476442.87754296407


Estimator: KNN w/ENN
Best params: {'clf__weights': 'distance', 'clf__n_neighbors': 7, 'clf__metric': 'manhattan'}
Best training f1: 0.640
Test set metrics for best params:
Normal clasification:
              precision    recall  f1-score   support

          -1       0.98      0.99      0.99     19726
           1       0.72      0.62      0.66       920

    accuracy                           0.97     20646
   macro avg       0.85      0.80      0.83     20646
weighted avg       0.97      0.97      0.97     20646

Weighted clasification:
              precision    recall  f1-score   support

          -1       1.00      0.99      0.99 4.572596809117645
           1       0.34      0.62      0.44 0.04275606837131091

    accuracy                           0.99 4.615352877488956
   macro avg       0.67      0.80      0.71 4.615352877488956
weighted avg       0.99      0.99      0.99 4.615352877488956

Weighted clasification factor:
              precision    recall  f1-score   support

          -1       1.00      0.99      0.99 472029.16860499367
           1       0.34      0.62      0.44 4413.708937970392

    accuracy                           0.99 476442.87754296407
   macro avg       0.67      0.80      0.71 476442.87754296407
weighted avg       0.99      0.99      0.99 476442.87754296407


Estimator: XGB
Best params: {'clf__n_estimators': 1200, 'clf__max_depth': 18, 'clf__learning_rate': 0.1}
Best training f1: 0.668
Test set metrics for best params:
Normal clasification:
              precision    recall  f1-score   support

          -1       0.98      0.99      0.99     19726
           1       0.83      0.59      0.69       920

    accuracy                           0.98     20646
   macro avg       0.90      0.79      0.84     20646
weighted avg       0.97      0.98      0.97     20646

Weighted clasification:
              precision    recall  f1-score   support

          -1       1.00      0.99      1.00 4.572596809117645
           1       0.49      0.59      0.54 0.04275606837131091

    accuracy                           0.99 4.615352877488956
   macro avg       0.74      0.79      0.77 4.615352877488956
weighted avg       0.99      0.99      0.99 4.615352877488956

Weighted clasification factor:
              precision    recall  f1-score   support

          -1       1.00      0.99      1.00 472029.16860499367
           1       0.49      0.59      0.54 4413.708937970392

    accuracy                           0.99 476442.87754296407
   macro avg       0.74      0.79      0.77 476442.87754296407
weighted avg       0.99      0.99      0.99 476442.87754296407


Estimator: XGB w/ENN
Best params: {'clf__n_estimators': 600, 'clf__max_depth': 8, 'clf__learning_rate': 0.1}
Best training f1: 0.680
Test set metrics for best params:
Normal clasification:
              precision    recall  f1-score   support

          -1       0.99      0.99      0.99     19726
           1       0.71      0.70      0.71       920

    accuracy                           0.97     20646
   macro avg       0.85      0.84      0.85     20646
weighted avg       0.97      0.97      0.97     20646

Weighted clasification:
              precision    recall  f1-score   support

          -1       1.00      0.99      0.99 4.572596809117645
           1       0.33      0.70      0.45 0.04275606837131091

    accuracy                           0.98 4.615352877488956
   macro avg       0.66      0.84      0.72 4.615352877488956
weighted avg       0.99      0.98      0.99 4.615352877488956

Weighted clasification factor:
              precision    recall  f1-score   support

          -1       1.00      0.99      0.99 472029.16860499367
           1       0.33      0.70      0.45 4413.708937970392

    accuracy                           0.98 476442.87754296407
   macro avg       0.66      0.84      0.72 476442.87754296407
weighted avg       0.99      0.98      0.99 476442.87754296407


Classifier with best test set f1: XGB w/ENN

Saved XGB w/ENN grid search pipeline to file: ./models_nw_dg/INDUSTRIAL_best_gs_pipeline.pkl

--------------------OVA: OFFICE vs All------------------
Performing model optimizations...

Estimator: Random Forest
Best params: {'clf__n_estimators': 1200, 'clf__min_samples_split': 5, 'clf__min_samples_leaf': 1, 'clf__max_depth': None, 'clf__criterion': 'entropy'}
Best training f1: 0.085
Test set metrics for best params:
Normal clasification:
              precision    recall  f1-score   support

          -1       0.98      1.00      0.99     20299
           1       0.56      0.05      0.10       347

    accuracy                           0.98     20646
   macro avg       0.77      0.53      0.55     20646
weighted avg       0.98      0.98      0.98     20646

Weighted clasification:
              precision    recall  f1-score   support

          -1       1.00      1.00      1.00 4.723419016443947
           1       0.20      0.05      0.09 0.015818814552405382

    accuracy                           1.00 4.739237830996353
   macro avg       0.60      0.53      0.54 4.739237830996353
weighted avg       0.99      1.00      1.00 4.739237830996353

Weighted clasification factor:
              precision    recall  f1-score   support

          -1       1.00      1.00      1.00 487598.5450675699
           1       0.20      0.05      0.09 1632.9762262448069

    accuracy                           1.00 489231.5212938147
   macro avg       0.60      0.53      0.54 489231.5212938147
weighted avg       0.99      1.00      1.00 489231.5212938147


Estimator: Random Forest w/ENN
Best params: {'clf__n_estimators': 600, 'clf__min_samples_split': 2, 'clf__min_samples_leaf': 1, 'clf__max_depth': None, 'clf__criterion': 'gini'}
Best training f1: 0.228
Test set metrics for best params:
Normal clasification:
              precision    recall  f1-score   support

          -1       0.99      0.99      0.99     20299
           1       0.38      0.18      0.25       347

    accuracy                           0.98     20646
   macro avg       0.68      0.59      0.62     20646
weighted avg       0.98      0.98      0.98     20646

Weighted clasification:
              precision    recall  f1-score   support

          -1       1.00      0.99      1.00 4.723419016443947
           1       0.11      0.18      0.13 0.015818814552405382

    accuracy                           0.99 4.739237830996353
   macro avg       0.55      0.59      0.57 4.739237830996353
weighted avg       0.99      0.99      0.99 4.739237830996353

Weighted clasification factor:
              precision    recall  f1-score   support

          -1       1.00      0.99      1.00 487598.5450675699
           1       0.11      0.18      0.13 1632.976226244807

    accuracy                           0.99 489231.5212938147
   macro avg       0.55      0.59      0.57 489231.5212938147
weighted avg       0.99      0.99      0.99 489231.5212938147


Estimator: KNN
Best params: {'clf__weights': 'uniform', 'clf__n_neighbors': 1, 'clf__metric': 'manhattan'}
Best training f1: 0.214
Test set metrics for best params:
Normal clasification:
              precision    recall  f1-score   support

          -1       0.99      0.99      0.99     20299
           1       0.19      0.18      0.18       347

    accuracy                           0.97     20646
   macro avg       0.59      0.58      0.58     20646
weighted avg       0.97      0.97      0.97     20646

Weighted clasification:
              precision    recall  f1-score   support

          -1       1.00      0.99      0.99 4.723419016443947
           1       0.04      0.18      0.07 0.015818814552405382

    accuracy                           0.98 4.739237830996353
   macro avg       0.52      0.58      0.53 4.739237830996353
weighted avg       0.99      0.98      0.99 4.739237830996353

Weighted clasification factor:
              precision    recall  f1-score   support

          -1       1.00      0.99      0.99 487598.5450675699
           1       0.04      0.18      0.07 1632.9762262448069

    accuracy                           0.98 489231.5212938147
   macro avg       0.52      0.58      0.53 489231.5212938147
weighted avg       0.99      0.98      0.99 489231.5212938147


Estimator: KNN w/ENN
Best params: {'clf__weights': 'distance', 'clf__n_neighbors': 5, 'clf__metric': 'manhattan'}
Best training f1: 0.259
Test set metrics for best params:
Normal clasification:
              precision    recall  f1-score   support

          -1       0.99      0.99      0.99     20299
           1       0.30      0.22      0.25       347

    accuracy                           0.98     20646
   macro avg       0.64      0.60      0.62     20646
weighted avg       0.98      0.98      0.98     20646

Weighted clasification:
              precision    recall  f1-score   support

          -1       1.00      0.99      0.99 4.723419016443947
           1       0.08      0.22      0.11 0.015818814552405382

    accuracy                           0.99 4.739237830996353
   macro avg       0.54      0.60      0.55 4.739237830996353
weighted avg       0.99      0.99      0.99 4.739237830996353

Weighted clasification factor:
              precision    recall  f1-score   support

          -1       1.00      0.99      0.99 487598.5450675699
           1       0.08      0.22      0.11 1632.9762262448066

    accuracy                           0.99 489231.5212938147
   macro avg       0.54      0.60      0.55 489231.5212938147
weighted avg       0.99      0.99      0.99 489231.5212938147


Estimator: XGB
Best params: {'clf__n_estimators': 1200, 'clf__max_depth': 18, 'clf__learning_rate': 0.4}
Best training f1: 0.196
Test set metrics for best params:
Normal clasification:
              precision    recall  f1-score   support

          -1       0.99      1.00      0.99     20299
           1       0.40      0.11      0.18       347

    accuracy                           0.98     20646
   macro avg       0.69      0.55      0.58     20646
weighted avg       0.98      0.98      0.98     20646

Weighted clasification:
              precision    recall  f1-score   support

          -1       1.00      1.00      1.00 4.723419016443947
           1       0.11      0.11      0.11 0.015818814552405382

    accuracy                           0.99 4.739237830996353
   macro avg       0.56      0.55      0.56 4.739237830996353
weighted avg       0.99      0.99      0.99 4.739237830996353

Weighted clasification factor:
              precision    recall  f1-score   support

          -1       1.00      1.00      1.00 487598.5450675699
           1       0.11      0.11      0.11 1632.976226244807

    accuracy                           0.99 489231.5212938147
   macro avg       0.56      0.55      0.56 489231.5212938147
weighted avg       0.99      0.99      0.99 489231.5212938147


Estimator: XGB w/ENN
Best params: {'clf__n_estimators': 1200, 'clf__max_depth': 8, 'clf__learning_rate': 0.4}
Best training f1: 0.292
Test set metrics for best params:
Normal clasification:
              precision    recall  f1-score   support

          -1       0.99      0.99      0.99     20299
           1       0.35      0.24      0.29       347

    accuracy                           0.98     20646
   macro avg       0.67      0.62      0.64     20646
weighted avg       0.98      0.98      0.98     20646

Weighted clasification:
              precision    recall  f1-score   support

          -1       1.00      0.99      0.99 4.723419016443947
           1       0.10      0.24      0.14 0.015818814552405382

    accuracy                           0.99 4.739237830996353
   macro avg       0.55      0.62      0.57 4.739237830996353
weighted avg       0.99      0.99      0.99 4.739237830996353

Weighted clasification factor:
              precision    recall  f1-score   support

          -1       1.00      0.99      0.99 487598.5450675699
           1       0.10      0.24      0.14 1632.9762262448069

    accuracy                           0.99 489231.5212938147
   macro avg       0.55      0.62      0.57 489231.5212938147
weighted avg       0.99      0.99      0.99 489231.5212938147


Classifier with best test set f1: XGB w/ENN

Saved XGB w/ENN grid search pipeline to file: ./models_nw_dg/OFFICE_best_gs_pipeline.pkl

--------------------OVA: OTHER vs All------------------
Performing model optimizations...

Estimator: Random Forest
Best params: {'clf__n_estimators': 1200, 'clf__min_samples_split': 2, 'clf__min_samples_leaf': 1, 'clf__max_depth': None, 'clf__criterion': 'gini'}
Best training f1: 0.391
Test set metrics for best params:
Normal clasification:
              precision    recall  f1-score   support

          -1       0.99      1.00      0.99     20385
           1       0.74      0.29      0.41       261

    accuracy                           0.99     20646
   macro avg       0.87      0.64      0.70     20646
weighted avg       0.99      0.99      0.99     20646

Weighted clasification:
              precision    recall  f1-score   support

          -1       1.00      1.00      1.00 4.891579725224001
           1       0.32      0.29      0.30 0.010001468675488595

    accuracy                           1.00 4.9015811938994895
   macro avg       0.66      0.64      0.65 4.9015811938994895
weighted avg       1.00      1.00      1.00 4.9015811938994895

Weighted clasification factor:
              precision    recall  f1-score   support

          -1       1.00      1.00      1.00 504957.77503472177
           1       0.32      0.29      0.30 1032.4516113706948

    accuracy                           1.00 505990.2266460925
   macro avg       0.66      0.64      0.65 505990.2266460925
weighted avg       1.00      1.00      1.00 505990.2266460925


Estimator: Random Forest w/ENN
Best params: {'clf__n_estimators': 1200, 'clf__min_samples_split': 8, 'clf__min_samples_leaf': 1, 'clf__max_depth': None, 'clf__criterion': 'entropy'}
Best training f1: 0.474
Test set metrics for best params:
Normal clasification:
              precision    recall  f1-score   support

          -1       0.99      1.00      0.99     20385
           1       0.57      0.39      0.47       261

    accuracy                           0.99     20646
   macro avg       0.78      0.70      0.73     20646
weighted avg       0.99      0.99      0.99     20646

Weighted clasification:
              precision    recall  f1-score   support

          -1       1.00      1.00      1.00 4.891579725224001
           1       0.17      0.39      0.24 0.010001468675488595

    accuracy                           0.99 4.9015811938994895
   macro avg       0.59      0.70      0.62 4.9015811938994895
weighted avg       1.00      0.99      1.00 4.9015811938994895

Weighted clasification factor:
              precision    recall  f1-score   support

          -1       1.00      1.00      1.00 504957.77503472177
           1       0.17      0.39      0.24 1032.4516113706948

    accuracy                           0.99 505990.2266460925
   macro avg       0.59      0.70      0.62 505990.2266460925
weighted avg       1.00      0.99      1.00 505990.2266460925


Estimator: KNN
Best params: {'clf__weights': 'distance', 'clf__n_neighbors': 3, 'clf__metric': 'minkowski'}
Best training f1: 0.437
Test set metrics for best params:
Normal clasification:
              precision    recall  f1-score   support

          -1       0.99      1.00      0.99     20385
           1       0.55      0.36      0.43       261

    accuracy                           0.99     20646
   macro avg       0.77      0.68      0.71     20646
weighted avg       0.99      0.99      0.99     20646

Weighted clasification:
              precision    recall  f1-score   support

          -1       1.00      1.00      1.00 4.891579725224001
           1       0.16      0.36      0.22 0.010001468675488595

    accuracy                           0.99 4.9015811938994895
   macro avg       0.58      0.68      0.61 4.9015811938994895
weighted avg       1.00      0.99      1.00 4.9015811938994895

Weighted clasification factor:
              precision    recall  f1-score   support

          -1       1.00      1.00      1.00 504957.77503472177
           1       0.16      0.36      0.22 1032.4516113706948

    accuracy                           0.99 505990.2266460925
   macro avg       0.58      0.68      0.61 505990.2266460925
weighted avg       1.00      0.99      1.00 505990.2266460925


Estimator: KNN w/ENN
Best params: {'clf__weights': 'distance', 'clf__n_neighbors': 7, 'clf__metric': 'minkowski'}
Best training f1: 0.473
Test set metrics for best params:
Normal clasification:
              precision    recall  f1-score   support

          -1       0.99      0.99      0.99     20385
           1       0.48      0.44      0.46       261

    accuracy                           0.99     20646
   macro avg       0.73      0.72      0.72     20646
weighted avg       0.99      0.99      0.99     20646

Weighted clasification:
              precision    recall  f1-score   support

          -1       1.00      0.99      1.00 4.891579725224001
           1       0.13      0.44      0.20 0.010001468675488595

    accuracy                           0.99 4.9015811938994895
   macro avg       0.56      0.72      0.60 4.9015811938994895
weighted avg       1.00      0.99      0.99 4.9015811938994895

Weighted clasification factor:
              precision    recall  f1-score   support

          -1       1.00      0.99      1.00 504957.77503472177
           1       0.13      0.44      0.20 1032.4516113706948

    accuracy                           0.99 505990.2266460925
   macro avg       0.56      0.72      0.60 505990.2266460925
weighted avg       1.00      0.99      0.99 505990.2266460925


Estimator: XGB
Best params: {'clf__n_estimators': 900, 'clf__max_depth': 18, 'clf__learning_rate': 0.5}
Best training f1: 0.491
Test set metrics for best params:
Normal clasification:
              precision    recall  f1-score   support

          -1       0.99      1.00      0.99     20385
           1       0.67      0.38      0.49       261

    accuracy                           0.99     20646
   macro avg       0.83      0.69      0.74     20646
weighted avg       0.99      0.99      0.99     20646

Weighted clasification:
              precision    recall  f1-score   support

          -1       1.00      1.00      1.00 4.891579725224001
           1       0.25      0.38      0.30 0.010001468675488595

    accuracy                           1.00 4.9015811938994895
   macro avg       0.62      0.69      0.65 4.9015811938994895
weighted avg       1.00      1.00      1.00 4.9015811938994895

Weighted clasification factor:
              precision    recall  f1-score   support

          -1       1.00      1.00      1.00 504957.77503472177
           1       0.25      0.38      0.30 1032.4516113706948

    accuracy                           1.00 505990.2266460925
   macro avg       0.62      0.69      0.65 505990.2266460925
weighted avg       1.00      1.00      1.00 505990.2266460925


Estimator: XGB w/ENN
Best params: {'clf__n_estimators': 600, 'clf__max_depth': 12, 'clf__learning_rate': 0.5}
Best training f1: 0.521
Test set metrics for best params:
Normal clasification:
              precision    recall  f1-score   support

          -1       0.99      0.99      0.99     20385
           1       0.52      0.51      0.52       261

    accuracy                           0.99     20646
   macro avg       0.76      0.75      0.76     20646
weighted avg       0.99      0.99      0.99     20646

Weighted clasification:
              precision    recall  f1-score   support

          -1       1.00      0.99      1.00 4.891579725224001
           1       0.15      0.51      0.23 0.010001468675488595

    accuracy                           0.99 4.9015811938994895
   macro avg       0.57      0.75      0.61 4.9015811938994895
weighted avg       1.00      0.99      0.99 4.9015811938994895

Weighted clasification factor:
              precision    recall  f1-score   support

          -1       1.00      0.99      1.00 504957.77503472177
           1       0.15      0.51      0.23 1032.4516113706948

    accuracy                           0.99 505990.2266460925
   macro avg       0.57      0.75      0.61 505990.2266460925
weighted avg       1.00      0.99      0.99 505990.2266460925


Classifier with best test set f1: XGB w/ENN

Saved XGB w/ENN grid search pipeline to file: ./models_nw_dg/OTHER_best_gs_pipeline.pkl

--------------------OVA: PUBLIC vs All------------------
Performing model optimizations...

Estimator: Random Forest
