Best params: {'learning_rate': 0.1, 'max_depth': 2, 'n_estimators': 900, 'subsample': 0.8333333333333333}
Best training f1: 0.688
Test set metrics for best params:
Normal clasification:
              precision    recall  f1-score   support

 AGRICULTURE       0.76      0.88      0.82        69
  INDUSTRIAL       0.61      0.75      0.67       920
      OFFICE       0.26      0.33      0.29       347
       OTHER       0.54      0.63      0.58       261
      PUBLIC       0.32      0.54      0.40       608
 RESIDENTIAL       0.96      0.93      0.95     18026
      RETAIL       0.34      0.26      0.29       415

    accuracy                           0.88     20646
   macro avg       0.54      0.62      0.57     20646
weighted avg       0.90      0.88      0.89     20646

Weighted clasification:
              precision    recall  f1-score   support

 AGRICULTURE       0.87      0.88      0.88 446.02973195614675
  INDUSTRIAL       0.78      0.75      0.76 4413.708937970392
      OFFICE       0.49      0.33      0.39 1632.976226244807
       OTHER       0.75      0.63      0.68 1032.4516113706948
      PUBLIC       0.56      0.54      0.55 2374.94475947527
 RESIDENTIAL       0.76      0.93      0.83 8955.312427748553
      RETAIL       0.62      0.26      0.37 1826.163975940597

    accuracy                           0.72 20681.58767070646
   macro avg       0.69      0.62      0.64 20681.58767070646
weighted avg       0.71      0.72      0.70 20681.58767070646

