
--------------------OVA: RESIDENTIAL vs All------------------
Performing model optimizations...

Estimator: Random Forest
Best params: {'clf__n_estimators': 900, 'clf__min_samples_split': 5, 'clf__min_samples_leaf': 1, 'clf__max_depth': None, 'clf__criterion': 'gini'}
Best training f1: 0.677
Test set metrics for best params:
              precision    recall  f1-score   support

          -1       0.94      0.98      0.96     18026
           1       0.85      0.57      0.68      2620

    accuracy                           0.93     20646
   macro avg       0.89      0.78      0.82     20646
weighted avg       0.93      0.93      0.93     20646


Estimator: Random Forest w/ENN
Best params: {'clf__n_estimators': 400, 'clf__min_samples_split': 5, 'clf__min_samples_leaf': 1, 'clf__max_depth': None, 'clf__criterion': 'entropy'}
Best training f1: 0.685
Test set metrics for best params:
              precision    recall  f1-score   support

          -1       0.95      0.97      0.96     18026
           1       0.74      0.65      0.69      2620

    accuracy                           0.93     20646
   macro avg       0.84      0.81      0.82     20646
weighted avg       0.92      0.93      0.92     20646


Estimator: Random Forest w/PCA
Best params: {'clf__n_estimators': 900, 'clf__min_samples_split': 5, 'clf__min_samples_leaf': 1, 'clf__max_depth': None, 'clf__criterion': 'entropy'}
Best training f1: 0.486
Test set metrics for best params:
              precision    recall  f1-score   support

          -1       0.92      0.98      0.95     18026
           1       0.75      0.38      0.50      2620

    accuracy                           0.91     20646
   macro avg       0.83      0.68      0.73     20646
weighted avg       0.89      0.91      0.89     20646


Estimator: KNN
Best params: {'clf__weights': 'distance', 'clf__n_neighbors': 3, 'clf__metric': 'manhattan'}
Best training f1: 0.639
Test set metrics for best params:
              precision    recall  f1-score   support

          -1       0.94      0.98      0.96     18026
           1       0.78      0.54      0.63      2620

    accuracy                           0.92     20646
   macro avg       0.86      0.76      0.79     20646
weighted avg       0.91      0.92      0.91     20646


Estimator: KNN w/ENN
Best params: {'clf__weights': 'distance', 'clf__n_neighbors': 5, 'clf__metric': 'manhattan'}
Best training f1: 0.631
Test set metrics for best params:
              precision    recall  f1-score   support

          -1       0.94      0.97      0.95     18026
           1       0.71      0.58      0.63      2620

    accuracy                           0.92     20646
   macro avg       0.82      0.77      0.79     20646
weighted avg       0.91      0.92      0.91     20646


Estimator: KNN w/PCA
Best params: {'clf__weights': 'distance', 'clf__n_neighbors': 5, 'clf__metric': 'minkowski'}
Best training f1: 0.479
Test set metrics for best params:
              precision    recall  f1-score   support

          -1       0.92      0.97      0.94     18026
           1       0.67      0.40      0.50      2620

    accuracy                           0.90     20646
   macro avg       0.79      0.69      0.72     20646
weighted avg       0.89      0.90      0.89     20646


Estimator: XGB
Best params: {'clf__n_estimators': 1000, 'clf__max_depth': 10, 'clf__learning_rate': 0.15}
Best training f1: 0.696
Test set metrics for best params:
              precision    recall  f1-score   support

          -1       0.94      0.98      0.96     18026
           1       0.83      0.60      0.70      2620

    accuracy                           0.93     20646
   macro avg       0.89      0.79      0.83     20646
weighted avg       0.93      0.93      0.93     20646


Estimator: XGB w/ENN
Best params: {'clf__n_estimators': 500, 'clf__max_depth': 15, 'clf__learning_rate': 0.1}
Best training f1: 0.699
Test set metrics for best params:
              precision    recall  f1-score   support

          -1       0.95      0.96      0.96     18026
           1       0.72      0.68      0.70      2620

    accuracy                           0.93     20646
   macro avg       0.84      0.82      0.83     20646
weighted avg       0.92      0.93      0.93     20646


Estimator: XGB w/PCA
Best params: {'clf__n_estimators': 1000, 'clf__max_depth': 15, 'clf__learning_rate': 0.15}
Best training f1: 0.473
Test set metrics for best params:
              precision    recall  f1-score   support

          -1       0.91      0.98      0.95     18026
           1       0.72      0.37      0.49      2620

    accuracy                           0.90     20646
   macro avg       0.82      0.67      0.72     20646
weighted avg       0.89      0.90      0.89     20646


Classifier with best test set f1: XGB w/ENN

Saved XGB w/ENN grid search pipeline to file: ./models/RESIDENTIAL2_best_gs_pipeline.pkl
