---------------------------------OVA-Weighted-Genetic MODEL--------------------------------

Fold 0:
Load AGRICULTURE model:
Training...
Predicting...
Local clasification report:
Normal:
              precision    recall  f1-score   support

          -1      0.999     0.999     0.999     20578
           1      0.676     0.706     0.691        68

    accuracy                          0.998     20646
   macro avg      0.838     0.852     0.845     20646
weighted avg      0.998     0.998     0.998     20646

Weigthed:
              precision    recall  f1-score   support

          -1      1.000     0.999     0.999 4.437855187839902
           1      0.377     0.706     0.492 0.004258118114330039

    accuracy                          0.999 4.442113305954232
   macro avg      0.689     0.852     0.746 4.442113305954232
weighted avg      0.999     0.999     0.999 4.442113305954232

Weigthed factor:
              precision    recall  f1-score   support

          -1      1.000     0.999     0.999 458119.79104085977
           1      0.377     0.706     0.492 439.56553294228956

    accuracy                          0.999 458559.35657380207
   macro avg      0.689     0.852     0.746 458559.35657380207
weighted avg      0.999     0.999     0.999 458559.35657380207

Load INDUSTRIAL model:
Training...
Predicting...
Local clasification report:
Normal:
              precision    recall  f1-score   support

          -1      0.986     0.987     0.986     19724
           1      0.707     0.694     0.701       922

    accuracy                          0.974     20646
   macro avg      0.846     0.840     0.843     20646
weighted avg      0.973     0.974     0.973     20646

Weigthed:
              precision    recall  f1-score   support

          -1      0.997     0.987     0.992 4.572133197963927
           1      0.326     0.694     0.444 0.04284901634603115

    accuracy                          0.984 4.614982214309959
   macro avg      0.662     0.840     0.718 4.614982214309959
weighted avg      0.991     0.984     0.987 4.614982214309959

Weigthed factor:
              precision    recall  f1-score   support

          -1      0.997     0.987     0.992 471981.3100255954
           1      0.326     0.694     0.444 4423.303957400762

    accuracy                          0.984 476404.6139829962
   macro avg      0.662     0.840     0.718 476404.6139829962
weighted avg      0.991     0.984     0.987 476404.6139829962

Load OFFICE model:
Training...
Predicting...
Local clasification report:
Normal:
              precision    recall  f1-score   support

          -1      0.986     0.992     0.989     20267
           1      0.375     0.264     0.310       379

    accuracy                          0.978     20646
   macro avg      0.680     0.628     0.649     20646
weighted avg      0.975     0.978     0.977     20646

Weigthed:
              precision    recall  f1-score   support

          -1      0.997     0.992     0.995 4.715972865967266
           1      0.105     0.264     0.150 0.01727761013072523

    accuracy                          0.989 4.733250476097991
   macro avg      0.551     0.628     0.572 4.733250476097991
weighted avg      0.994     0.989     0.991 4.733250476097991

Weigthed factor:
              precision    recall  f1-score   support

          -1      0.997     0.992     0.995 486829.8789538617
           1      0.105     0.264     0.150 1783.5676937947585

    accuracy                          0.989 488613.4466476565
   macro avg      0.551     0.628     0.572 488613.4466476565
weighted avg      0.994     0.989     0.991 488613.4466476565

Load OTHER model:
Training...
Predicting...
Local clasification report:
Normal:
              precision    recall  f1-score   support

          -1      0.993     0.996     0.994     20373
           1      0.588     0.476     0.526       273

    accuracy                          0.989     20646
   macro avg      0.791     0.736     0.760     20646
weighted avg      0.988     0.989     0.988     20646

Weigthed:
              precision    recall  f1-score   support

          -1      0.999     0.996     0.997 4.88870020809363
           1      0.186     0.476     0.267 0.010461306315740944

    accuracy                          0.994 4.899161514409371
   macro avg      0.592     0.736     0.632 4.899161514409371
weighted avg      0.997     0.994     0.996 4.899161514409371

Weigthed factor:
              precision    recall  f1-score   support

          -1      0.999     0.996     0.997 504660.5224813533
           1      0.186     0.476     0.267 1079.920650973944

    accuracy                          0.994 505740.44313232723
   macro avg      0.592     0.736     0.632 505740.44313232723
weighted avg      0.997     0.994     0.996 505740.44313232723

Load PUBLIC model:
Training...
Predicting...
Local clasification report:
Normal:
              precision    recall  f1-score   support

          -1      0.979     0.988     0.984     20035
           1      0.447     0.318     0.371       611

    accuracy                          0.968     20646
   macro avg      0.713     0.653     0.677     20646
weighted avg      0.964     0.968     0.966     20646

Weigthed:
              precision    recall  f1-score   support

          -1      0.997     0.988     0.992 4.817219101213141
           1      0.113     0.318     0.167 0.0231198608631878

    accuracy                          0.985 4.840338962076329
   macro avg      0.555     0.653     0.579 4.840338962076329
weighted avg      0.992     0.985     0.988 4.840338962076329

Weigthed factor:
              precision    recall  f1-score   support

          -1      0.997     0.988     0.992 497281.52781818673
           1      0.113     0.318     0.167 2386.663236906892

    accuracy                          0.985 499668.1910550936
   macro avg      0.555     0.653     0.579 499668.1910550936
weighted avg      0.992     0.985     0.988 499668.1910550936

Load RESIDENTIAL model:
Training...
Predicting...
Local clasification report:
Normal:
              precision    recall  f1-score   support

          -1      0.943     0.983     0.963     17957
           1      0.845     0.601     0.703      2689

    accuracy                          0.934     20646
   macro avg      0.894     0.792     0.833     20646
weighted avg      0.930     0.934     0.929     20646

Weigthed:
              precision    recall  f1-score   support

          -1      0.225     0.983     0.366 0.0864189987840912
           1      0.997     0.601     0.750 0.7353527954792691

    accuracy                          0.642 0.8217717942633603
   macro avg      0.611     0.792     0.558 0.8217717942633603
weighted avg      0.916     0.642     0.710 0.8217717942633603

Weigthed factor:
              precision    recall  f1-score   support

          -1      0.225     0.983     0.366 8921.033244484664
           1      0.997     0.601     0.750 75910.46907732694

    accuracy                          0.642 84831.5023218116
   macro avg      0.611     0.792     0.558 84831.5023218116
weighted avg      0.916     0.642     0.710 84831.5023218116

Load RETAIL model:
Training...
Predicting...
Local clasification report:
Normal:
              precision    recall  f1-score   support

          -1      0.983     0.995     0.989     20210
           1      0.481     0.202     0.284       436

    accuracy                          0.979     20646
   macro avg      0.732     0.599     0.637     20646
weighted avg      0.972     0.979     0.974     20646

Weigthed:
              precision    recall  f1-score   support

          -1      0.997     0.995     0.996 4.762536382183553
           1      0.144     0.202     0.168 0.01858541386727026

    accuracy                          0.992 4.781121796050823
   macro avg      0.570     0.599     0.582 4.781121796050823
weighted avg      0.994     0.992     0.993 4.781121796050823

Weigthed factor:
              precision    recall  f1-score   support

          -1      0.997     0.995     0.996 491636.63073254994
           1      0.144     0.202     0.168 1918.572273518315

    accuracy                          0.992 493555.20300606824
   macro avg      0.570     0.599     0.582 493555.20300606824
weighted avg      0.994     0.992     0.993 493555.20300606824

Fold classification report:
Normal
              precision    recall  f1-score   support

 AGRICULTURE      0.770     0.691     0.729        68
  INDUSTRIAL      0.728     0.680     0.703       922
      OFFICE      0.438     0.214     0.287       379
       OTHER      0.608     0.454     0.520       273
      PUBLIC      0.480     0.300     0.369       611
 RESIDENTIAL      0.942     0.985     0.963     17957
      RETAIL      0.543     0.216     0.309       436

    accuracy                          0.913     20646
   macro avg      0.644     0.506     0.554     20646
weighted avg      0.896     0.913     0.901     20646

Weigthed:
              precision    recall  f1-score   support

 AGRICULTURE      0.865     0.691     0.768 0.004258118114330039
  INDUSTRIAL      0.793     0.680     0.732 0.04284901634603115
      OFFICE      0.547     0.214     0.307 0.01727761013072523
       OTHER      0.685     0.454     0.546 0.010461306315740944
      PUBLIC      0.595     0.300     0.398 0.0231198608631878
 RESIDENTIAL      0.648     0.985     0.782 0.0864189987840912
      RETAIL      0.644     0.216     0.323 0.01858541386727026

    accuracy                          0.673 0.20297032442137664
   macro avg      0.682     0.506     0.551 0.20297032442137664
weighted avg      0.670     0.673     0.633 0.20297032442137664

Weigthed factor:
              precision    recall  f1-score   support

 AGRICULTURE      0.865     0.691     0.768 439.56553294228956
  INDUSTRIAL      0.793     0.680     0.732 4423.303957400762
      OFFICE      0.547     0.214     0.307 1783.5676937947585
       OTHER      0.685     0.454     0.546 1079.920650973944
      PUBLIC      0.595     0.300     0.398 2386.663236906892
 RESIDENTIAL      0.648     0.985     0.782 8921.033244484664
      RETAIL      0.644     0.216     0.323 1918.5722735183151

    accuracy                          0.673 20952.626590021624
   macro avg      0.682     0.506     0.551 20952.626590021624
weighted avg      0.670     0.673     0.633 20952.626590021624


Fold 1:
Load AGRICULTURE model:
Training...
Predicting...
Local clasification report:
Normal:
              precision    recall  f1-score   support

          -1      0.999     0.999     0.999     20581
           1      0.615     0.615     0.615        65

    accuracy                          0.998     20646
   macro avg      0.807     0.807     0.807     20646
weighted avg      0.998     0.998     0.998     20646

Weigthed:
              precision    recall  f1-score   support

          -1      1.000     0.999     0.999 4.438502168380457
           1      0.317     0.615     0.419 0.004070259962227244

    accuracy                          0.998 4.442572428342684
   macro avg      0.658     0.807     0.709 4.442572428342684
weighted avg      0.999     0.998     0.999 4.442572428342684

Weigthed factor:
              precision    recall  f1-score   support

          -1      1.000     0.999     0.999 458186.5788420612
           1      0.317     0.615     0.419 420.172935900718

    accuracy                          0.998 458606.75177796197
   macro avg      0.658     0.807     0.709 458606.75177796197
weighted avg      0.999     0.998     0.999 458606.75177796197

Load INDUSTRIAL model:
Training...
Predicting...
Local clasification report:
Normal:
              precision    recall  f1-score   support

          -1      0.985     0.986     0.986     19732
           1      0.695     0.683     0.689       914

    accuracy                          0.973     20646
   macro avg      0.840     0.834     0.837     20646
weighted avg      0.972     0.973     0.973     20646

Weigthed:
              precision    recall  f1-score   support

          -1      0.997     0.986     0.992 4.573987642578798
           1      0.313     0.683     0.430 0.04247722444715017

    accuracy                          0.983 4.6164648670259485
   macro avg      0.655     0.834     0.711 4.6164648670259485
weighted avg      0.991     0.983     0.986 4.6164648670259485

Weigthed factor:
              precision    recall  f1-score   support

          -1      0.997     0.986     0.992 472172.7443431884
           1      0.313     0.683     0.430 4384.923879679283

    accuracy                          0.983 476557.6682228677
   macro avg      0.655     0.834     0.711 476557.6682228677
weighted avg      0.991     0.983     0.986 476557.6682228677

Load OFFICE model:
Training...
Predicting...
Local clasification report:
Normal:
              precision    recall  f1-score   support

          -1      0.988     0.993     0.990     20305
           1      0.387     0.261     0.312       341

    accuracy                          0.981     20646
   macro avg      0.687     0.627     0.651     20646
weighted avg      0.978     0.981     0.979     20646

Weigthed:
              precision    recall  f1-score   support

          -1      0.998     0.993     0.995 4.724815169658325
           1      0.110     0.261     0.155 0.015545290381470414

    accuracy                          0.991 4.7403604600397955
   macro avg      0.554     0.627     0.575 4.7403604600397955
weighted avg      0.995     0.991     0.993 4.7403604600397955

Weigthed factor:
              precision    recall  f1-score   support

          -1      0.998     0.993     0.995 487742.66996389016
           1      0.110     0.261     0.155 1604.740326079191

    accuracy                          0.991 489347.41028996935
   macro avg      0.554     0.627     0.575 489347.41028996935
weighted avg      0.995     0.991     0.993 489347.41028996935

Load OTHER model:
Training...
Predicting...
Local clasification report:
Normal:
              precision    recall  f1-score   support

          -1      0.993     0.995     0.994     20380
           1      0.571     0.466     0.513       266

    accuracy                          0.989     20646
   macro avg      0.782     0.731     0.754     20646
weighted avg      0.988     0.989     0.988     20646

Weigthed:
              precision    recall  f1-score   support

          -1      0.999     0.995     0.997 4.89037992641968
           1      0.176     0.466     0.255 0.010193067692260407

    accuracy                          0.994 4.900572994111941
   macro avg      0.587     0.731     0.626 4.900572994111941
weighted avg      0.997     0.994     0.996 4.900572994111941

Weigthed factor:
              precision    recall  f1-score   support

          -1      0.999     0.995     0.997 504833.9198041516
           1      0.176     0.466     0.255 1052.2303778720486

    accuracy                          0.994 505886.15018202364
   macro avg      0.587     0.731     0.626 505886.15018202364
weighted avg      0.997     0.994     0.996 505886.15018202364

Load PUBLIC model:
Training...
Predicting...
Local clasification report:
Normal:
              precision    recall  f1-score   support

          -1      0.979     0.991     0.985     20039
           1      0.484     0.282     0.356       607

    accuracy                          0.970     20646
   macro avg      0.731     0.636     0.670     20646
weighted avg      0.964     0.970     0.966     20646

Weigthed:
              precision    recall  f1-score   support

          -1      0.997     0.991     0.994 4.81818086195209
           1      0.129     0.282     0.177 0.02296850334526186

    accuracy                          0.988 4.841149365297352
   macro avg      0.563     0.636     0.585 4.841149365297352
weighted avg      0.992     0.988     0.990 4.841149365297352

Weigthed factor:
              precision    recall  f1-score   support

          -1      0.997     0.991     0.994 497380.8103792684
           1      0.129     0.282     0.177 2371.038600331396

    accuracy                          0.988 499751.84897959983
   macro avg      0.563     0.636     0.585 499751.84897959983
weighted avg      0.992     0.988     0.990 499751.84897959983

Load RESIDENTIAL model:
Training...
Predicting...
Local clasification report:
Normal:
              precision    recall  f1-score   support

          -1      0.947     0.982     0.964     18015
           1      0.836     0.622     0.713      2631

    accuracy                          0.936     20646
   macro avg      0.891     0.802     0.839     20646
weighted avg      0.933     0.936     0.932     20646

Weigthed:
              precision    recall  f1-score   support

          -1      0.238     0.982     0.384 0.08669812680823094
           1      0.997     0.622     0.766 0.7194917087787143

    accuracy                          0.661 0.8061898355869452
   macro avg      0.617     0.802     0.575 0.8061898355869452
weighted avg      0.915     0.661     0.725 0.8061898355869452

Weigthed factor:
              precision    recall  f1-score   support

          -1      0.238     0.982     0.384 8949.847630416629
           1      0.997     0.622     0.766 74273.12909722811

    accuracy                          0.661 83222.97672764474
   macro avg      0.617     0.802     0.575 83222.97672764474
weighted avg      0.915     0.661     0.725 83222.97672764474

Load RETAIL model:
Training...
Predicting...
Local clasification report:
Normal:
              precision    recall  f1-score   support

          -1      0.984     0.996     0.990     20208
           1      0.577     0.240     0.339       438

    accuracy                          0.980     20646
   macro avg      0.780     0.618     0.664     20646
weighted avg      0.975     0.980     0.976     20646

Weigthed:
              precision    recall  f1-score   support

          -1      0.997     0.996     0.997 4.762065077247167
           1      0.198     0.240     0.217 0.018670668059321962

    accuracy                          0.993 4.7807357453064885
   macro avg      0.597     0.618     0.607 4.7807357453064885
weighted avg      0.994     0.993     0.994 4.7807357453064885

Weigthed factor:
              precision    recall  f1-score   support

          -1      0.997     0.996     0.997 491587.9779239668
           1      0.198     0.240     0.217 1927.373063763812

    accuracy                          0.993 493515.35098773066
   macro avg      0.597     0.618     0.607 493515.35098773066
weighted avg      0.994     0.993     0.994 493515.35098773066

Fold classification report:
Normal
              precision    recall  f1-score   support

 AGRICULTURE      0.667     0.554     0.605        65
  INDUSTRIAL      0.710     0.662     0.685       914
      OFFICE      0.455     0.252     0.325       341
       OTHER      0.586     0.462     0.517       266
      PUBLIC      0.547     0.325     0.407       607
 RESIDENTIAL      0.944     0.986     0.965     18015
      RETAIL      0.575     0.235     0.334       438

    accuracy                          0.916     20646
   macro avg      0.641     0.497     0.548     20646
weighted avg      0.901     0.916     0.905     20646

Weigthed:
              precision    recall  f1-score   support

 AGRICULTURE      0.803     0.554     0.656 0.004070259962227244
  INDUSTRIAL      0.777     0.662     0.715 0.04247722444715017
      OFFICE      0.577     0.252     0.351 0.015545290381470414
       OTHER      0.680     0.462     0.551 0.010193067692260407
      PUBLIC      0.655     0.325     0.434 0.02296850334526186
 RESIDENTIAL      0.659     0.986     0.790 0.08669812680823094
      RETAIL      0.640     0.235     0.344 0.018670668059321962

    accuracy                          0.679 0.200623140695923
   macro avg      0.684     0.497     0.549 0.200623140695923
weighted avg      0.679     0.679     0.643 0.200623140695923

Weigthed factor:
              precision    recall  f1-score   support

 AGRICULTURE      0.803     0.554     0.656 420.172935900718
  INDUSTRIAL      0.777     0.662     0.715 4384.923879679283
      OFFICE      0.577     0.252     0.351 1604.740326079191
       OTHER      0.680     0.462     0.551 1052.2303778720486
      PUBLIC      0.655     0.325     0.434 2371.038600331396
 RESIDENTIAL      0.659     0.986     0.790 8949.847630416629
      RETAIL      0.640     0.235     0.344 1927.373063763812

    accuracy                          0.679 20710.326814043077
   macro avg      0.684     0.497     0.549 20710.326814043077
weighted avg      0.679     0.679     0.643 20710.326814043077


Fold 2:
Load AGRICULTURE model:
Training...
Predicting...
Local clasification report:
Normal:
              precision    recall  f1-score   support

          -1      0.999     0.999     0.999     20577
           1      0.716     0.768     0.741        69

    accuracy                          0.998     20646
   macro avg      0.858     0.884     0.870     20646
weighted avg      0.998     0.998     0.998     20646

Weigthed:
              precision    recall  f1-score   support

          -1      1.000     0.999     0.999 4.437639527659717
           1      0.423     0.768     0.545 0.0043207374983643045

    accuracy                          0.999 4.441960265158081
   macro avg      0.711     0.884     0.772 4.441960265158081
weighted avg      0.999     0.999     0.999 4.441960265158081

Weigthed factor:
              precision    recall  f1-score   support

          -1      1.000     0.999     0.999 458097.5284404593
           1      0.423     0.768     0.545 446.02973195614675

    accuracy                          0.999 458543.5581724154
   macro avg      0.711     0.884     0.772 458543.5581724154
weighted avg      0.999     0.999     0.999 458543.5581724154

Load INDUSTRIAL model:
Training...
Predicting...
Local clasification report:
Normal:
              precision    recall  f1-score   support

          -1      0.986     0.988     0.987     19773
           1      0.713     0.693     0.703       873

    accuracy                          0.975     20646
   macro avg      0.850     0.840     0.845     20646
weighted avg      0.975     0.975     0.975     20646

Weigthed:
              precision    recall  f1-score   support

          -1      0.997     0.988     0.992 4.5834916712300116
           1      0.333     0.693     0.450 0.04057179096538515

    accuracy                          0.985 4.624063462195397
   macro avg      0.665     0.840     0.721 4.624063462195397
weighted avg      0.991     0.985     0.988 4.624063462195397

Weigthed factor:
              precision    recall  f1-score   support

          -1      0.997     0.988     0.992 473153.8452208525
           1      0.333     0.693     0.450 4188.225981356707

    accuracy                          0.985 477342.0712022092
   macro avg      0.665     0.840     0.721 477342.0712022092
weighted avg      0.991     0.985     0.988 477342.0712022092

Load OFFICE model:
Training...
Predicting...
Local clasification report:
Normal:
              precision    recall  f1-score   support

          -1      0.986     0.994     0.990     20269
           1      0.391     0.215     0.277       377

    accuracy                          0.980     20646
   macro avg      0.688     0.604     0.634     20646
weighted avg      0.975     0.980     0.977     20646

Weigthed:
              precision    recall  f1-score   support

          -1      0.997     0.994     0.995 4.716438250372058
           1      0.112     0.215     0.147 0.01718643540708024

    accuracy                          0.991 4.733624685779138
   macro avg      0.554     0.604     0.571 4.733624685779138
weighted avg      0.994     0.991     0.992 4.733624685779138

Weigthed factor:
              precision    recall  f1-score   support

          -1      0.997     0.994     0.995 486877.9205859685
           1      0.112     0.215     0.147 1774.1557270728865

    accuracy                          0.991 488652.0763130414
   macro avg      0.554     0.604     0.571 488652.0763130414
weighted avg      0.994     0.991     0.992 488652.0763130414

Load OTHER model:
Training...
Predicting...
Local clasification report:
Normal:
              precision    recall  f1-score   support

          -1      0.993     0.997     0.995     20380
           1      0.638     0.470     0.541       266

    accuracy                          0.990     20646
   macro avg      0.815     0.733     0.768     20646
weighted avg      0.989     0.990     0.989     20646

Weigthed:
              precision    recall  f1-score   support

          -1      0.999     0.997     0.998 4.89037992641968
           1      0.219     0.470     0.299 0.010193067692260407

    accuracy                          0.995 4.900572994111941
   macro avg      0.609     0.733     0.648 4.900572994111941
weighted avg      0.997     0.995     0.996 4.900572994111941

Weigthed factor:
              precision    recall  f1-score   support

          -1      0.999     0.997     0.998 504833.9198041516
           1      0.219     0.470     0.299 1052.2303778720486

    accuracy                          0.995 505886.15018202364
   macro avg      0.609     0.733     0.648 505886.15018202364
weighted avg      0.997     0.995     0.996 505886.15018202364

Load PUBLIC model:
Training...
Predicting...
Local clasification report:
Normal:
              precision    recall  f1-score   support

          -1      0.979     0.990     0.984     20038
           1      0.460     0.289     0.355       608

    accuracy                          0.969     20646
   macro avg      0.719     0.640     0.670     20646
weighted avg      0.963     0.969     0.966     20646

Weigthed:
              precision    recall  f1-score   support

          -1      0.997     0.990     0.993 4.817940421767353
           1      0.118     0.289     0.168 0.023006342724743344

    accuracy                          0.986 4.840946764492096
   macro avg      0.557     0.640     0.580 4.840946764492096
weighted avg      0.992     0.986     0.989 4.840946764492096

Weigthed factor:
              precision    recall  f1-score   support

          -1      0.997     0.990     0.993 497355.989738998
           1      0.118     0.289     0.168 2374.94475947527

    accuracy                          0.986 499730.93449847325
   macro avg      0.557     0.640     0.580 499730.93449847325
weighted avg      0.992     0.986     0.989 499730.93449847325

Load RESIDENTIAL model:
Training...
Predicting...
Local clasification report:
Normal:
              precision    recall  f1-score   support

          -1      0.945     0.983     0.964     18041
           1      0.839     0.603     0.701      2605

    accuracy                          0.935     20646
   macro avg      0.892     0.793     0.833     20646
weighted avg      0.931     0.935     0.931     20646

Weigthed:
              precision    recall  f1-score   support

          -1      0.232     0.983     0.375 0.08682325316387979
           1      0.997     0.603     0.751 0.7123815664646724

    accuracy                          0.644 0.7992048196285522
   macro avg      0.614     0.793     0.563 0.7992048196285522
weighted avg      0.914     0.644     0.710 0.7992048196285522

Weigthed factor:
              precision    recall  f1-score   support

          -1      0.232     0.983     0.375 8962.764424110268
           1      0.997     0.603     0.751 73539.14910614933

    accuracy                          0.644 82501.9135302596
   macro avg      0.614     0.793     0.563 82501.9135302596
weighted avg      0.914     0.644     0.710 82501.9135302596

Load RETAIL model:
Training...
Predicting...
Local clasification report:
Normal:
              precision    recall  f1-score   support

          -1      0.984     0.995     0.989     20234
           1      0.439     0.182     0.257       412

    accuracy                          0.979     20646
   macro avg      0.711     0.589     0.623     20646
weighted avg      0.973     0.979     0.975     20646

Weigthed:
              precision    recall  f1-score   support

          -1      0.997     0.995     0.996 4.768192041420191
           1      0.124     0.182     0.147 0.01756236356264985

    accuracy                          0.992 4.785754404982841
   macro avg      0.560     0.589     0.572 4.785754404982841
weighted avg      0.994     0.992     0.993 4.785754404982841

Weigthed factor:
              precision    recall  f1-score   support

          -1      0.997     0.995     0.996 492220.46443554724
           1      0.124     0.182     0.147 1812.9627905723517

    accuracy                          0.992 494033.4272261196
   macro avg      0.560     0.589     0.572 494033.4272261196
weighted avg      0.994     0.992     0.993 494033.4272261196

Fold classification report:
Normal
              precision    recall  f1-score   support

 AGRICULTURE      0.739     0.739     0.739        69
  INDUSTRIAL      0.728     0.683     0.704       873
      OFFICE      0.429     0.178     0.251       377
       OTHER      0.669     0.455     0.541       266
      PUBLIC      0.521     0.306     0.385       608
 RESIDENTIAL      0.942     0.986     0.963     18041
      RETAIL      0.444     0.192     0.268       412

    accuracy                          0.915     20646
   macro avg      0.639     0.505     0.550     20646
weighted avg      0.897     0.915     0.902     20646

Weigthed:
              precision    recall  f1-score   support

 AGRICULTURE      0.849     0.739     0.790 0.0043207374983643045
  INDUSTRIAL      0.798     0.683     0.736 0.04057179096538515
      OFFICE      0.537     0.178     0.267 0.01718643540708024
       OTHER      0.723     0.455     0.559 0.010193067692260407
      PUBLIC      0.639     0.306     0.414 0.023006342724743344
 RESIDENTIAL      0.647     0.986     0.782 0.08682325316387979
      RETAIL      0.570     0.192     0.287 0.01756236356264985

    accuracy                          0.674 0.19966399101436308
   macro avg      0.681     0.505     0.548 0.19966399101436308
weighted avg      0.669     0.674     0.631 0.19966399101436308

Weigthed factor:
              precision    recall  f1-score   support

 AGRICULTURE      0.849     0.739     0.790 446.02973195614675
  INDUSTRIAL      0.798     0.683     0.736 4188.225981356707
      OFFICE      0.537     0.178     0.267 1774.1557270728863
       OTHER      0.723     0.455     0.559 1052.2303778720486
      PUBLIC      0.639     0.306     0.414 2374.94475947527
 RESIDENTIAL      0.647     0.986     0.782 8962.764424110268
      RETAIL      0.570     0.192     0.287 1812.9627905723517

    accuracy                          0.674 20611.313792415676
   macro avg      0.681     0.505     0.548 20611.313792415676
weighted avg      0.669     0.674     0.631 20611.313792415676


Fold 3:
Load AGRICULTURE model:
Training...
Predicting...
Local clasification report:
Normal:
              precision    recall  f1-score   support

          -1      0.999     0.999     0.999     20576
           1      0.716     0.757     0.736        70

    accuracy                          0.998     20646
   macro avg      0.858     0.878     0.868     20646
weighted avg      0.998     0.998     0.998     20646

Weigthed:
              precision    recall  f1-score   support

          -1      1.000     0.999     0.999 4.437423867479532
           1      0.423     0.757     0.543 0.00438335688239857

    accuracy                          0.999 4.441807224361931
   macro avg      0.711     0.878     0.771 4.441807224361931
weighted avg      0.999     0.999     0.999 4.441807224361931

Weigthed factor:
              precision    recall  f1-score   support

          -1      1.000     0.999     0.999 458075.2658400588
           1      0.423     0.757     0.543 452.49393097000393

    accuracy                          0.999 458527.7597710288
   macro avg      0.711     0.878     0.771 458527.7597710288
weighted avg      0.999     0.999     0.999 458527.7597710288

Load INDUSTRIAL model:
Training...
Predicting...
Local clasification report:
Normal:
              precision    recall  f1-score   support

          -1      0.986     0.987     0.986     19768
           1      0.700     0.675     0.688       878

    accuracy                          0.974     20646
   macro avg      0.843     0.831     0.837     20646
weighted avg      0.973     0.974     0.974     20646

Weigthed:
              precision    recall  f1-score   support

          -1      0.997     0.987     0.992 4.582332643345717
           1      0.319     0.675     0.433 0.04080416090218576

    accuracy                          0.984 4.623136804247903
   macro avg      0.658     0.831     0.713 4.623136804247903
weighted avg      0.991     0.984     0.987 4.623136804247903

Weigthed factor:
              precision    recall  f1-score   support

          -1      0.997     0.987     0.992 473034.1987723569
           1      0.319     0.675     0.433 4212.213529932631

    accuracy                          0.984 477246.4123022895
   macro avg      0.658     0.831     0.713 477246.4123022895
weighted avg      0.991     0.984     0.987 477246.4123022895

Load OFFICE model:
Training...
Predicting...
Local clasification report:
Normal:
              precision    recall  f1-score   support

          -1      0.986     0.993     0.989     20283
           1      0.345     0.218     0.267       363

    accuracy                          0.979     20646
   macro avg      0.666     0.605     0.628     20646
weighted avg      0.975     0.979     0.977     20646

Weigthed:
              precision    recall  f1-score   support

          -1      0.997     0.993     0.995 4.7196959412056065
           1      0.094     0.218     0.131 0.016548212341565307

    accuracy                          0.990 4.7362441535471715
   macro avg      0.545     0.605     0.563 4.7362441535471715
weighted avg      0.994     0.990     0.992 4.7362441535471715

Weigthed factor:
              precision    recall  f1-score   support

          -1      0.997     0.993     0.995 487214.2120107158
           1      0.094     0.218     0.131 1708.271960019783

    accuracy                          0.990 488922.4839707356
   macro avg      0.545     0.605     0.563 488922.4839707356
weighted avg      0.994     0.990     0.992 488922.4839707356

Load OTHER model:
Training...
Predicting...
Local clasification report:
Normal:
              precision    recall  f1-score   support

          -1      0.993     0.996     0.995     20375
           1      0.615     0.465     0.529       271

    accuracy                          0.989     20646
   macro avg      0.804     0.731     0.762     20646
weighted avg      0.988     0.989     0.988     20646

Weigthed:
              precision    recall  f1-score   support

          -1      0.999     0.996     0.997 4.889180127615359
           1      0.203     0.465     0.283 0.010384666709032219

    accuracy                          0.995 4.899564794324391
   macro avg      0.601     0.731     0.640 4.899564794324391
weighted avg      0.997     0.995     0.996 4.899564794324391

Weigthed factor:
              precision    recall  f1-score   support

          -1      0.999     0.996     0.997 504710.0645735814
           1      0.203     0.465     0.283 1072.0091443734025

    accuracy                          0.995 505782.0737179548
   macro avg      0.601     0.731     0.640 505782.0737179548
weighted avg      0.997     0.995     0.996 505782.0737179548

Load PUBLIC model:
Training...
Predicting...
Local clasification report:
Normal:
              precision    recall  f1-score   support

          -1      0.979     0.990     0.985     20087
           1      0.424     0.254     0.318       559

    accuracy                          0.970     20646
   macro avg      0.702     0.622     0.651     20646
weighted avg      0.964     0.970     0.967     20646

Weigthed:
              precision    recall  f1-score   support

          -1      0.997     0.990     0.994 4.829721990819483
           1      0.104     0.254     0.147 0.021152213130150543

    accuracy                          0.987 4.850874203949633
   macro avg      0.550     0.622     0.570 4.850874203949633
weighted avg      0.993     0.987     0.990 4.850874203949633

Weigthed factor:
              precision    recall  f1-score   support

          -1      0.997     0.990     0.994 498572.20111224876
           1      0.104     0.254     0.147 2183.5429614254444

    accuracy                          0.987 500755.7440736742
   macro avg      0.550     0.622     0.570 500755.7440736742
weighted avg      0.993     0.987     0.990 500755.7440736742

Load RESIDENTIAL model:
Training...
Predicting...
Local clasification report:
Normal:
              precision    recall  f1-score   support

          -1      0.946     0.983     0.964     18101
           1      0.830     0.600     0.696      2545

    accuracy                          0.936     20646
   macro avg      0.888     0.791     0.830     20646
weighted avg      0.932     0.936     0.931     20646

Weigthed:
              precision    recall  f1-score   support

          -1      0.235     0.983     0.379 0.0871120062923002
           1      0.996     0.600     0.749 0.6959735457399605

    accuracy                          0.642 0.7830855520322607
   macro avg      0.616     0.791     0.564 0.7830855520322607
weighted avg      0.912     0.642     0.708 0.7830855520322607

Weigthed factor:
              precision    recall  f1-score   support

          -1      0.235     0.983     0.379 8992.572409557128
           1      0.996     0.600     0.749 71845.34912673675

    accuracy                          0.642 80837.92153629387
   macro avg      0.616     0.791     0.564 80837.92153629387
weighted avg      0.912     0.642     0.708 80837.92153629387

Load RETAIL model:
Training...
Predicting...
Local clasification report:
Normal:
              precision    recall  f1-score   support

          -1      0.985     0.995     0.990     20242
           1      0.484     0.228     0.310       404

    accuracy                          0.980     20646
   macro avg      0.734     0.611     0.650     20646
weighted avg      0.975     0.980     0.977     20646

Weigthed:
              precision    recall  f1-score   support

          -1      0.997     0.995     0.996 4.770077261165737
           1      0.145     0.228     0.177 0.017221346794443048

    accuracy                          0.992 4.78729860796018
   macro avg      0.571     0.611     0.587 4.78729860796018
weighted avg      0.994     0.992     0.993 4.78729860796018

Weigthed factor:
              precision    recall  f1-score   support

          -1      0.997     0.995     0.996 492415.0756698797
           1      0.145     0.228     0.177 1777.759629590364

    accuracy                          0.992 494192.83529947005
   macro avg      0.571     0.611     0.587 494192.83529947005
weighted avg      0.994     0.992     0.993 494192.83529947005

Fold classification report:
Normal
              precision    recall  f1-score   support

 AGRICULTURE      0.750     0.729     0.739        70
  INDUSTRIAL      0.717     0.659     0.687       878
      OFFICE      0.393     0.163     0.230       363
       OTHER      0.632     0.469     0.538       271
      PUBLIC      0.454     0.247     0.320       559
 RESIDENTIAL      0.942     0.985     0.963     18101
      RETAIL      0.489     0.218     0.301       404

    accuracy                          0.914     20646
   macro avg      0.625     0.496     0.540     20646
weighted avg      0.896     0.914     0.902     20646

Weigthed:
              precision    recall  f1-score   support

 AGRICULTURE      0.854     0.729     0.786 0.00438335688239857
  INDUSTRIAL      0.795     0.659     0.721 0.04080416090218576
      OFFICE      0.501     0.163     0.245 0.016548212341565307
       OTHER      0.733     0.469     0.572 0.010384666709032219
      PUBLIC      0.539     0.247     0.339 0.021152213130150543
 RESIDENTIAL      0.650     0.985     0.783 0.0871120062923002
      RETAIL      0.599     0.218     0.319 0.017221346794443048

    accuracy                          0.670 0.19760596305207564
   macro avg      0.667     0.496     0.538 0.19760596305207564
weighted avg      0.660     0.670     0.626 0.19760596305207564

Weigthed factor:
              precision    recall  f1-score   support

 AGRICULTURE      0.854     0.729     0.786 452.49393097000393
  INDUSTRIAL      0.795     0.659     0.721 4212.213529932631
      OFFICE      0.501     0.163     0.245 1708.2719600197825
       OTHER      0.733     0.469     0.572 1072.0091443734025
      PUBLIC      0.539     0.247     0.339 2183.5429614254444
 RESIDENTIAL      0.650     0.985     0.783 8992.572409557128
      RETAIL      0.599     0.218     0.319 1777.7596295903636

    accuracy                          0.670 20398.863565868756
   macro avg      0.667     0.496     0.538 20398.863565868756
weighted avg      0.660     0.670     0.626 20398.863565868756


Fold 4:
Load AGRICULTURE model:
Training...
Predicting...
Local clasification report:
Normal:
              precision    recall  f1-score   support

          -1      0.999     0.999     0.999     20580
           1      0.692     0.682     0.687        66

    accuracy                          0.998     20646
   macro avg      0.846     0.840     0.843     20646
weighted avg      0.998     0.998     0.998     20646

Weigthed:
              precision    recall  f1-score   support

          -1      1.000     0.999     0.999 4.438286508200272
           1      0.395     0.682     0.500 0.004132879346261509

    accuracy                          0.999 4.442419387546534
   macro avg      0.697     0.840     0.750 4.442419387546534
weighted avg      0.999     0.999     0.999 4.442419387546534

Weigthed factor:
              precision    recall  f1-score   support

          -1      1.000     0.999     0.999 458164.31624166074
           1      0.395     0.682     0.500 426.6371349145752

    accuracy                          0.999 458590.9533765753
   macro avg      0.697     0.840     0.750 458590.9533765753
weighted avg      0.999     0.999     0.999 458590.9533765753

Load INDUSTRIAL model:
Training...
Predicting...
Local clasification report:
Normal:
              precision    recall  f1-score   support

          -1      0.984     0.988     0.986     19743
           1      0.703     0.642     0.671       903

    accuracy                          0.972     20646
   macro avg      0.843     0.815     0.828     20646
weighted avg      0.971     0.972     0.972     20646

Weigthed:
              precision    recall  f1-score   support

          -1      0.997     0.988     0.992 4.5765375039242455
           1      0.322     0.642     0.429 0.041966010586188825

    accuracy                          0.984 4.618503514510435
   macro avg      0.659     0.815     0.710 4.618503514510435
weighted avg      0.991     0.984     0.987 4.618503514510435

Weigthed factor:
              precision    recall  f1-score   support

          -1      0.997     0.988     0.992 472435.9665298788
           1      0.322     0.642     0.429 4332.151272812251

    accuracy                          0.984 476768.11780269106
   macro avg      0.659     0.815     0.710 476768.11780269106
weighted avg      0.991     0.984     0.987 476768.11780269106

Load OFFICE model:
Training...
Predicting...
Local clasification report:
Normal:
              precision    recall  f1-score   support

          -1      0.986     0.993     0.990     20278
           1      0.381     0.226     0.283       368

    accuracy                          0.980     20646
   macro avg      0.683     0.609     0.636     20646
weighted avg      0.975     0.980     0.977     20646

Weigthed:
              precision    recall  f1-score   support

          -1      0.997     0.993     0.995 4.718532480193625
           1      0.108     0.226     0.146 0.016776149150677783

    accuracy                          0.991 4.735308629344303
   macro avg      0.552     0.609     0.570 4.735308629344303
weighted avg      0.994     0.991     0.992 4.735308629344303

Weigthed factor:
              precision    recall  f1-score   support

          -1      0.997     0.993     0.995 487094.1079304489
           1      0.108     0.226     0.146 1731.8018768244624

    accuracy                          0.991 488825.90980727336
   macro avg      0.552     0.609     0.570 488825.90980727336
weighted avg      0.994     0.991     0.992 488825.90980727336

Load OTHER model:
Training...
Predicting...
Local clasification report:
Normal:
              precision    recall  f1-score   support

          -1      0.994     0.995     0.995     20390
           1      0.584     0.504     0.541       256

    accuracy                          0.989     20646
   macro avg      0.789     0.750     0.768     20646
weighted avg      0.989     0.989     0.989     20646

Weigthed:
              precision    recall  f1-score   support

          -1      0.999     0.995     0.997 4.892779524028322
           1      0.183     0.504     0.268 0.009809869658716783

    accuracy                          0.995 4.902589393687039
   macro avg      0.591     0.750     0.633 4.902589393687039
weighted avg      0.997     0.995     0.996 4.902589393687039

Weigthed factor:
              precision    recall  f1-score   support

          -1      0.999     0.995     0.997 505081.63026529195
           1      0.183     0.504     0.268 1012.6728448693407

    accuracy                          0.995 506094.3031101613
   macro avg      0.591     0.750     0.633 506094.3031101613
weighted avg      0.997     0.995     0.996 506094.3031101613

Load PUBLIC model:
Training...
Predicting...
Local clasification report:
Normal:
              precision    recall  f1-score   support

          -1      0.978     0.990     0.984     20055
           1      0.422     0.247     0.312       591

    accuracy                          0.969     20646
   macro avg      0.700     0.619     0.648     20646
weighted avg      0.962     0.969     0.965     20646

Weigthed:
              precision    recall  f1-score   support

          -1      0.996     0.990     0.993 4.822027904907888
           1      0.103     0.247     0.145 0.022363073273558087

    accuracy                          0.987 4.844390978181446
   macro avg      0.550     0.619     0.569 4.844390978181446
weighted avg      0.992     0.987     0.989 4.844390978181446

Weigthed factor:
              precision    recall  f1-score   support

          -1      0.996     0.990     0.993 497777.9406235952
           1      0.103     0.247     0.145 2308.540054029412

    accuracy                          0.987 500086.48067762464
   macro avg      0.550     0.619     0.569 500086.48067762464
weighted avg      0.992     0.987     0.989 500086.48067762464

Load RESIDENTIAL model:
Training...
Predicting...
Local clasification report:
Normal:
              precision    recall  f1-score   support

          -1      0.944     0.983     0.963     18059
           1      0.829     0.592     0.691      2587

    accuracy                          0.934     20646
   macro avg      0.886     0.787     0.827     20646
weighted avg      0.929     0.934     0.929     20646

Weigthed:
              precision    recall  f1-score   support

          -1      0.228     0.983     0.371 0.08690987910240591
           1      0.996     0.592     0.743 0.7074591602472589

    accuracy                          0.635 0.7943690393496647
   macro avg      0.612     0.787     0.557 0.7943690393496647
weighted avg      0.912     0.635     0.702 0.7943690393496647

Weigthed factor:
              precision    recall  f1-score   support

          -1      0.228     0.983     0.371 8971.706819744326
           1      0.996     0.592     0.743 73031.00911232556

    accuracy                          0.635 82002.71593206988
   macro avg      0.612     0.787     0.557 82002.71593206988
weighted avg      0.912     0.635     0.702 82002.71593206988

Load RETAIL model:
Training...
Predicting...
Local clasification report:
Normal:
              precision    recall  f1-score   support

          -1      0.984     0.996     0.990     20243
           1      0.473     0.196     0.277       403

    accuracy                          0.980     20646
   macro avg      0.729     0.596     0.634     20646
weighted avg      0.974     0.980     0.976     20646

Weigthed:
              precision    recall  f1-score   support

          -1      0.997     0.996     0.996 4.77031291363393
           1      0.140     0.196     0.163 0.017178719698417198

    accuracy                          0.993 4.787491633332347
   macro avg      0.568     0.596     0.580 4.787491633332347
weighted avg      0.994     0.993     0.993 4.787491633332347

Weigthed factor:
              precision    recall  f1-score   support

          -1      0.997     0.996     0.996 492439.40207417123
           1      0.140     0.196     0.163 1773.3592344676154

    accuracy                          0.993 494212.76130863884
   macro avg      0.568     0.596     0.580 494212.76130863884
weighted avg      0.994     0.993     0.993 494212.76130863884

Fold classification report:
Normal
              precision    recall  f1-score   support

 AGRICULTURE      0.656     0.606     0.630        66
  INDUSTRIAL      0.733     0.646     0.687       903
      OFFICE      0.409     0.182     0.252       368
       OTHER      0.602     0.508     0.551       256
      PUBLIC      0.447     0.257     0.327       591
 RESIDENTIAL      0.942     0.986     0.963     18059
      RETAIL      0.494     0.191     0.275       403

    accuracy                          0.913     20646
   macro avg      0.612     0.482     0.526     20646
weighted avg      0.895     0.913     0.901     20646

Weigthed:
              precision    recall  f1-score   support

 AGRICULTURE      0.829     0.606     0.700 0.004132879346261509
  INDUSTRIAL      0.796     0.646     0.713 0.041966010586188825
      OFFICE      0.488     0.182     0.265 0.016776149150677783
       OTHER      0.653     0.508     0.571 0.009809869658716783
      PUBLIC      0.563     0.257     0.353 0.022363073273558087
 RESIDENTIAL      0.646     0.986     0.781 0.08690987910240591
      RETAIL      0.611     0.191     0.291 0.017178719698417198

    accuracy                          0.665 0.19913658081622612
   macro avg      0.655     0.482     0.525 0.19913658081622612
weighted avg      0.656     0.665     0.621 0.19913658081622612

Weigthed factor:
              precision    recall  f1-score   support

 AGRICULTURE      0.829     0.606     0.700 426.6371349145752
  INDUSTRIAL      0.796     0.646     0.713 4332.151272812251
      OFFICE      0.488     0.182     0.265 1731.8018768244624
       OTHER      0.653     0.508     0.571 1012.6728448693407
      PUBLIC      0.563     0.257     0.353 2308.540054029412
 RESIDENTIAL      0.646     0.986     0.781 8971.706819744326
      RETAIL      0.611     0.191     0.291 1773.3592344676154

    accuracy                          0.665 20556.86923766198
   macro avg      0.655     0.482     0.525 20556.86923766198
weighted avg      0.656     0.665     0.621 20556.86923766198

Label binary AGRICULTURE classification report:
Normal:
              precision    recall  f1-score   support

          -1      0.999     0.999     0.999    102892
           1      0.685     0.707     0.696       338

    accuracy                          0.998    103230
   macro avg      0.842     0.853     0.847    103230
weighted avg      0.998     0.998     0.998    103230

Weigthed:
              precision    recall  f1-score   support

          -1      1.000     0.999     0.999 22.18970725959128
           1      0.387     0.707     0.500 0.021165351803581825

    accuracy                          0.999 22.210872611394862
   macro avg      0.693     0.853     0.750 22.210872611394862
weighted avg      0.999     0.999     0.999 22.210872611394862

Weigthed factor:
              precision    recall  f1-score   support

          -1      1.000     0.999     0.999 2290643.48040639
           1      0.387     0.707     0.500 2184.8992666837444

    accuracy                          0.999 2292828.379673074
   macro avg      0.693     0.853     0.750 2292828.379673074
weighted avg      0.999     0.999     0.999 2292828.379673074

Label binary INDUSTRIAL classification report:
Normal:
              precision    recall  f1-score   support

          -1      0.985     0.987     0.986     98740
           1      0.704     0.678     0.690      4490

    accuracy                          0.974    103230
   macro avg      0.845     0.832     0.838    103230
weighted avg      0.973     0.974     0.973    103230

Weigthed:
              precision    recall  f1-score   support

          -1      0.997     0.987     0.992 22.88848265903997
           1      0.323     0.678     0.437 0.20866820324695132

    accuracy                          0.984 23.09715086228692
   macro avg      0.660     0.832     0.715 23.09715086228692
weighted avg      0.991     0.984     0.987 23.09715086228692

Weigthed factor:
              precision    recall  f1-score   support

          -1      0.997     0.987     0.992 2362778.0648897067
           1      0.323     0.678     0.437 21540.81862118204

    accuracy                          0.984 2384318.8835108886
   macro avg      0.660     0.832     0.715 2384318.8835108886
weighted avg      0.991     0.984     0.987 2384318.8835108886

Label binary OFFICE classification report:
Normal:
              precision    recall  f1-score   support

          -1      0.986     0.993     0.990    101402
           1      0.375     0.236     0.290      1828

    accuracy                          0.980    103230
   macro avg      0.681     0.615     0.640    103230
weighted avg      0.976     0.980     0.977    103230

Weigthed:
              precision    recall  f1-score   support

          -1      0.997     0.993     0.995 23.59545470739267
           1      0.105     0.236     0.146 0.08333369741151772

    accuracy                          0.990 23.678788404804187
   macro avg      0.551     0.615     0.570 23.678788404804187
weighted avg      0.994     0.990     0.992 23.678788404804187

Weigthed factor:
              precision    recall  f1-score   support

          -1      0.997     0.993     0.995 2435758.7894483097
           1      0.105     0.236     0.146 8602.537583791442

    accuracy                          0.990 2444361.3270321013
   macro avg      0.551     0.615     0.570 2444361.3270321013
weighted avg      0.994     0.990     0.992 2444361.3270321013

Label binary OTHER classification report:
Normal:
              precision    recall  f1-score   support

          -1      0.993     0.996     0.994    101898
           1      0.598     0.476     0.530      1332

    accuracy                          0.989    103230
   macro avg      0.796     0.736     0.762    103230
weighted avg      0.988     0.989     0.988    103230

Weigthed:
              precision    recall  f1-score   support

          -1      0.999     0.996     0.997 24.451419712609795
           1      0.192     0.476     0.274 0.05104197806801233

    accuracy                          0.995 24.50246169067781
   macro avg      0.595     0.736     0.636 24.50246169067781
weighted avg      0.997     0.995     0.996 24.50246169067781

Weigthed factor:
              precision    recall  f1-score   support

          -1      0.999     0.996     0.997 2524120.056935215
           1      0.192     0.476     0.274 5269.063395960691

    accuracy                          0.995 2529389.1203311756
   macro avg      0.595     0.736     0.636 2529389.1203311756
weighted avg      0.997     0.995     0.996 2529389.1203311756

Label binary PUBLIC classification report:
Normal:
              precision    recall  f1-score   support

          -1      0.979     0.990     0.984    100254
           1      0.448     0.279     0.343      2976

    accuracy                          0.969    103230
   macro avg      0.713     0.634     0.664    103230
weighted avg      0.964     0.969     0.966    103230

Weigthed:
              precision    recall  f1-score   support

          -1      0.997     0.990     0.993 24.105090280657826
           1      0.113     0.279     0.161 0.1126099933369016

    accuracy                          0.986 24.21770027399473
   macro avg      0.555     0.634     0.577 24.21770027399473
weighted avg      0.992     0.986     0.989 24.21770027399473

Weigthed factor:
              precision    recall  f1-score   support

          -1      0.997     0.990     0.993 2488368.469672821
           1      0.113     0.279     0.161 11624.729612168085

    accuracy                          0.986 2499993.199284989
   macro avg      0.555     0.634     0.577 2499993.199284989
weighted avg      0.992     0.986     0.989 2499993.199284989

Label binary RESIDENTIAL classification report:
Normal:
              precision    recall  f1-score   support

          -1      0.945     0.983     0.963     90173
           1      0.836     0.604     0.701     13057

    accuracy                          0.935    103230
   macro avg      0.890     0.793     0.832    103230
weighted avg      0.931     0.935     0.930    103230

Weigthed:
              precision    recall  f1-score   support

          -1      0.232     0.983     0.375 0.43396226415179473
           1      0.997     0.604     0.752 3.570658776710765

    accuracy                          0.645 4.00462104086256
   macro avg      0.614     0.793     0.563 4.00462104086256
weighted avg      0.914     0.645     0.711 4.00462104086256

Weigthed factor:
              precision    recall  f1-score   support

          -1      0.232     0.983     0.375 44797.92452830903
           1      0.997     0.604     0.752 368599.10551971087

    accuracy                          0.645 413397.0300480199
   macro avg      0.614     0.793     0.563 413397.0300480199
weighted avg      0.914     0.645     0.711 413397.0300480199

Label binary RETAIL classification report:
Normal:
              precision    recall  f1-score   support

          -1      0.984     0.996     0.990    101137
           1      0.492     0.210     0.294      2093

    accuracy                          0.980    103230
   macro avg      0.738     0.603     0.642    103230
weighted avg      0.974     0.980     0.976    103230

Weigthed:
              precision    recall  f1-score   support

          -1      0.997     0.996     0.996 23.8331836755986
           1      0.149     0.210     0.174 0.08921851198210004

    accuracy                          0.993 23.9224021875807
   macro avg      0.573     0.603     0.585 23.9224021875807
weighted avg      0.994     0.993     0.993 23.9224021875807

Weigthed factor:
              precision    recall  f1-score   support

          -1      0.997     0.996     0.996 2460299.5508419247
           1      0.149     0.210     0.174 9210.026991912491

    accuracy                          0.993 2469509.5778338374
   macro avg      0.573     0.603     0.585 2469509.5778338374
weighted avg      0.994     0.993     0.993 2469509.5778338374

Global classification report:
Normal:
              precision    recall  f1-score   support

 AGRICULTURE      0.719     0.666     0.691       338
  INDUSTRIAL      0.723     0.666     0.693      4490
      OFFICE      0.427     0.197     0.269      1828
       OTHER      0.618     0.469     0.533      1332
      PUBLIC      0.491     0.288     0.363      2976
 RESIDENTIAL      0.942     0.986     0.963     90173
      RETAIL      0.509     0.211     0.298      2093

    accuracy                          0.914    103230
   macro avg      0.633     0.497     0.545    103230
weighted avg      0.897     0.914     0.902    103230

Weigthed:
              precision    recall  f1-score   support

 AGRICULTURE      0.842     0.666     0.743 0.021165351803581825
  INDUSTRIAL      0.792     0.666     0.723 0.20866820324695132
      OFFICE      0.532     0.197     0.287 0.08333369741151772
       OTHER      0.693     0.469     0.560 0.05104197806801233
      PUBLIC      0.600     0.288     0.389 0.1126099933369016
 RESIDENTIAL      0.650     0.986     0.784 0.43396226415179473
      RETAIL      0.614     0.211     0.314 0.08921851198210004

    accuracy                          0.672 1.0000000000008595
   macro avg      0.675     0.497     0.543 1.0000000000008595
weighted avg      0.667     0.672     0.631 1.0000000000008595

Weigthed factor:
              precision    recall  f1-score   support

 AGRICULTURE      0.842     0.666     0.743 2184.8992666837444
  INDUSTRIAL      0.792     0.666     0.723 21540.81862118204
      OFFICE      0.532     0.197     0.287 8602.537583791442
       OTHER      0.693     0.469     0.560 5269.063395960691
      PUBLIC      0.600     0.288     0.389 11624.729612168085
 RESIDENTIAL      0.650     0.986     0.784 44797.92452830903
      RETAIL      0.614     0.211     0.314 9210.026991912491

    accuracy                          0.672 103230.00000000751
   macro avg      0.675     0.497     0.543 103230.00000000751
weighted avg      0.667     0.672     0.631 103230.00000000751

