---------------------------------OVA-DES MODEL--------------------------------

Fold 0:
1584904499.9298549
Load AGRICULTURE model:
Training...
Predicting...
Local clasification report:
              precision    recall  f1-score   support

          -1       1.00      1.00      1.00     20577
           1       0.68      0.74      0.71        69

    accuracy                           1.00     20646
   macro avg       0.84      0.87      0.85     20646
weighted avg       1.00      1.00      1.00     20646

Load INDUSTRIAL model:
Training...
Predicting...
Local clasification report:
              precision    recall  f1-score   support

          -1       0.99      0.99      0.99     19726
           1       0.70      0.70      0.70       920

    accuracy                           0.97     20646
   macro avg       0.84      0.85      0.84     20646
weighted avg       0.97      0.97      0.97     20646

Load OFFICE model:
Training...
Predicting...
Local clasification report:
              precision    recall  f1-score   support

          -1       0.99      0.99      0.99     20299
           1       0.35      0.20      0.26       347

    accuracy                           0.98     20646
   macro avg       0.67      0.60      0.62     20646
weighted avg       0.98      0.98      0.98     20646

Load OTHER model:
Training...
Predicting...
Local clasification report:
              precision    recall  f1-score   support

          -1       0.99      1.00      0.99     20385
           1       0.60      0.47      0.53       261

    accuracy                           0.99     20646
   macro avg       0.80      0.73      0.76     20646
weighted avg       0.99      0.99      0.99     20646

Load PUBLIC model:
Training...
Predicting...
Local clasification report:
              precision    recall  f1-score   support

          -1       0.98      0.99      0.98     20038
           1       0.44      0.27      0.33       608

    accuracy                           0.97     20646
   macro avg       0.71      0.63      0.66     20646
weighted avg       0.96      0.97      0.96     20646

Load RESIDENTIAL model:
Training...
Predicting...
Local clasification report:
              precision    recall  f1-score   support

          -1       0.95      0.96      0.96     18026
           1       0.72      0.68      0.70      2620

    accuracy                           0.93     20646
   macro avg       0.84      0.82      0.83     20646
weighted avg       0.92      0.93      0.93     20646

Load RETAIL model:
Training...
Predicting...
Local clasification report:
              precision    recall  f1-score   support

          -1       0.98      1.00      0.99     20231
           1       0.58      0.19      0.28       415

    accuracy                           0.98     20646
   macro avg       0.78      0.59      0.64     20646
weighted avg       0.98      0.98      0.98     20646

1584904985.704284
1584905167.9444664
Fold classification report:
              precision    recall  f1-score   support

 AGRICULTURE       0.68      0.49      0.57        69
  INDUSTRIAL       0.68      0.62      0.65       920
      OFFICE       0.37      0.20      0.26       347
       OTHER       0.48      0.29      0.36       261
      PUBLIC       0.43      0.22      0.29       608
 RESIDENTIAL       0.93      0.98      0.96     18026
      RETAIL       0.50      0.18      0.27       415

    accuracy                           0.90     20646
   macro avg       0.58      0.43      0.48     20646
weighted avg       0.88      0.90      0.89     20646


Fold 1:
1584905168.3237863
Load AGRICULTURE model:
Training...
Predicting...
Local clasification report:
              precision    recall  f1-score   support

          -1       1.00      1.00      1.00     20576
           1       0.70      0.74      0.72        70

    accuracy                           1.00     20646
   macro avg       0.85      0.87      0.86     20646
weighted avg       1.00      1.00      1.00     20646

Load INDUSTRIAL model:
Training...
Predicting...
Local clasification report:
              precision    recall  f1-score   support

          -1       0.98      0.99      0.99     19748
           1       0.70      0.66      0.68       898

    accuracy                           0.97     20646
   macro avg       0.84      0.82      0.83     20646
weighted avg       0.97      0.97      0.97     20646

Load OFFICE model:
Training...
Predicting...
Local clasification report:
              precision    recall  f1-score   support

          -1       0.99      0.99      0.99     20282
           1       0.38      0.22      0.28       364

    accuracy                           0.98     20646
   macro avg       0.68      0.61      0.63     20646
weighted avg       0.98      0.98      0.98     20646

Load OTHER model:
Training...
Predicting...
Local clasification report:
              precision    recall  f1-score   support

          -1       0.99      1.00      0.99     20358
           1       0.61      0.41      0.49       288

    accuracy                           0.99     20646
   macro avg       0.80      0.70      0.74     20646
weighted avg       0.99      0.99      0.99     20646

Load PUBLIC model:
Training...
Predicting...
Local clasification report:
              precision    recall  f1-score   support

          -1       0.98      0.99      0.98     19998
           1       0.45      0.28      0.35       648

    accuracy                           0.97     20646
   macro avg       0.71      0.63      0.66     20646
weighted avg       0.96      0.97      0.96     20646

Load RESIDENTIAL model:
Training...
Predicting...
Local clasification report:
              precision    recall  f1-score   support

          -1       0.95      0.96      0.96     17958
           1       0.73      0.68      0.70      2688

    accuracy                           0.93     20646
   macro avg       0.84      0.82      0.83     20646
weighted avg       0.92      0.93      0.92     20646

Load RETAIL model:
Training...
Predicting...
Local clasification report:
              precision    recall  f1-score   support

          -1       0.98      1.00      0.99     20226
           1       0.59      0.20      0.29       420

    accuracy                           0.98     20646
   macro avg       0.79      0.60      0.64     20646
weighted avg       0.98      0.98      0.98     20646

1584905589.9293675
1584905772.2135582
Fold classification report:
              precision    recall  f1-score   support

 AGRICULTURE       0.71      0.51      0.60        70
  INDUSTRIAL       0.67      0.61      0.64       898
      OFFICE       0.37      0.16      0.22       364
       OTHER       0.52      0.26      0.35       288
      PUBLIC       0.40      0.23      0.29       648
 RESIDENTIAL       0.93      0.98      0.96     17958
      RETAIL       0.54      0.18      0.27       420

    accuracy                           0.90     20646
   macro avg       0.59      0.42      0.47     20646
weighted avg       0.88      0.90      0.89     20646


Fold 2:
1584905772.5827518
Load AGRICULTURE model:
Training...
Predicting...
Local clasification report:
              precision    recall  f1-score   support

          -1       1.00      1.00      1.00     20576
           1       0.68      0.69      0.68        70

    accuracy                           1.00     20646
   macro avg       0.84      0.84      0.84     20646
weighted avg       1.00      1.00      1.00     20646

Load INDUSTRIAL model:
Training...
Predicting...
Local clasification report:
              precision    recall  f1-score   support

          -1       0.99      0.99      0.99     19765
           1       0.71      0.68      0.69       881

    accuracy                           0.97     20646
   macro avg       0.85      0.83      0.84     20646
weighted avg       0.97      0.97      0.97     20646

Load OFFICE model:
Training...
Predicting...
Local clasification report:
              precision    recall  f1-score   support

          -1       0.99      0.99      0.99     20265
           1       0.38      0.20      0.26       381

    accuracy                           0.98     20646
   macro avg       0.68      0.60      0.62     20646
weighted avg       0.97      0.98      0.98     20646

Load OTHER model:
Training...
Predicting...
Local clasification report:
              precision    recall  f1-score   support

          -1       0.99      1.00      0.99     20384
           1       0.58      0.48      0.53       262

    accuracy                           0.99     20646
   macro avg       0.79      0.74      0.76     20646
weighted avg       0.99      0.99      0.99     20646

Load PUBLIC model:
Training...
Predicting...
Local clasification report:
              precision    recall  f1-score   support

          -1       0.98      0.99      0.98     20054
           1       0.46      0.26      0.33       592

    accuracy                           0.97     20646
   macro avg       0.72      0.63      0.66     20646
weighted avg       0.96      0.97      0.97     20646

Load RESIDENTIAL model:
Training...
Predicting...
Local clasification report:
              precision    recall  f1-score   support

          -1       0.95      0.96      0.96     18046
           1       0.72      0.68      0.70      2600

    accuracy                           0.93     20646
   macro avg       0.84      0.82      0.83     20646
weighted avg       0.92      0.93      0.93     20646

Load RETAIL model:
Training...
Predicting...
Local clasification report:
              precision    recall  f1-score   support

          -1       0.98      1.00      0.99     20232
           1       0.56      0.18      0.27       414

    accuracy                           0.98     20646
   macro avg       0.77      0.59      0.63     20646
weighted avg       0.97      0.98      0.98     20646

1584906217.8716168
1584906395.0671782
Fold classification report:
              precision    recall  f1-score   support

 AGRICULTURE       0.71      0.43      0.54        70
  INDUSTRIAL       0.66      0.61      0.64       881
      OFFICE       0.36      0.15      0.21       381
       OTHER       0.49      0.28      0.36       262
      PUBLIC       0.39      0.20      0.26       592
 RESIDENTIAL       0.93      0.98      0.96     18046
      RETAIL       0.51      0.19      0.28       414

    accuracy                           0.90     20646
   macro avg       0.58      0.41      0.46     20646
weighted avg       0.88      0.90      0.89     20646


Fold 3:
1584906395.4247684
Load AGRICULTURE model:
Training...
Predicting...
Local clasification report:
              precision    recall  f1-score   support

          -1       1.00      1.00      1.00     20585
           1       0.72      0.67      0.69        61

    accuracy                           1.00     20646
   macro avg       0.86      0.84      0.85     20646
weighted avg       1.00      1.00      1.00     20646

Load INDUSTRIAL model:
Training...
Predicting...
Local clasification report:
              precision    recall  f1-score   support

          -1       0.99      0.99      0.99     19772
           1       0.68      0.67      0.68       874

    accuracy                           0.97     20646
   macro avg       0.83      0.83      0.83     20646
weighted avg       0.97      0.97      0.97     20646

Load OFFICE model:
Training...
Predicting...
Local clasification report:
              precision    recall  f1-score   support

          -1       0.99      0.99      0.99     20263
           1       0.39      0.20      0.27       383

    accuracy                           0.98     20646
   macro avg       0.69      0.60      0.63     20646
weighted avg       0.97      0.98      0.98     20646

Load OTHER model:
Training...
Predicting...
Local clasification report:
              precision    recall  f1-score   support

          -1       0.99      1.00      1.00     20401
           1       0.65      0.44      0.52       245

    accuracy                           0.99     20646
   macro avg       0.82      0.72      0.76     20646
weighted avg       0.99      0.99      0.99     20646

Load PUBLIC model:
Training...
Predicting...
Local clasification report:
              precision    recall  f1-score   support

          -1       0.98      0.99      0.99     20097
           1       0.47      0.30      0.37       549

    accuracy                           0.97     20646
   macro avg       0.73      0.64      0.68     20646
weighted avg       0.97      0.97      0.97     20646

Load RESIDENTIAL model:
Training...
Predicting...
Local clasification report:
              precision    recall  f1-score   support

          -1       0.96      0.96      0.96     18124
           1       0.71      0.68      0.70      2522

    accuracy                           0.93     20646
   macro avg       0.83      0.82      0.83     20646
weighted avg       0.93      0.93      0.93     20646

Load RETAIL model:
Training...
Predicting...
Local clasification report:
              precision    recall  f1-score   support

          -1       0.98      1.00      0.99     20236
           1       0.58      0.21      0.31       410

    accuracy                           0.98     20646
   macro avg       0.78      0.60      0.65     20646
weighted avg       0.98      0.98      0.98     20646

1584906820.9134808
1584907003.8273492
Fold classification report:
              precision    recall  f1-score   support

 AGRICULTURE       0.70      0.38      0.49        61
  INDUSTRIAL       0.65      0.59      0.62       874
      OFFICE       0.35      0.14      0.20       383
       OTHER       0.51      0.27      0.35       245
      PUBLIC       0.40      0.24      0.30       549
 RESIDENTIAL       0.94      0.99      0.96     18124
      RETAIL       0.47      0.20      0.28       410

    accuracy                           0.91     20646
   macro avg       0.57      0.40      0.46     20646
weighted avg       0.89      0.91      0.89     20646


Fold 4:
1584907004.2032056
Load AGRICULTURE model:
Training...
Predicting...
Local clasification report:
              precision    recall  f1-score   support

          -1       1.00      1.00      1.00     20578
           1       0.66      0.68      0.67        68

    accuracy                           1.00     20646
   macro avg       0.83      0.84      0.83     20646
weighted avg       1.00      1.00      1.00     20646

Load INDUSTRIAL model:
Training...
Predicting...
Local clasification report:
              precision    recall  f1-score   support

          -1       0.98      0.99      0.99     19729
           1       0.71      0.68      0.69       917

    accuracy                           0.97     20646
   macro avg       0.85      0.83      0.84     20646
weighted avg       0.97      0.97      0.97     20646

Load OFFICE model:
Training...
Predicting...
Local clasification report:
              precision    recall  f1-score   support

          -1       0.99      0.99      0.99     20293
           1       0.41      0.25      0.31       353

    accuracy                           0.98     20646
   macro avg       0.70      0.62      0.65     20646
weighted avg       0.98      0.98      0.98     20646

Load OTHER model:
Training...
Predicting...
Local clasification report:
              precision    recall  f1-score   support

          -1       0.99      1.00      0.99     20370
           1       0.61      0.50      0.55       276

    accuracy                           0.99     20646
   macro avg       0.80      0.75      0.77     20646
weighted avg       0.99      0.99      0.99     20646

Load PUBLIC model:
Training...
Predicting...
Local clasification report:
              precision    recall  f1-score   support

          -1       0.98      0.99      0.99     20067
           1       0.47      0.27      0.35       579

    accuracy                           0.97     20646
   macro avg       0.73      0.63      0.67     20646
weighted avg       0.97      0.97      0.97     20646

Load RESIDENTIAL model:
Training...
Predicting...
Local clasification report:
              precision    recall  f1-score   support

          -1       0.96      0.96      0.96     18019
           1       0.73      0.69      0.71      2627

    accuracy                           0.93     20646
   macro avg       0.84      0.83      0.83     20646
weighted avg       0.93      0.93      0.93     20646

Load RETAIL model:
Training...
Predicting...
Local clasification report:
              precision    recall  f1-score   support

          -1       0.98      1.00      0.99     20212
           1       0.62      0.20      0.31       434

    accuracy                           0.98     20646
   macro avg       0.80      0.60      0.65     20646
weighted avg       0.98      0.98      0.98     20646

1584907424.522536
1584907607.3931613
Fold classification report:
              precision    recall  f1-score   support

 AGRICULTURE       0.68      0.47      0.56        68
  INDUSTRIAL       0.69      0.61      0.65       917
      OFFICE       0.35      0.18      0.24       353
       OTHER       0.51      0.28      0.36       276
      PUBLIC       0.44      0.24      0.31       579
 RESIDENTIAL       0.94      0.98      0.96     18019
      RETAIL       0.48      0.18      0.26       434

    accuracy                           0.91     20646
   macro avg       0.58      0.42      0.48     20646
weighted avg       0.88      0.91      0.89     20646

Global classification report:
              precision    recall  f1-score   support

 AGRICULTURE       0.70      0.46      0.55       338
  INDUSTRIAL       0.67      0.61      0.64      4490
      OFFICE       0.36      0.16      0.23      1828
       OTHER       0.50      0.28      0.36      1332
      PUBLIC       0.41      0.23      0.29      2976
 RESIDENTIAL       0.93      0.98      0.96     90173
      RETAIL       0.50      0.18      0.27      2093

    accuracy                           0.90    103230
   macro avg       0.58      0.41      0.47    103230
weighted avg       0.88      0.90      0.89    103230

Save new train
