---------------------------------OVA MODEL--------------------------------

Fold 0:
Load AGRICULTURE model:
Training...
Predicting...
Local clasification report:
Normal:
              precision    recall  f1-score   support

          -1       1.00      1.00      1.00     20577
           1       0.71      0.58      0.64        69

    accuracy                           1.00     20646
   macro avg       0.86      0.79      0.82     20646
weighted avg       1.00      1.00      1.00     20646

Weigthed:
              precision    recall  f1-score   support

          -1       1.00      1.00      1.00 458097.5284404593
           1       0.42      0.58      0.49 446.02973195614675

    accuracy                           1.00 458543.5581724154
   macro avg       0.71      0.79      0.74 458543.5581724154
weighted avg       1.00      1.00      1.00 458543.5581724154

Load INDUSTRIAL model:
Training...
Predicting...
Local clasification report:
Normal:
              precision    recall  f1-score   support

          -1       0.99      0.99      0.99     19726
           1       0.71      0.71      0.71       920

    accuracy                           0.97     20646
   macro avg       0.85      0.85      0.85     20646
weighted avg       0.97      0.97      0.97     20646

Weigthed:
              precision    recall  f1-score   support

          -1       1.00      0.99      0.99 472029.16860499367
           1       0.33      0.71      0.45 4413.708937970392

    accuracy                           0.98 476442.87754296407
   macro avg       0.67      0.85      0.72 476442.87754296407
weighted avg       0.99      0.98      0.99 476442.87754296407

Load OFFICE model:
Training...
Predicting...
Local clasification report:
Normal:
              precision    recall  f1-score   support

          -1       0.99      0.99      0.99     20299
           1       0.39      0.20      0.27       347

    accuracy                           0.98     20646
   macro avg       0.69      0.60      0.63     20646
weighted avg       0.98      0.98      0.98     20646

Weigthed:
              precision    recall  f1-score   support

          -1       1.00      0.99      1.00 487598.5450675699
           1       0.11      0.20      0.14 1632.9762262448069

    accuracy                           0.99 489231.5212938147
   macro avg       0.55      0.60      0.57 489231.5212938147
weighted avg       0.99      0.99      0.99 489231.5212938147

Load OTHER model:
Training...
Predicting...
Local clasification report:
Normal:
              precision    recall  f1-score   support

          -1       0.99      1.00      0.99     20385
           1       0.60      0.48      0.53       261

    accuracy                           0.99     20646
   macro avg       0.80      0.74      0.76     20646
weighted avg       0.99      0.99      0.99     20646

Weigthed:
              precision    recall  f1-score   support

          -1       1.00      1.00      1.00 504957.77503472177
           1       0.19      0.48      0.27 1032.4516113706948

    accuracy                           0.99 505990.2266460925
   macro avg       0.60      0.74      0.64 505990.2266460925
weighted avg       1.00      0.99      1.00 505990.2266460925

Load PUBLIC model:
Training...
Predicting...
Local clasification report:
Normal:
              precision    recall  f1-score   support

          -1       0.98      0.99      0.98     20038
           1       0.44      0.26      0.32       608

    accuracy                           0.97     20646
   macro avg       0.71      0.62      0.65     20646
weighted avg       0.96      0.97      0.96     20646

Weigthed:
              precision    recall  f1-score   support

          -1       1.00      0.99      0.99 497355.989738998
           1       0.11      0.26      0.15 2374.94475947527

    accuracy                           0.99 499730.93449847325
   macro avg       0.55      0.62      0.57 499730.93449847325
weighted avg       0.99      0.99      0.99 499730.93449847325

Load RESIDENTIAL model:
Training...
Predicting...
Local clasification report:
Normal:
              precision    recall  f1-score   support

          -1       0.95      0.96      0.96     18026
           1       0.72      0.68      0.70      2620

    accuracy                           0.93     20646
   macro avg       0.84      0.82      0.83     20646
weighted avg       0.93      0.93      0.93     20646

Weigthed:
              precision    recall  f1-score   support

          -1       0.27      0.96      0.42 8955.312427748553
           1       0.99      0.68      0.81 73962.59910100247

    accuracy                           0.71 82917.91152875102
   macro avg       0.63      0.82      0.61 82917.91152875102
weighted avg       0.92      0.71      0.77 82917.91152875102

Load RETAIL model:
Training...
Predicting...
Local clasification report:
Normal:
              precision    recall  f1-score   support

          -1       0.98      1.00      0.99     20231
           1       0.62      0.18      0.28       415

    accuracy                           0.98     20646
   macro avg       0.80      0.59      0.64     20646
weighted avg       0.98      0.98      0.98     20646

Weigthed:
              precision    recall  f1-score   support

          -1       1.00      1.00      1.00 492147.4852226726
           1       0.23      0.18      0.20 1826.163975940597

    accuracy                           0.99 493973.6491986132
   macro avg       0.61      0.59      0.60 493973.6491986132
weighted avg       0.99      0.99      0.99 493973.6491986132

Fold classification report:
Normal
              precision    recall  f1-score   support

 AGRICULTURE       0.67      0.62      0.65        69
  INDUSTRIAL       0.69      0.70      0.70       920
      OFFICE       0.36      0.18      0.24       347
       OTHER       0.55      0.51      0.53       261
      PUBLIC       0.42      0.34      0.37       608
 RESIDENTIAL       0.95      0.98      0.96     18026
      RETAIL       0.57      0.19      0.29       415

    accuracy                           0.91     20646
   macro avg       0.60      0.50      0.53     20646
weighted avg       0.90      0.91      0.90     20646

Weigthed:
              precision    recall  f1-score   support

 AGRICULTURE       0.79      0.62      0.70 0.0043207374983643045
  INDUSTRIAL       0.78      0.70      0.74 0.04275606837131091
      OFFICE       0.48      0.18      0.27 0.015818814552405382
       OTHER       0.65      0.51      0.57 0.010001468675488595
      PUBLIC       0.59      0.34      0.43 0.023006342724743344
 RESIDENTIAL       0.67      0.98      0.79 0.08675106488177468
      RETAIL       0.71      0.19      0.30 0.017690244850727403

    accuracy                           0.68 0.20034474155481463
   macro avg       0.67      0.50      0.54 0.20034474155481463
weighted avg       0.67      0.68      0.64 0.20034474155481463


Fold 1:
Load AGRICULTURE model:
Training...
Predicting...
Local clasification report:
Normal:
              precision    recall  f1-score   support

          -1       1.00      1.00      1.00     20576
           1       0.68      0.59      0.63        70

    accuracy                           1.00     20646
   macro avg       0.84      0.79      0.81     20646
weighted avg       1.00      1.00      1.00     20646

Weigthed:
              precision    recall  f1-score   support

          -1       1.00      1.00      1.00 458075.2658400588
           1       0.39      0.59      0.46 452.49393097000393

    accuracy                           1.00 458527.7597710288
   macro avg       0.69      0.79      0.73 458527.7597710288
weighted avg       1.00      1.00      1.00 458527.7597710288

Load INDUSTRIAL model:
Training...
Predicting...
Local clasification report:
Normal:
              precision    recall  f1-score   support

          -1       0.98      0.99      0.99     19748
           1       0.71      0.67      0.69       898

    accuracy                           0.97     20646
   macro avg       0.85      0.83      0.84     20646
weighted avg       0.97      0.97      0.97     20646

Weigthed:
              precision    recall  f1-score   support

          -1       1.00      0.99      0.99 472555.6129783744
           1       0.32      0.67      0.44 4308.163724236327

    accuracy                           0.98 476863.7767026107
   macro avg       0.66      0.83      0.71 476863.7767026107
weighted avg       0.99      0.98      0.99 476863.7767026107

Load OFFICE model:
Training...
Predicting...
Local clasification report:
Normal:
              precision    recall  f1-score   support

          -1       0.99      0.99      0.99     20282
           1       0.38      0.19      0.25       364

    accuracy                           0.98     20646
   macro avg       0.68      0.59      0.62     20646
weighted avg       0.97      0.98      0.98     20646

Weigthed:
              precision    recall  f1-score   support

          -1       1.00      0.99      1.00 487190.1911946624
           1       0.11      0.19      0.14 1712.9779433807187

    accuracy                           0.99 488903.16913804313
   macro avg       0.55      0.59      0.57 488903.16913804313
weighted avg       0.99      0.99      0.99 488903.16913804313

Load OTHER model:
Training...
Predicting...
Local clasification report:
Normal:
              precision    recall  f1-score   support

          -1       0.99      1.00      0.99     20358
           1       0.63      0.43      0.51       288

    accuracy                           0.99     20646
   macro avg       0.81      0.71      0.75     20646
weighted avg       0.99      0.99      0.99     20646

Weigthed:
              precision    recall  f1-score   support

          -1       1.00      1.00      1.00 504288.95678964275
           1       0.21      0.43      0.28 1139.2569504780056

    accuracy                           1.00 505428.21374012076
   macro avg       0.60      0.71      0.64 505428.21374012076
weighted avg       1.00      1.00      1.00 505428.21374012076

Load PUBLIC model:
Training...
Predicting...
Local clasification report:
Normal:
              precision    recall  f1-score   support

          -1       0.98      0.99      0.98     19998
           1       0.46      0.28      0.35       648

    accuracy                           0.97     20646
   macro avg       0.72      0.63      0.67     20646
weighted avg       0.96      0.97      0.96     20646

Weigthed:
              precision    recall  f1-score   support

          -1       1.00      0.99      0.99 496363.16412818106
           1       0.12      0.28      0.17 2531.1911252302298

    accuracy                           0.99 498894.3552534113
   macro avg       0.56      0.63      0.58 498894.3552534113
weighted avg       0.99      0.99      0.99 498894.3552534113

Load RESIDENTIAL model:
Training...
Predicting...
Local clasification report:
Normal:
              precision    recall  f1-score   support

          -1       0.95      0.96      0.96     17958
           1       0.73      0.67      0.70      2688

    accuracy                           0.92     20646
   macro avg       0.84      0.82      0.83     20646
weighted avg       0.92      0.92      0.92     20646

Weigthed:
              precision    recall  f1-score   support

          -1       0.26      0.96      0.41 8921.530044242112
           1       0.99      0.67      0.80 75882.23907767006

    accuracy                           0.71 84803.76912191218
   macro avg       0.63      0.82      0.61 84803.76912191218
weighted avg       0.92      0.71      0.76 84803.76912191218

Load RETAIL model:
Training...
Predicting...
Local clasification report:
Normal:
              precision    recall  f1-score   support

          -1       0.98      1.00      0.99     20226
           1       0.57      0.19      0.28       420

    accuracy                           0.98     20646
   macro avg       0.77      0.59      0.63     20646
weighted avg       0.97      0.98      0.98     20646

Weigthed:
              precision    recall  f1-score   support

          -1       1.00      1.00      1.00 492025.8532012148
           1       0.19      0.19      0.19 1848.1659515543395

    accuracy                           0.99 493874.0191527691
   macro avg       0.59      0.59      0.59 493874.0191527691
weighted avg       0.99      0.99      0.99 493874.0191527691

Fold classification report:
Normal
              precision    recall  f1-score   support

 AGRICULTURE       0.63      0.53      0.57        70
  INDUSTRIAL       0.69      0.68      0.69       898
      OFFICE       0.37      0.19      0.25       364
       OTHER       0.59      0.49      0.54       288
      PUBLIC       0.43      0.33      0.37       648
 RESIDENTIAL       0.94      0.98      0.96     17958
      RETAIL       0.55      0.18      0.27       420

    accuracy                           0.91     20646
   macro avg       0.60      0.48      0.52     20646
weighted avg       0.89      0.91      0.90     20646

Weigthed:
              precision    recall  f1-score   support

 AGRICULTURE       0.79      0.53      0.63 0.00438335688239857
  INDUSTRIAL       0.76      0.68      0.72 0.04173364064938821
      OFFICE       0.52      0.19      0.28 0.016593799703387802
       OTHER       0.68      0.49      0.57 0.01103610336605638
      PUBLIC       0.56      0.33      0.41 0.024519917904002774
 RESIDENTIAL       0.66      0.98      0.79 0.08642381133623155
      RETAIL       0.62      0.18      0.28 0.017903380330856655

    accuracy                           0.67 0.20259401017232193
   macro avg       0.66      0.48      0.53 0.20259401017232193
weighted avg       0.66      0.67      0.63 0.20259401017232193


Fold 2:
Load AGRICULTURE model:
Training...
Predicting...
Local clasification report:
Normal:
              precision    recall  f1-score   support

          -1       1.00      1.00      1.00     20576
           1       0.74      0.57      0.65        70

    accuracy                           1.00     20646
   macro avg       0.87      0.79      0.82     20646
weighted avg       1.00      1.00      1.00     20646

Weigthed:
              precision    recall  f1-score   support

          -1       1.00      1.00      1.00 458075.2658400588
           1       0.45      0.57      0.51 452.49393097000393

    accuracy                           1.00 458527.7597710288
   macro avg       0.73      0.79      0.75 458527.7597710288
weighted avg       1.00      1.00      1.00 458527.7597710288

Load INDUSTRIAL model:
Training...
Predicting...
Local clasification report:
Normal:
              precision    recall  f1-score   support

          -1       0.99      0.99      0.99     19765
           1       0.69      0.67      0.68       881

    accuracy                           0.97     20646
   macro avg       0.84      0.83      0.83     20646
weighted avg       0.97      0.97      0.97     20646

Weigthed:
              precision    recall  f1-score   support

          -1       1.00      0.99      0.99 472962.41090325953
           1       0.31      0.67      0.42 4226.606059078185

    accuracy                           0.98 477189.0169623377
   macro avg       0.65      0.83      0.71 477189.0169623377
weighted avg       0.99      0.98      0.99 477189.0169623377

Load OFFICE model:
Training...
Predicting...
Local clasification report:
Normal:
              precision    recall  f1-score   support

          -1       0.98      0.99      0.99     20265
           1       0.38      0.18      0.24       381

    accuracy                           0.98     20646
   macro avg       0.68      0.59      0.62     20646
weighted avg       0.97      0.98      0.98     20646

Weigthed:
              precision    recall  f1-score   support

          -1       1.00      0.99      1.00 486781.83732175495
           1       0.11      0.18      0.13 1792.9796605166305

    accuracy                           0.99 488574.81698227156
   macro avg       0.55      0.59      0.56 488574.81698227156
weighted avg       0.99      0.99      0.99 488574.81698227156

Load OTHER model:
Training...
Predicting...
Local clasification report:
Normal:
              precision    recall  f1-score   support

          -1       0.99      1.00      0.99     20384
           1       0.56      0.47      0.51       262

    accuracy                           0.99     20646
   macro avg       0.78      0.73      0.75     20646
weighted avg       0.99      0.99      0.99     20646

Weigthed:
              precision    recall  f1-score   support

          -1       1.00      1.00      1.00 504933.0039886077
           1       0.17      0.47      0.25 1036.4073646709655

    accuracy                           0.99 505969.4113532787
   macro avg       0.58      0.73      0.62 505969.4113532787
weighted avg       1.00      0.99      1.00 505969.4113532787

Load PUBLIC model:
Training...
Predicting...
Local clasification report:
Normal:
              precision    recall  f1-score   support

          -1       0.98      0.99      0.99     20054
           1       0.49      0.25      0.33       592

    accuracy                           0.97     20646
   macro avg       0.73      0.62      0.66     20646
weighted avg       0.96      0.97      0.97     20646

Weigthed:
              precision    recall  f1-score   support

          -1       1.00      0.99      0.99 497753.1199833248
           1       0.13      0.25      0.17 2312.446213173286

    accuracy                           0.99 500065.56619649805
   macro avg       0.56      0.62      0.58 500065.56619649805
weighted avg       0.99      0.99      0.99 500065.56619649805

Load RESIDENTIAL model:
Training...
Predicting...
Local clasification report:
Normal:
              precision    recall  f1-score   support

          -1       0.95      0.96      0.96     18046
           1       0.73      0.67      0.70      2600

    accuracy                           0.93     20646
   macro avg       0.84      0.82      0.83     20646
weighted avg       0.93      0.93      0.93     20646

Weigthed:
              precision    recall  f1-score   support

          -1       0.26      0.96      0.41 8965.248422897506
           1       0.99      0.67      0.80 73397.99910786495

    accuracy                           0.70 82363.24753076246
   macro avg       0.63      0.82      0.61 82363.24753076246
weighted avg       0.91      0.70      0.76 82363.24753076246

Load RETAIL model:
Training...
Predicting...
Local clasification report:
Normal:
              precision    recall  f1-score   support

          -1       0.98      1.00      0.99     20232
           1       0.58      0.17      0.26       414

    accuracy                           0.98     20646
   macro avg       0.78      0.58      0.63     20646
weighted avg       0.98      0.98      0.98     20646

Weigthed:
              precision    recall  f1-score   support

          -1       1.00      1.00      1.00 492171.81162696413
           1       0.20      0.17      0.18 1821.7635808178486

    accuracy                           0.99 493993.575207782
   macro avg       0.60      0.58      0.59 493993.575207782
weighted avg       0.99      0.99      0.99 493993.575207782

Fold classification report:
Normal
              precision    recall  f1-score   support

 AGRICULTURE       0.71      0.59      0.64        70
  INDUSTRIAL       0.68      0.68      0.68       881
      OFFICE       0.38      0.18      0.24       381
       OTHER       0.53      0.51      0.52       262
      PUBLIC       0.45      0.33      0.38       592
 RESIDENTIAL       0.95      0.98      0.96     18046
      RETAIL       0.54      0.18      0.27       414

    accuracy                           0.91     20646
   macro avg       0.60      0.49      0.53     20646
weighted avg       0.90      0.91      0.90     20646

Weigthed:
              precision    recall  f1-score   support

 AGRICULTURE       0.84      0.59      0.69 0.00438335688239857
  INDUSTRIAL       0.77      0.68      0.72 0.04094358286426613
      OFFICE       0.52      0.18      0.27 0.017368784854370222
       OTHER       0.62      0.51      0.56 0.010039788478842957
      PUBLIC       0.58      0.33      0.42 0.022400912653039572
 RESIDENTIAL       0.66      0.98      0.79 0.08684731592458149
      RETAIL       0.63      0.18      0.28 0.017647617754701552

    accuracy                           0.67 0.1996313594122005
   macro avg       0.66      0.49      0.53 0.1996313594122005
weighted avg       0.66      0.67      0.63 0.1996313594122005


Fold 3:
Load AGRICULTURE model:
Training...
Predicting...
Local clasification report:
Normal:
              precision    recall  f1-score   support

          -1       1.00      1.00      1.00     20585
           1       0.65      0.56      0.60        61

    accuracy                           1.00     20646
   macro avg       0.83      0.78      0.80     20646
weighted avg       1.00      1.00      1.00     20646

Weigthed:
              precision    recall  f1-score   support

          -1       1.00      1.00      1.00 458275.62924366316
           1       0.35      0.56      0.43 394.3161398452893

    accuracy                           1.00 458669.94538350846
   macro avg       0.68      0.78      0.72 458669.94538350846
weighted avg       1.00      1.00      1.00 458669.94538350846

Load INDUSTRIAL model:
Training...
Predicting...
Local clasification report:
Normal:
              precision    recall  f1-score   support

          -1       0.99      0.99      0.99     19772
           1       0.70      0.66      0.68       874

    accuracy                           0.97     20646
   macro avg       0.84      0.82      0.83     20646
weighted avg       0.97      0.97      0.97     20646

Weigthed:
              precision    recall  f1-score   support

          -1       1.00      0.99      0.99 473129.9159311534
           1       0.31      0.66      0.43 4193.023491071892

    accuracy                           0.98 477322.9394222253
   macro avg       0.66      0.82      0.71 477322.9394222253
weighted avg       0.99      0.98      0.99 477322.9394222253

Load OFFICE model:
Training...
Predicting...
Local clasification report:
Normal:
              precision    recall  f1-score   support

          -1       0.98      0.99      0.99     20263
           1       0.39      0.17      0.24       383

    accuracy                           0.98     20646
   macro avg       0.69      0.58      0.61     20646
weighted avg       0.97      0.98      0.98     20646

Weigthed:
              precision    recall  f1-score   support

          -1       1.00      0.99      1.00 486733.7956896482
           1       0.11      0.17      0.13 1802.3916272385025

    accuracy                           0.99 488536.1873168867
   macro avg       0.55      0.58      0.57 488536.1873168867
weighted avg       0.99      0.99      0.99 488536.1873168867

Load OTHER model:
Training...
Predicting...
Local clasification report:
Normal:
              precision    recall  f1-score   support

          -1       0.99      1.00      0.99     20401
           1       0.61      0.44      0.51       245

    accuracy                           0.99     20646
   macro avg       0.80      0.72      0.75     20646
weighted avg       0.99      0.99      0.99     20646

Weigthed:
              precision    recall  f1-score   support

          -1       1.00      1.00      1.00 505354.11177254637
           1       0.20      0.44      0.28 969.1595585663608

    accuracy                           1.00 506323.2713311127
   macro avg       0.60      0.72      0.64 506323.2713311127
weighted avg       1.00      1.00      1.00 506323.2713311127

Load PUBLIC model:
Training...
Predicting...
Local clasification report:
Normal:
              precision    recall  f1-score   support

          -1       0.98      0.99      0.99     20097
           1       0.45      0.28      0.34       549

    accuracy                           0.97     20646
   macro avg       0.71      0.63      0.66     20646
weighted avg       0.97      0.97      0.97     20646

Weigthed:
              precision    recall  f1-score   support

          -1       1.00      0.99      0.99 498820.407514953
           1       0.11      0.28      0.16 2144.4813699867045

    accuracy                           0.99 500964.8888849397
   macro avg       0.56      0.63      0.58 500964.8888849397
weighted avg       0.99      0.99      0.99 500964.8888849397

Load RESIDENTIAL model:
Training...
Predicting...
Local clasification report:
Normal:
              precision    recall  f1-score   support

          -1       0.96      0.96      0.96     18124
           1       0.72      0.68      0.70      2522

    accuracy                           0.93     20646
   macro avg       0.84      0.82      0.83     20646
weighted avg       0.93      0.93      0.93     20646

Weigthed:
              precision    recall  f1-score   support

          -1       0.28      0.96      0.43 9003.998803978424
           1       0.99      0.68      0.81 71196.0591346286

    accuracy                           0.71 80200.05793860702
   macro avg       0.63      0.82      0.62 80200.05793860702
weighted avg       0.91      0.71      0.76 80200.05793860702

Load RETAIL model:
Training...
Predicting...
Local clasification report:
Normal:
              precision    recall  f1-score   support

          -1       0.98      1.00      0.99     20236
           1       0.63      0.22      0.33       410

    accuracy                           0.98     20646
   macro avg       0.81      0.61      0.66     20646
weighted avg       0.98      0.98      0.98     20646

Weigthed:
              precision    recall  f1-score   support

          -1       1.00      1.00      1.00 492269.11724413035
           1       0.24      0.22      0.23 1804.162000326855

    accuracy                           0.99 494073.2792444572
   macro avg       0.62      0.61      0.61 494073.2792444572
weighted avg       0.99      0.99      0.99 494073.2792444572

Fold classification report:
Normal
              precision    recall  f1-score   support

 AGRICULTURE       0.73      0.61      0.66        61
  INDUSTRIAL       0.67      0.68      0.67       874
      OFFICE       0.41      0.17      0.24       383
       OTHER       0.60      0.51      0.55       245
      PUBLIC       0.43      0.34      0.38       549
 RESIDENTIAL       0.95      0.98      0.96     18124
      RETAIL       0.55      0.22      0.32       410

    accuracy                           0.91     20646
   macro avg       0.62      0.50      0.54     20646
weighted avg       0.90      0.91      0.90     20646

Weigthed:
              precision    recall  f1-score   support

 AGRICULTURE       0.88      0.61      0.72 0.0038197824260901825
  INDUSTRIAL       0.76      0.68      0.72 0.04061826495274527
      OFFICE       0.57      0.17      0.26 0.017459959578015213
       OTHER       0.70      0.51      0.59 0.009388351821818797
      PUBLIC       0.54      0.34      0.42 0.020773819335335685
 RESIDENTIAL       0.67      0.98      0.80 0.08722269499152803
      RETAIL       0.69      0.22      0.34 0.01747710937059815

    accuracy                           0.68 0.19675998247613136
   macro avg       0.69      0.50      0.55 0.19675998247613136
weighted avg       0.67      0.68      0.64 0.19675998247613136


Fold 4:
Load AGRICULTURE model:
Training...
Predicting...
Local clasification report:
Normal:
              precision    recall  f1-score   support

          -1       1.00      1.00      1.00     20578
           1       0.71      0.59      0.65        68

    accuracy                           1.00     20646
   macro avg       0.86      0.79      0.82     20646
weighted avg       1.00      1.00      1.00     20646

Weigthed:
              precision    recall  f1-score   support

          -1       1.00      1.00      1.00 458119.79104085977
           1       0.42      0.59      0.49 439.56553294228956

    accuracy                           1.00 458559.35657380207
   macro avg       0.71      0.79      0.74 458559.35657380207
weighted avg       1.00      1.00      1.00 458559.35657380207

Load INDUSTRIAL model:
Training...
Predicting...
Local clasification report:
Normal:
              precision    recall  f1-score   support

          -1       0.99      0.99      0.99     19729
           1       0.71      0.68      0.70       917

    accuracy                           0.97     20646
   macro avg       0.85      0.84      0.84     20646
weighted avg       0.97      0.97      0.97     20646

Weigthed:
              precision    recall  f1-score   support

          -1       1.00      0.99      0.99 472100.95647409104
           1       0.33      0.68      0.44 4399.316408824838

    accuracy                           0.98 476500.27288291586
   macro avg       0.66      0.84      0.72 476500.27288291586
weighted avg       0.99      0.98      0.99 476500.27288291586

Load OFFICE model:
Training...
Predicting...
Local clasification report:
Normal:
              precision    recall  f1-score   support

          -1       0.99      0.99      0.99     20293
           1       0.41      0.22      0.29       353

    accuracy                           0.98     20646
   macro avg       0.70      0.61      0.64     20646
weighted avg       0.98      0.98      0.98     20646

Weigthed:
              precision    recall  f1-score   support

          -1       1.00      0.99      1.00 487454.4201712496
           1       0.12      0.22      0.16 1661.212126410423

    accuracy                           0.99 489115.63229766005
   macro avg       0.56      0.61      0.58 489115.63229766005
weighted avg       0.99      0.99      0.99 489115.63229766005

Load OTHER model:
Training...
Predicting...
Local clasification report:
Normal:
              precision    recall  f1-score   support

          -1       0.99      1.00      0.99     20370
           1       0.62      0.50      0.55       276

    accuracy                           0.99     20646
   macro avg       0.81      0.75      0.77     20646
weighted avg       0.99      0.99      0.99     20646

Weigthed:
              precision    recall  f1-score   support

          -1       1.00      1.00      1.00 504586.2093430112
           1       0.21      0.50      0.29 1091.7879108747563

    accuracy                           0.99 505677.99725388596
   macro avg       0.60      0.75      0.65 505677.99725388596
weighted avg       1.00      0.99      1.00 505677.99725388596

Load PUBLIC model:
Training...
Predicting...
Local clasification report:
Normal:
              precision    recall  f1-score   support

          -1       0.98      0.99      0.99     20067
           1       0.48      0.27      0.35       579

    accuracy                           0.97     20646
   macro avg       0.73      0.63      0.67     20646
weighted avg       0.97      0.97      0.97     20646

Weigthed:
              precision    recall  f1-score   support

          -1       1.00      0.99      0.99 498075.7883068403
           1       0.13      0.27      0.17 2261.6661443029243

    accuracy                           0.99 500337.4544511432
   macro avg       0.56      0.63      0.58 500337.4544511432
weighted avg       0.99      0.99      0.99 500337.4544511432

Load RESIDENTIAL model:
Training...
Predicting...
Local clasification report:
Normal:
              precision    recall  f1-score   support

          -1       0.96      0.96      0.96     18019
           1       0.73      0.69      0.71      2627

    accuracy                           0.93     20646
   macro avg       0.84      0.83      0.83     20646
weighted avg       0.93      0.93      0.93     20646

Weigthed:
              precision    recall  f1-score   support

          -1       0.27      0.96      0.42 8951.83482944642
           1       0.99      0.69      0.81 74160.20909860061

    accuracy                           0.72 83112.04392804703
   macro avg       0.63      0.83      0.62 83112.04392804703
weighted avg       0.92      0.72      0.77 83112.04392804703

Load RETAIL model:
Training...
Predicting...
Local clasification report:
Normal:
              precision    recall  f1-score   support

          -1       0.98      1.00      0.99     20212
           1       0.66      0.20      0.30       434

    accuracy                           0.98     20646
   macro avg       0.82      0.60      0.65     20646
weighted avg       0.98      0.98      0.98     20646

Weigthed:
              precision    recall  f1-score   support

          -1       1.00      1.00      1.00 491685.28354113305
           1       0.26      0.20      0.23 1909.7714832728182

    accuracy                           0.99 493595.0550244059
   macro avg       0.63      0.60      0.61 493595.0550244059
weighted avg       0.99      0.99      0.99 493595.0550244059

Fold classification report:
Normal
              precision    recall  f1-score   support

 AGRICULTURE       0.71      0.72      0.72        68
  INDUSTRIAL       0.69      0.69      0.69       917
      OFFICE       0.40      0.23      0.29       353
       OTHER       0.59      0.52      0.55       276
      PUBLIC       0.45      0.34      0.38       579
 RESIDENTIAL       0.95      0.98      0.96     18019
      RETAIL       0.61      0.22      0.33       434

    accuracy                           0.91     20646
   macro avg       0.63      0.53      0.56     20646
weighted avg       0.90      0.91      0.90     20646

Weigthed:
              precision    recall  f1-score   support

 AGRICULTURE       0.85      0.72      0.78 0.004258118114330039
  INDUSTRIAL       0.78      0.69      0.73 0.04261664640923054
      OFFICE       0.55      0.23      0.32 0.016092338723340354
       OTHER       0.66      0.52      0.58 0.010576265725804031
      PUBLIC       0.60      0.34      0.43 0.021909000719780258
 RESIDENTIAL       0.67      0.98      0.80 0.0867173770167923
      RETAIL       0.71      0.22      0.34 0.01850015967521856

    accuracy                           0.69 0.20066990638449608
   macro avg       0.69      0.53      0.57 0.20066990638449608
weighted avg       0.68      0.69      0.65 0.20066990638449608

Global classification report:
Normal:
              precision    recall  f1-score   support

 AGRICULTURE       0.69      0.61      0.65       338
  INDUSTRIAL       0.68      0.69      0.69      4490
      OFFICE       0.38      0.19      0.25      1828
       OTHER       0.57      0.51      0.54      1332
      PUBLIC       0.44      0.33      0.38      2976
 RESIDENTIAL       0.95      0.98      0.96     90173
      RETAIL       0.56      0.20      0.30      2093

    accuracy                           0.91    103230
   macro avg       0.61      0.50      0.54    103230
weighted avg       0.90      0.91      0.90    103230

Weigthed:
              precision    recall  f1-score   support

 AGRICULTURE       0.83      0.61      0.70 0.021165351803581825
  INDUSTRIAL       0.77      0.69      0.73 0.20866820324695132
      OFFICE       0.53      0.19      0.28 0.08333369741151772
       OTHER       0.66      0.51      0.57 0.05104197806801233
      PUBLIC       0.58      0.33      0.42 0.1126099933369016
 RESIDENTIAL       0.67      0.98      0.79 0.43396226415179473
      RETAIL       0.67      0.20      0.31 0.08921851198210004

    accuracy                           0.68 1.0000000000008595
   macro avg       0.67      0.50      0.54 1.0000000000008595
weighted avg       0.67      0.68      0.64 1.0000000000008595

---------------------------------OVA-Weighted MODEL--------------------------------

Fold 0:
Load AGRICULTURE model:
Training...
Predicting...
Local clasification report:
Normal:
              precision    recall  f1-score   support

          -1       1.00      1.00      1.00     20577
           1       0.79      0.54      0.64        69

    accuracy                           1.00     20646
   macro avg       0.89      0.77      0.82     20646
weighted avg       1.00      1.00      1.00     20646

Weigthed:
              precision    recall  f1-score   support

          -1       1.00      1.00      1.00 458097.5284404593
           1       0.52      0.54      0.53 446.02973195614675

    accuracy                           1.00 458543.5581724154
   macro avg       0.76      0.77      0.76 458543.5581724154
weighted avg       1.00      1.00      1.00 458543.5581724154

Load INDUSTRIAL model:
Training...
Predicting...
Local clasification report:
Normal:
              precision    recall  f1-score   support

          -1       0.98      0.99      0.99     19726
           1       0.82      0.60      0.69       920

    accuracy                           0.98     20646
   macro avg       0.90      0.79      0.84     20646
weighted avg       0.97      0.98      0.97     20646

Weigthed:
              precision    recall  f1-score   support

          -1       1.00      0.99      0.99 472029.16860499367
           1       0.47      0.60      0.53 4413.708937970392

    accuracy                           0.99 476442.87754296407
   macro avg       0.73      0.79      0.76 476442.87754296407
weighted avg       0.99      0.99      0.99 476442.87754296407

Load OFFICE model:
Training...
Predicting...
Local clasification report:
Normal:
              precision    recall  f1-score   support

          -1       0.99      0.99      0.99     20299
           1       0.37      0.20      0.26       347

    accuracy                           0.98     20646
   macro avg       0.68      0.60      0.62     20646
weighted avg       0.98      0.98      0.98     20646

Weigthed:
              precision    recall  f1-score   support

          -1       1.00      0.99      1.00 487598.5450675699
           1       0.10      0.20      0.14 1632.9762262448069

    accuracy                           0.99 489231.5212938147
   macro avg       0.55      0.60      0.57 489231.5212938147
weighted avg       0.99      0.99      0.99 489231.5212938147

Load OTHER model:
Training...
Predicting...
Local clasification report:
Normal:
              precision    recall  f1-score   support

          -1       0.99      1.00      1.00     20385
           1       0.71      0.37      0.48       261

    accuracy                           0.99     20646
   macro avg       0.85      0.68      0.74     20646
weighted avg       0.99      0.99      0.99     20646

Weigthed:
              precision    recall  f1-score   support

          -1       1.00      1.00      1.00 504957.77503472177
           1       0.28      0.37      0.32 1032.4516113706948

    accuracy                           1.00 505990.2266460925
   macro avg       0.64      0.68      0.66 505990.2266460925
weighted avg       1.00      1.00      1.00 505990.2266460925

Load PUBLIC model:
Training...
Predicting...
Local clasification report:
Normal:
              precision    recall  f1-score   support

          -1       0.97      1.00      0.99     20038
           1       0.62      0.16      0.25       608

    accuracy                           0.97     20646
   macro avg       0.80      0.58      0.62     20646
weighted avg       0.96      0.97      0.96     20646

Weigthed:
              precision    recall  f1-score   support

          -1       1.00      1.00      1.00 497355.989738998
           1       0.20      0.16      0.18 2374.94475947527

    accuracy                           0.99 499730.93449847325
   macro avg       0.60      0.58      0.59 499730.93449847325
weighted avg       0.99      0.99      0.99 499730.93449847325

Load RESIDENTIAL model:
Training...
Predicting...
Local clasification report:
Normal:
              precision    recall  f1-score   support

          -1       0.55      0.78      0.64      2620
           1       0.97      0.91      0.94     18026

    accuracy                           0.89     20646
   macro avg       0.76      0.84      0.79     20646
weighted avg       0.91      0.89      0.90     20646

Weigthed:
              precision    recall  f1-score   support

          -1       0.99      0.78      0.87 73962.59910100247
           1       0.33      0.91      0.49 8955.312427748553

    accuracy                           0.79 82917.91152875102
   macro avg       0.66      0.84      0.68 82917.91152875102
weighted avg       0.92      0.79      0.83 82917.91152875102

Load RETAIL model:
Training...
Predicting...
Local clasification report:
Normal:
              precision    recall  f1-score   support

          -1       0.98      1.00      0.99     20231
           1       0.82      0.11      0.20       415

    accuracy                           0.98     20646
   macro avg       0.90      0.56      0.59     20646
weighted avg       0.98      0.98      0.97     20646

Weigthed:
              precision    recall  f1-score   support

          -1       1.00      1.00      1.00 492147.4852226726
           1       0.46      0.11      0.18 1826.163975940597

    accuracy                           1.00 493973.6491986132
   macro avg       0.73      0.56      0.59 493973.6491986132
weighted avg       0.99      1.00      1.00 493973.6491986132

Fold classification report:
Normal
              precision    recall  f1-score   support

 AGRICULTURE       0.80      0.62      0.70        69
  INDUSTRIAL       0.78      0.64      0.70       920
      OFFICE       0.35      0.27      0.30       347
       OTHER       0.61      0.46      0.53       261
      PUBLIC       0.48      0.25      0.33       608
 RESIDENTIAL       0.94      0.98      0.96     18026
      RETAIL       0.39      0.23      0.29       415

    accuracy                           0.91     20646
   macro avg       0.62      0.49      0.54     20646
weighted avg       0.90      0.91      0.90     20646

Weigthed:
              precision    recall  f1-score   support

 AGRICULTURE       0.89      0.62      0.73 0.0043207374983643045
  INDUSTRIAL       0.85      0.64      0.73 0.04275606837131091
      OFFICE       0.44      0.27      0.33 0.015818814552405382
       OTHER       0.70      0.46      0.56 0.010001468675488595
      PUBLIC       0.62      0.25      0.36 0.023006342724743344
 RESIDENTIAL       0.65      0.98      0.78 0.08675106488177468
      RETAIL       0.53      0.23      0.32 0.017690244850727403

    accuracy                           0.67 0.20034474155481463
   macro avg       0.67      0.49      0.54 0.20034474155481463
weighted avg       0.67      0.67      0.63 0.20034474155481463


Fold 1:
Load AGRICULTURE model:
Training...
Predicting...
Local clasification report:
Normal:
              precision    recall  f1-score   support

          -1       1.00      1.00      1.00     20576
           1       0.76      0.60      0.67        70

    accuracy                           1.00     20646
   macro avg       0.88      0.80      0.84     20646
weighted avg       1.00      1.00      1.00     20646

Weigthed:
              precision    recall  f1-score   support

          -1       1.00      1.00      1.00 458075.2658400588
           1       0.48      0.60      0.54 452.49393097000393

    accuracy                           1.00 458527.7597710288
   macro avg       0.74      0.80      0.77 458527.7597710288
weighted avg       1.00      1.00      1.00 458527.7597710288

Load INDUSTRIAL model:
Training...
Predicting...
Local clasification report:
Normal:
              precision    recall  f1-score   support

          -1       0.98      0.99      0.99     19748
           1       0.81      0.57      0.67       898

    accuracy                           0.98     20646
   macro avg       0.90      0.78      0.83     20646
weighted avg       0.97      0.98      0.97     20646

Weigthed:
              precision    recall  f1-score   support

          -1       1.00      0.99      0.99 472555.6129783744
           1       0.46      0.57      0.51 4308.163724236327

    accuracy                           0.99 476863.7767026107
   macro avg       0.73      0.78      0.75 476863.7767026107
weighted avg       0.99      0.99      0.99 476863.7767026107

Load OFFICE model:
Training...
Predicting...
Local clasification report:
Normal:
              precision    recall  f1-score   support

          -1       0.99      0.99      0.99     20282
           1       0.42      0.20      0.27       364

    accuracy                           0.98     20646
   macro avg       0.70      0.60      0.63     20646
weighted avg       0.98      0.98      0.98     20646

Weigthed:
              precision    recall  f1-score   support

          -1       1.00      0.99      1.00 487190.1911946624
           1       0.12      0.20      0.15 1712.9779433807187

    accuracy                           0.99 488903.16913804313
   macro avg       0.56      0.60      0.57 488903.16913804313
weighted avg       0.99      0.99      0.99 488903.16913804313

Load OTHER model:
Training...
Predicting...
Local clasification report:
Normal:
              precision    recall  f1-score   support

          -1       0.99      1.00      0.99     20358
           1       0.73      0.34      0.47       288

    accuracy                           0.99     20646
   macro avg       0.86      0.67      0.73     20646
weighted avg       0.99      0.99      0.99     20646

Weigthed:
              precision    recall  f1-score   support

          -1       1.00      1.00      1.00 504288.95678964275
           1       0.31      0.34      0.32 1139.2569504780056

    accuracy                           1.00 505428.21374012076
   macro avg       0.65      0.67      0.66 505428.21374012076
weighted avg       1.00      1.00      1.00 505428.21374012076

Load PUBLIC model:
Training...
Predicting...
Local clasification report:
Normal:
              precision    recall  f1-score   support

          -1       0.97      1.00      0.98     19998
           1       0.59      0.19      0.29       648

    accuracy                           0.97     20646
   macro avg       0.78      0.59      0.63     20646
weighted avg       0.96      0.97      0.96     20646

Weigthed:
              precision    recall  f1-score   support

          -1       1.00      1.00      1.00 496363.16412818106
           1       0.18      0.19      0.19 2531.1911252302298

    accuracy                           0.99 498894.3552534113
   macro avg       0.59      0.59      0.59 498894.3552534113
weighted avg       0.99      0.99      0.99 498894.3552534113

Load RESIDENTIAL model:
Training...
Predicting...
Local clasification report:
Normal:
              precision    recall  f1-score   support

          -1       0.55      0.76      0.64      2688
           1       0.96      0.91      0.93     17958

    accuracy                           0.89     20646
   macro avg       0.76      0.83      0.79     20646
weighted avg       0.91      0.89      0.90     20646

Weigthed:
              precision    recall  f1-score   support

          -1       0.99      0.76      0.86 75882.23907767006
           1       0.30      0.91      0.46 8921.530044242112

    accuracy                           0.77 84803.76912191218
   macro avg       0.64      0.83      0.66 84803.76912191218
weighted avg       0.91      0.77      0.81 84803.76912191218

Load RETAIL model:
Training...
Predicting...
Local clasification report:
Normal:
              precision    recall  f1-score   support

          -1       0.98      1.00      0.99     20226
           1       0.84      0.13      0.22       420

    accuracy                           0.98     20646
   macro avg       0.91      0.56      0.61     20646
weighted avg       0.98      0.98      0.98     20646

Weigthed:
              precision    recall  f1-score   support

          -1       1.00      1.00      1.00 492025.8532012148
           1       0.49      0.13      0.20 1848.1659515543397

    accuracy                           1.00 493874.0191527691
   macro avg       0.75      0.56      0.60 493874.0191527691
weighted avg       0.99      1.00      1.00 493874.0191527691

Fold classification report:
Normal
              precision    recall  f1-score   support

 AGRICULTURE       0.76      0.63      0.69        70
  INDUSTRIAL       0.76      0.61      0.68       898
      OFFICE       0.35      0.25      0.29       364
       OTHER       0.65      0.44      0.52       288
      PUBLIC       0.49      0.26      0.34       648
 RESIDENTIAL       0.94      0.98      0.96     17958
      RETAIL       0.34      0.22      0.26       420

    accuracy                           0.91     20646
   macro avg       0.61      0.48      0.53     20646
weighted avg       0.89      0.91      0.89     20646

Weigthed:
              precision    recall  f1-score   support

 AGRICULTURE       0.86      0.63      0.73 0.00438335688239857
  INDUSTRIAL       0.82      0.61      0.70 0.04173364064938821
      OFFICE       0.47      0.25      0.32 0.016593799703387802
       OTHER       0.73      0.44      0.55 0.01103610336605638
      PUBLIC       0.63      0.26      0.36 0.024519917904002774
 RESIDENTIAL       0.63      0.98      0.77 0.08642381133623155
      RETAIL       0.46      0.22      0.29 0.017903380330856655

    accuracy                           0.65 0.20259401017232193
   macro avg       0.66      0.48      0.53 0.20259401017232193
weighted avg       0.65      0.65      0.61 0.20259401017232193


Fold 2:
Load AGRICULTURE model:
Training...
Predicting...
Local clasification report:
Normal:
              precision    recall  f1-score   support

          -1       1.00      1.00      1.00     20576
           1       0.81      0.50      0.62        70

    accuracy                           1.00     20646
   macro avg       0.91      0.75      0.81     20646
weighted avg       1.00      1.00      1.00     20646

Weigthed:
              precision    recall  f1-score   support

          -1       1.00      1.00      1.00 458075.2658400588
           1       0.56      0.50      0.53 452.49393097000393

    accuracy                           1.00 458527.7597710288
   macro avg       0.78      0.75      0.76 458527.7597710288
weighted avg       1.00      1.00      1.00 458527.7597710288

Load INDUSTRIAL model:
Training...
Predicting...
Local clasification report:
Normal:
              precision    recall  f1-score   support

          -1       0.98      0.99      0.99     19765
           1       0.79      0.57      0.66       881

    accuracy                           0.98     20646
   macro avg       0.88      0.78      0.82     20646
weighted avg       0.97      0.98      0.97     20646

Weigthed:
              precision    recall  f1-score   support

          -1       1.00      0.99      0.99 472962.41090325953
           1       0.43      0.57      0.49 4226.606059078185

    accuracy                           0.99 477189.0169623377
   macro avg       0.71      0.78      0.74 477189.0169623377
weighted avg       0.99      0.99      0.99 477189.0169623377

Load OFFICE model:
Training...
Predicting...
Local clasification report:
Normal:
              precision    recall  f1-score   support

          -1       0.98      0.99      0.99     20265
           1       0.39      0.18      0.25       381

    accuracy                           0.98     20646
   macro avg       0.69      0.59      0.62     20646
weighted avg       0.97      0.98      0.98     20646

Weigthed:
              precision    recall  f1-score   support

          -1       1.00      0.99      1.00 486781.83732175495
           1       0.11      0.18      0.14 1792.9796605166305

    accuracy                           0.99 488574.81698227156
   macro avg       0.55      0.59      0.57 488574.81698227156
weighted avg       0.99      0.99      0.99 488574.81698227156

Load OTHER model:
Training...
Predicting...
Local clasification report:
Normal:
              precision    recall  f1-score   support

          -1       0.99      1.00      1.00     20384
           1       0.80      0.39      0.53       262

    accuracy                           0.99     20646
   macro avg       0.90      0.70      0.76     20646
weighted avg       0.99      0.99      0.99     20646

Weigthed:
              precision    recall  f1-score   support

          -1       1.00      1.00      1.00 504933.0039886077
           1       0.40      0.39      0.39 1036.4073646709655

    accuracy                           1.00 505969.4113532787
   macro avg       0.70      0.70      0.70 505969.4113532787
weighted avg       1.00      1.00      1.00 505969.4113532787

Load PUBLIC model:
Training...
Predicting...
Local clasification report:
Normal:
              precision    recall  f1-score   support

          -1       0.98      1.00      0.99     20054
           1       0.67      0.15      0.25       592

    accuracy                           0.97     20646
   macro avg       0.82      0.58      0.62     20646
weighted avg       0.97      0.97      0.97     20646

Weigthed:
              precision    recall  f1-score   support

          -1       1.00      1.00      1.00 497753.1199833248
           1       0.25      0.15      0.19 2312.446213173286

    accuracy                           0.99 500065.56619649805
   macro avg       0.62      0.58      0.59 500065.56619649805
weighted avg       0.99      0.99      0.99 500065.56619649805

Load RESIDENTIAL model:
Training...
Predicting...
Local clasification report:
Normal:
              precision    recall  f1-score   support

          -1       0.55      0.76      0.64      2600
           1       0.96      0.91      0.94     18046

    accuracy                           0.89     20646
   macro avg       0.76      0.84      0.79     20646
weighted avg       0.91      0.89      0.90     20646

Weigthed:
              precision    recall  f1-score   support

          -1       0.99      0.76      0.86 73397.99910786495
           1       0.32      0.91      0.47 8965.248422897506

    accuracy                           0.78 82363.24753076246
   macro avg       0.65      0.84      0.67 82363.24753076246
weighted avg       0.91      0.78      0.82 82363.24753076246

Load RETAIL model:
Training...
Predicting...
Local clasification report:
Normal:
              precision    recall  f1-score   support

          -1       0.98      1.00      0.99     20232
           1       0.86      0.14      0.23       414

    accuracy                           0.98     20646
   macro avg       0.92      0.57      0.61     20646
weighted avg       0.98      0.98      0.98     20646

Weigthed:
              precision    recall  f1-score   support

          -1       1.00      1.00      1.00 492171.81162696413
           1       0.53      0.14      0.22 1821.7635808178486

    accuracy                           1.00 493993.575207782
   macro avg       0.76      0.57      0.61 493993.575207782
weighted avg       1.00      1.00      1.00 493993.575207782

Fold classification report:
Normal
              precision    recall  f1-score   support

 AGRICULTURE       0.80      0.57      0.67        70
  INDUSTRIAL       0.74      0.62      0.67       881
      OFFICE       0.38      0.25      0.31       381
       OTHER       0.61      0.46      0.53       262
      PUBLIC       0.53      0.27      0.36       592
 RESIDENTIAL       0.94      0.98      0.96     18046
      RETAIL       0.34      0.23      0.27       414

    accuracy                           0.91     20646
   macro avg       0.62      0.48      0.54     20646
weighted avg       0.89      0.91      0.90     20646

Weigthed:
              precision    recall  f1-score   support

 AGRICULTURE       0.88      0.57      0.69 0.00438335688239857
  INDUSTRIAL       0.82      0.62      0.70 0.04094358286426613
      OFFICE       0.50      0.25      0.34 0.017368784854370222
       OTHER       0.70      0.46      0.56 0.010039788478842957
      PUBLIC       0.63      0.27      0.38 0.022400912653039572
 RESIDENTIAL       0.65      0.98      0.78 0.08684731592458149
      RETAIL       0.46      0.23      0.31 0.017647617754701552

    accuracy                           0.66 0.1996313594122005
   macro avg       0.66      0.48      0.54 0.1996313594122005
weighted avg       0.66      0.66      0.63 0.1996313594122005


Fold 3:
Load AGRICULTURE model:
Training...
Predicting...
Local clasification report:
Normal:
              precision    recall  f1-score   support

          -1       1.00      1.00      1.00     20585
           1       0.85      0.48      0.61        61

    accuracy                           1.00     20646
   macro avg       0.93      0.74      0.80     20646
weighted avg       1.00      1.00      1.00     20646

Weigthed:
              precision    recall  f1-score   support

          -1       1.00      1.00      1.00 458275.62924366316
           1       0.63      0.48      0.54 394.3161398452893

    accuracy                           1.00 458669.94538350846
   macro avg       0.81      0.74      0.77 458669.94538350846
weighted avg       1.00      1.00      1.00 458669.94538350846

Load INDUSTRIAL model:
Training...
Predicting...
Local clasification report:
Normal:
              precision    recall  f1-score   support

          -1       0.98      0.99      0.99     19772
           1       0.81      0.58      0.68       874

    accuracy                           0.98     20646
   macro avg       0.90      0.79      0.83     20646
weighted avg       0.97      0.98      0.97     20646

Weigthed:
              precision    recall  f1-score   support

          -1       1.00      0.99      1.00 473129.9159311534
           1       0.46      0.58      0.51 4193.023491071892

    accuracy                           0.99 477322.9394222253
   macro avg       0.73      0.79      0.75 477322.9394222253
weighted avg       0.99      0.99      0.99 477322.9394222253

Load OFFICE model:
Training...
Predicting...
Local clasification report:
Normal:
              precision    recall  f1-score   support

          -1       0.98      1.00      0.99     20263
           1       0.41      0.18      0.25       383

    accuracy                           0.98     20646
   macro avg       0.70      0.59      0.62     20646
weighted avg       0.97      0.98      0.98     20646

Weigthed:
              precision    recall  f1-score   support

          -1       1.00      1.00      1.00 486733.7956896482
           1       0.12      0.18      0.14 1802.3916272385025

    accuracy                           0.99 488536.1873168867
   macro avg       0.56      0.59      0.57 488536.1873168867
weighted avg       0.99      0.99      0.99 488536.1873168867

Load OTHER model:
Training...
Predicting...
Local clasification report:
Normal:
              precision    recall  f1-score   support

          -1       0.99      1.00      1.00     20401
           1       0.77      0.37      0.50       245

    accuracy                           0.99     20646
   macro avg       0.88      0.69      0.75     20646
weighted avg       0.99      0.99      0.99     20646

Weigthed:
              precision    recall  f1-score   support

          -1       1.00      1.00      1.00 505354.11177254637
           1       0.35      0.37      0.36 969.1595585663609

    accuracy                           1.00 506323.2713311127
   macro avg       0.67      0.69      0.68 506323.2713311127
weighted avg       1.00      1.00      1.00 506323.2713311127

Load PUBLIC model:
Training...
Predicting...
Local clasification report:
Normal:
              precision    recall  f1-score   support

          -1       0.98      1.00      0.99     20097
           1       0.60      0.17      0.27       549

    accuracy                           0.97     20646
   macro avg       0.79      0.58      0.63     20646
weighted avg       0.97      0.97      0.97     20646

Weigthed:
              precision    recall  f1-score   support

          -1       1.00      1.00      1.00 498820.407514953
           1       0.19      0.17      0.18 2144.4813699867045

    accuracy                           0.99 500964.8888849397
   macro avg       0.59      0.58      0.59 500964.8888849397
weighted avg       0.99      0.99      0.99 500964.8888849397

Load RESIDENTIAL model:
Training...
Predicting...
Local clasification report:
Normal:
              precision    recall  f1-score   support

          -1       0.53      0.77      0.62      2522
           1       0.97      0.90      0.93     18124

    accuracy                           0.89     20646
   macro avg       0.75      0.84      0.78     20646
weighted avg       0.91      0.89      0.90     20646

Weigthed:
              precision    recall  f1-score   support

          -1       0.98      0.77      0.86 71196.0591346286
           1       0.33      0.90      0.48 9003.998803978424

    accuracy                           0.78 80200.05793860702
   macro avg       0.66      0.84      0.67 80200.05793860702
weighted avg       0.91      0.78      0.82 80200.05793860702

Load RETAIL model:
Training...
Predicting...
Local clasification report:
Normal:
              precision    recall  f1-score   support

          -1       0.98      1.00      0.99     20236
           1       0.80      0.16      0.27       410

    accuracy                           0.98     20646
   macro avg       0.89      0.58      0.63     20646
weighted avg       0.98      0.98      0.98     20646

Weigthed:
              precision    recall  f1-score   support

          -1       1.00      1.00      1.00 492269.11724413035
           1       0.41      0.16      0.23 1804.1620003268547

    accuracy                           1.00 494073.2792444572
   macro avg       0.70      0.58      0.61 494073.2792444572
weighted avg       0.99      1.00      1.00 494073.2792444572

Fold classification report:
Normal
              precision    recall  f1-score   support

 AGRICULTURE       0.73      0.52      0.61        61
  INDUSTRIAL       0.75      0.62      0.68       874
      OFFICE       0.37      0.24      0.29       383
       OTHER       0.66      0.48      0.56       245
      PUBLIC       0.52      0.28      0.36       549
 RESIDENTIAL       0.94      0.98      0.96     18124
      RETAIL       0.37      0.25      0.30       410

    accuracy                           0.91     20646
   macro avg       0.62      0.48      0.54     20646
weighted avg       0.90      0.91      0.90     20646

Weigthed:
              precision    recall  f1-score   support

 AGRICULTURE       0.86      0.52      0.65 0.0038197824260901825
  INDUSTRIAL       0.82      0.62      0.70 0.04061826495274527
      OFFICE       0.50      0.24      0.32 0.017459959578015213
       OTHER       0.76      0.48      0.59 0.009388351821818797
      PUBLIC       0.63      0.28      0.38 0.020773819335335685
 RESIDENTIAL       0.65      0.98      0.78 0.08722269499152803
      RETAIL       0.51      0.25      0.34 0.01747710937059815

    accuracy                           0.67 0.19675998247613136
   macro avg       0.68      0.48      0.54 0.19675998247613136
weighted avg       0.67      0.67      0.63 0.19675998247613136


Fold 4:
Load AGRICULTURE model:
Training...
Predicting...
Local clasification report:
Normal:
              precision    recall  f1-score   support

          -1       1.00      1.00      1.00     20578
           1       0.77      0.53      0.63        68

    accuracy                           1.00     20646
   macro avg       0.88      0.76      0.81     20646
weighted avg       1.00      1.00      1.00     20646

Weigthed:
              precision    recall  f1-score   support

          -1       1.00      1.00      1.00 458119.79104085977
           1       0.49      0.53      0.51 439.56553294228956

    accuracy                           1.00 458559.35657380207
   macro avg       0.74      0.76      0.75 458559.35657380207
weighted avg       1.00      1.00      1.00 458559.35657380207

Load INDUSTRIAL model:
Training...
Predicting...
Local clasification report:
Normal:
              precision    recall  f1-score   support

          -1       0.98      0.99      0.99     19729
           1       0.82      0.57      0.67       917

    accuracy                           0.98     20646
   macro avg       0.90      0.78      0.83     20646
weighted avg       0.97      0.98      0.97     20646

Weigthed:
              precision    recall  f1-score   support

          -1       1.00      0.99      1.00 472100.95647409104
           1       0.47      0.57      0.52 4399.316408824838

    accuracy                           0.99 476500.27288291586
   macro avg       0.73      0.78      0.76 476500.27288291586
weighted avg       0.99      0.99      0.99 476500.27288291586

Load OFFICE model:
Training...
Predicting...
Local clasification report:
Normal:
              precision    recall  f1-score   support

          -1       0.99      0.99      0.99     20293
           1       0.40      0.21      0.28       353

    accuracy                           0.98     20646
   macro avg       0.69      0.60      0.63     20646
weighted avg       0.98      0.98      0.98     20646

Weigthed:
              precision    recall  f1-score   support

          -1       1.00      0.99      1.00 487454.4201712496
           1       0.11      0.21      0.15 1661.2121264104226

    accuracy                           0.99 489115.63229766005
   macro avg       0.56      0.60      0.57 489115.63229766005
weighted avg       0.99      0.99      0.99 489115.63229766005

Load OTHER model:
Training...
Predicting...
Local clasification report:
Normal:
              precision    recall  f1-score   support

          -1       0.99      1.00      1.00     20370
           1       0.75      0.40      0.52       276

    accuracy                           0.99     20646
   macro avg       0.87      0.70      0.76     20646
weighted avg       0.99      0.99      0.99     20646

Weigthed:
              precision    recall  f1-score   support

          -1       1.00      1.00      1.00 504586.2093430112
           1       0.32      0.40      0.36 1091.7879108747563

    accuracy                           1.00 505677.99725388596
   macro avg       0.66      0.70      0.68 505677.99725388596
weighted avg       1.00      1.00      1.00 505677.99725388596

Load PUBLIC model:
Training...
Predicting...
Local clasification report:
Normal:
              precision    recall  f1-score   support

          -1       0.98      1.00      0.99     20067
           1       0.64      0.17      0.27       579

    accuracy                           0.97     20646
   macro avg       0.81      0.58      0.63     20646
weighted avg       0.97      0.97      0.97     20646

Weigthed:
              precision    recall  f1-score   support

          -1       1.00      1.00      1.00 498075.7883068403
           1       0.22      0.17      0.19 2261.6661443029243

    accuracy                           0.99 500337.4544511432
   macro avg       0.61      0.58      0.59 500337.4544511432
weighted avg       0.99      0.99      0.99 500337.4544511432

Load RESIDENTIAL model:
Training...
Predicting...
Local clasification report:
Normal:
              precision    recall  f1-score   support

          -1       0.55      0.77      0.64      2627
           1       0.96      0.91      0.94     18019

    accuracy                           0.89     20646
   macro avg       0.76      0.84      0.79     20646
weighted avg       0.91      0.89      0.90     20646

Weigthed:
              precision    recall  f1-score   support

          -1       0.99      0.77      0.87 74160.20909860061
           1       0.33      0.91      0.48 8951.83482944642

    accuracy                           0.79 83112.04392804703
   macro avg       0.66      0.84      0.67 83112.04392804703
weighted avg       0.91      0.79      0.83 83112.04392804703

Load RETAIL model:
Training...
Predicting...
Local clasification report:
Normal:
              precision    recall  f1-score   support

          -1       0.98      1.00      0.99     20212
           1       0.82      0.14      0.23       434

    accuracy                           0.98     20646
   macro avg       0.90      0.57      0.61     20646
weighted avg       0.98      0.98      0.97     20646

Weigthed:
              precision    recall  f1-score   support

          -1       1.00      1.00      1.00 491685.28354113305
           1       0.45      0.14      0.21 1909.7714832728182

    accuracy                           1.00 493595.0550244059
   macro avg       0.72      0.57      0.60 493595.0550244059
weighted avg       0.99      1.00      0.99 493595.0550244059

Fold classification report:
Normal
              precision    recall  f1-score   support

 AGRICULTURE       0.73      0.54      0.62        68
  INDUSTRIAL       0.77      0.62      0.69       917
      OFFICE       0.37      0.29      0.32       353
       OTHER       0.64      0.51      0.57       276
      PUBLIC       0.52      0.26      0.35       579
 RESIDENTIAL       0.94      0.98      0.96     18019
      RETAIL       0.35      0.24      0.28       434

    accuracy                           0.91     20646
   macro avg       0.62      0.49      0.54     20646
weighted avg       0.90      0.91      0.90     20646

Weigthed:
              precision    recall  f1-score   support

 AGRICULTURE       0.83      0.54      0.66 0.004258118114330039
  INDUSTRIAL       0.84      0.62      0.71 0.04261664640923054
      OFFICE       0.48      0.29      0.36 0.016092338723340354
       OTHER       0.72      0.51      0.60 0.010576265725804031
      PUBLIC       0.65      0.26      0.37 0.021909000719780258
 RESIDENTIAL       0.65      0.98      0.78 0.0867173770167923
      RETAIL       0.49      0.24      0.32 0.01850015967521856

    accuracy                           0.67 0.20066990638449608
   macro avg       0.66      0.49      0.54 0.20066990638449608
weighted avg       0.67      0.67      0.63 0.20066990638449608

Global classification report:
Normal:
              precision    recall  f1-score   support

 AGRICULTURE       0.76      0.58      0.66       338
  INDUSTRIAL       0.76      0.62      0.68      4490
      OFFICE       0.36      0.26      0.30      1828
       OTHER       0.63      0.47      0.54      1332
      PUBLIC       0.51      0.26      0.35      2976
 RESIDENTIAL       0.94      0.98      0.96     90173
      RETAIL       0.36      0.23      0.28      2093

    accuracy                           0.91    103230
   macro avg       0.62      0.49      0.54    103230
weighted avg       0.89      0.91      0.90    103230

Weigthed:
              precision    recall  f1-score   support

 AGRICULTURE       0.87      0.58      0.69 0.021165351803581825
  INDUSTRIAL       0.83      0.62      0.71 0.20866820324695132
      OFFICE       0.48      0.26      0.34 0.08333369741151772
       OTHER       0.72      0.47      0.57 0.05104197806801233
      PUBLIC       0.63      0.26      0.37 0.1126099933369016
 RESIDENTIAL       0.64      0.98      0.78 0.43396226415179473
      RETAIL       0.49      0.23      0.32 0.08921851198210004

    accuracy                           0.66 1.0000000000008595
   macro avg       0.67      0.49      0.54 1.0000000000008595
weighted avg       0.66      0.66      0.63 1.0000000000008595

