---------------------------------OVA-Weighted-Genetic MODEL--------------------------------

Fold 0:
Load AGRICULTURE model:
Training...
Predicting...
Local clasification report:
Normal:
              precision    recall  f1-score   support

          -1     0.9991    0.9992    0.9992     20577
           1     0.7612    0.7391    0.7500        69

    accuracy                         0.9984     20646
   macro avg     0.8802    0.8692    0.8746     20646
weighted avg     0.9983    0.9984    0.9983     20646

Weigthed:
              precision    recall  f1-score   support

          -1     0.9943    0.9992    0.9967 20207.645276495055
           1     0.9545    0.7391    0.8331 446.02973195614675

    accuracy                         0.9936 20653.675008451202
   macro avg     0.9744    0.8692    0.9149 20653.675008451202
weighted avg     0.9934    0.9936    0.9932 20653.675008451202

Load INDUSTRIAL model:
Training...
Predicting...
Local clasification report:
Normal:
              precision    recall  f1-score   support

          -1     0.9861    0.9865    0.9863     19726
           1     0.7080    0.7011    0.7045       920

    accuracy                         0.9738     20646
   macro avg     0.8470    0.8438    0.8454     20646
weighted avg     0.9737    0.9738    0.9737     20646

Weigthed:
              precision    recall  f1-score   support

          -1     0.9243    0.9865    0.9544 16319.63532387043
           1     0.9336    0.7011    0.8008 4413.708937970392

    accuracy                         0.9258 20733.344261840823
   macro avg     0.9289    0.8438    0.8776 20733.344261840823
weighted avg     0.9262    0.9258    0.9217 20733.344261840823

Load OFFICE model:
Training...
Predicting...
Local clasification report:
Normal:
              precision    recall  f1-score   support

          -1     0.9881    0.9779    0.9829     20299
           1     0.1924    0.3084    0.2370       347

    accuracy                         0.9666     20646
   macro avg     0.5902    0.6431    0.6100     20646
weighted avg     0.9747    0.9666    0.9704     20646

Weigthed:
              precision    recall  f1-score   support

          -1     0.9425    0.9779    0.9599 18942.849841099236
           1     0.5458    0.3084    0.3941 1632.9762262448066

    accuracy                         0.9247 20575.82606734404
   macro avg     0.7442    0.6431    0.6770 20575.82606734404
weighted avg     0.9110    0.9247    0.9150 20575.82606734404

Load OTHER model:
Training...
Predicting...
Local clasification report:
Normal:
              precision    recall  f1-score   support

          -1     0.9933    0.9961    0.9947     20385
           1     0.6127    0.4789    0.5376       261

    accuracy                         0.9896     20646
   macro avg     0.8030    0.7375    0.7662     20646
weighted avg     0.9885    0.9896    0.9890     20646

Weigthed:
              precision    recall  f1-score   support

          -1     0.9732    0.9961    0.9845 19597.37867939614
           1     0.8669    0.4789    0.6170 1032.4516113706948

    accuracy                         0.9702 20629.830290766837
   macro avg     0.9200    0.7375    0.8007 20629.830290766837
weighted avg     0.9679    0.9702    0.9661 20629.830290766837

Load PUBLIC model:
Training...
Predicting...
Local clasification report:
Normal:
              precision    recall  f1-score   support

          -1     0.9795    0.9717    0.9756     20038
           1     0.2614    0.3306    0.2919       608

    accuracy                         0.9528     20646
   macro avg     0.6205    0.6511    0.6338     20646
weighted avg     0.9584    0.9528    0.9554     20646

Weigthed:
              precision    recall  f1-score   support

          -1     0.9180    0.9717    0.9440 18309.358310209784
           1     0.6020    0.3306    0.4268 2374.94475947527

    accuracy                         0.8980 20684.303069685055
   macro avg     0.7600    0.6511    0.6854 20684.303069685055
weighted avg     0.8817    0.8980    0.8847 20684.303069685055

Load RESIDENTIAL model:
Training...
Predicting...
Local clasification report:
Normal:
              precision    recall  f1-score   support

          -1     0.9564    0.9571    0.9567     18026
           1     0.7032    0.7000    0.7016      2620

    accuracy                         0.9244     20646
   macro avg     0.8298    0.8285    0.8292     20646
weighted avg     0.9243    0.9244    0.9244     20646

Weigthed:
              precision    recall  f1-score   support

          -1     0.7090    0.9571    0.8146 8955.312427748553
           1     0.9552    0.7000    0.8079 11724.901411951934

    accuracy                         0.8113 20680.21383970049
   macro avg     0.8321    0.8285    0.8113 20680.21383970049
weighted avg     0.8486    0.8113    0.8108 20680.21383970049

Load RETAIL model:
Training...
Predicting...
Local clasification report:
Normal:
              precision    recall  f1-score   support

          -1     0.9848    0.9789    0.9818     20231
           1     0.2034    0.2627    0.2292       415

    accuracy                         0.9645     20646
   macro avg     0.5941    0.6208    0.6055     20646
weighted avg     0.9691    0.9645    0.9667     20646

Weigthed:
              precision    recall  f1-score   support

          -1     0.9318    0.9789    0.9548 18807.341269046847
           1     0.5472    0.2627    0.3549 1826.163975940597

    accuracy                         0.9155 20633.505244987442
   macro avg     0.7395    0.6208    0.6549 20633.505244987442
weighted avg     0.8978    0.9155    0.9017 20633.505244987442

Fold classification report:
Normal
              precision    recall  f1-score   support

 AGRICULTURE     0.7121    0.6812    0.6963        69
  INDUSTRIAL     0.6952    0.5554    0.6175       920
      OFFICE     0.1924    0.3084    0.2370       347
       OTHER     0.4333    0.4483    0.4407       261
      PUBLIC     0.2535    0.2993    0.2745       608
 RESIDENTIAL     0.9518    0.9416    0.9467     18026
      RETAIL     0.2115    0.2386    0.2242       415

    accuracy                         0.8736     20646
   macro avg     0.4928    0.4961    0.4910     20646
weighted avg     0.8848    0.8736    0.8785     20646

Weigthed:
              precision    recall  f1-score   support

 AGRICULTURE     0.8342    0.6812    0.7499 0.0043207374983643045
  INDUSTRIAL     0.7972    0.5554    0.6547 0.04275606837131091
      OFFICE     0.3085    0.3084    0.3084 0.015818814552405382
       OTHER     0.5602    0.4483    0.4980 0.010001468675488595
      PUBLIC     0.4569    0.2993    0.3617 0.023006342724743344
 RESIDENTIAL     0.6924    0.9416    0.7980 0.08675106488177468
      RETAIL     0.4148    0.2386    0.3029 0.017690244850727403

    accuracy                         0.6431 0.20034474155481463
   macro avg     0.5806    0.4961    0.5248 0.20034474155481463
weighted avg     0.6294    0.6431    0.6189 0.20034474155481463


Fold 1:
Load AGRICULTURE model:
Training...
Predicting...
Local clasification report:
Normal:
              precision    recall  f1-score   support

          -1     0.9991    0.9991    0.9991     20576
           1     0.7286    0.7286    0.7286        70

    accuracy                         0.9982     20646
   macro avg     0.8638    0.8638    0.8638     20646
weighted avg     0.9982    0.9982    0.9982     20646

Weigthed:
              precision    recall  f1-score   support

          -1     0.9940    0.9991    0.9965 20206.66322637713
           1     0.9464    0.7286    0.8233 452.49393097000393

    accuracy                         0.9932 20659.157157347137
   macro avg     0.9702    0.8638    0.9099 20659.157157347137
weighted avg     0.9929    0.9932    0.9927 20659.157157347137

Load INDUSTRIAL model:
Training...
Predicting...
Local clasification report:
Normal:
              precision    recall  f1-score   support

          -1     0.9853    0.9878    0.9866     19748
           1     0.7166    0.6759    0.6957       898

    accuracy                         0.9743     20646
   macro avg     0.8510    0.8319    0.8411     20646
weighted avg     0.9736    0.9743    0.9739     20646

Weigthed:
              precision    recall  f1-score   support

          -1     0.9204    0.9878    0.9529 16337.836275767682
           1     0.9362    0.6759    0.7851 4308.163724236327

    accuracy                         0.9228 20646.00000000401
   macro avg     0.9283    0.8319    0.8690 20646.00000000401
weighted avg     0.9237    0.9228    0.9179 20646.00000000401

Load OFFICE model:
Training...
Predicting...
Local clasification report:
Normal:
              precision    recall  f1-score   support

          -1     0.9886    0.9768    0.9827     20282
           1     0.2231    0.3709    0.2786       364

    accuracy                         0.9661     20646
   macro avg     0.6059    0.6739    0.6307     20646
weighted avg     0.9751    0.9661    0.9703     20646

Weigthed:
              precision    recall  f1-score   support

          -1     0.9449    0.9768    0.9606 18926.985589298714
           1     0.5916    0.3709    0.4559 1712.9779433807187

    accuracy                         0.9265 20639.963532679434
   macro avg     0.7683    0.6739    0.7083 20639.963532679434
weighted avg     0.9156    0.9265    0.9187 20639.963532679434

Load OTHER model:
Training...
Predicting...
Local clasification report:
Normal:
              precision    recall  f1-score   support

          -1     0.9919    0.9968    0.9943     20358
           1     0.6489    0.4236    0.5126       288

    accuracy                         0.9888     20646
   macro avg     0.8204    0.7102    0.7535     20646
weighted avg     0.9871    0.9888    0.9876     20646

Weigthed:
              precision    recall  f1-score   support

          -1     0.9674    0.9968    0.9819 19571.4218864433
           1     0.8838    0.4236    0.5727 1139.2569504780056

    accuracy                         0.9652 20710.678836921303
   macro avg     0.9256    0.7102    0.7773 20710.678836921303
weighted avg     0.9628    0.9652    0.9594 20710.678836921303

Load PUBLIC model:
Training...
Predicting...
Local clasification report:
Normal:
              precision    recall  f1-score   support

          -1     0.9785    0.9726    0.9755     19998
           1     0.2874    0.3410    0.3119       648

    accuracy                         0.9528     20646
   macro avg     0.6330    0.6568    0.6437     20646
weighted avg     0.9568    0.9528    0.9547     20646

Weigthed:
              precision    recall  f1-score   support

          -1     0.9142    0.9726    0.9425 18272.809037208055
           1     0.6329    0.3410    0.4432 2531.1911252302298

    accuracy                         0.8958 20804.000162438286
   macro avg     0.7735    0.6568    0.6929 20804.000162438286
weighted avg     0.8800    0.8958    0.8818 20804.000162438286

Load RESIDENTIAL model:
Training...
Predicting...
Local clasification report:
Normal:
              precision    recall  f1-score   support

          -1     0.9543    0.9576    0.9560     17958
           1     0.7102    0.6938    0.7019      2688

    accuracy                         0.9233     20646
   macro avg     0.8323    0.8257    0.8289     20646
weighted avg     0.9225    0.9233    0.9229     20646

Weigthed:
              precision    recall  f1-score   support

          -1     0.6988    0.9576    0.8080 8921.530044242112
           1     0.9567    0.6938    0.8043 12029.211830277447

    accuracy                         0.8062 20950.74187451956
   macro avg     0.8277    0.8257    0.8061 20950.74187451956
weighted avg     0.8468    0.8062    0.8059 20950.74187451956

Load RETAIL model:
Training...
Predicting...
Local clasification report:
Normal:
              precision    recall  f1-score   support

          -1     0.9857    0.9780    0.9819     20226
           1     0.2318    0.3190    0.2685       420

    accuracy                         0.9646     20646
   macro avg     0.6088    0.6485    0.6252     20646
weighted avg     0.9704    0.9646    0.9674     20646

Weigthed:
              precision    recall  f1-score   support

          -1     0.9359    0.9780    0.9565 18802.693119852775
           1     0.5882    0.3190    0.4137 1848.1659515543392

    accuracy                         0.9191 20650.859071407114
   macro avg     0.7621    0.6485    0.6851 20650.859071407114
weighted avg     0.9048    0.9191    0.9080 20650.859071407114

Fold classification report:
Normal
              precision    recall  f1-score   support

 AGRICULTURE     0.7273    0.5714    0.6400        70
  INDUSTRIAL     0.6722    0.5457    0.6023       898
      OFFICE     0.2231    0.3709    0.2786       364
       OTHER     0.4538    0.4097    0.4307       288
      PUBLIC     0.2863    0.3164    0.3006       648
 RESIDENTIAL     0.9513    0.9422    0.9467     17958
      RETAIL     0.2409    0.2833    0.2604       420

    accuracy                         0.8731     20646
   macro avg     0.5078    0.4914    0.4942     20646
weighted avg     0.8833    0.8731    0.8775     20646

Weigthed:
              precision    recall  f1-score   support

 AGRICULTURE     0.8323    0.5714    0.6776 0.00438335688239857
  INDUSTRIAL     0.7844    0.5457    0.6436 0.04173364064938821
      OFFICE     0.3703    0.3709    0.3706 0.016593799703387802
       OTHER     0.5722    0.4097    0.4775 0.01103610336605638
      PUBLIC     0.4541    0.3164    0.3729 0.024519917904002774
 RESIDENTIAL     0.6904    0.9422    0.7969 0.08642381133623155
      RETAIL     0.4608    0.2833    0.3509 0.017903380330856655

    accuracy                         0.6427 0.20259401017232193
   macro avg     0.5949    0.4914    0.5272 0.20259401017232193
weighted avg     0.6313    0.6427    0.6197 0.20259401017232193


Fold 2:
Load AGRICULTURE model:
Training...
Predicting...
Local clasification report:
Normal:
              precision    recall  f1-score   support

          -1     0.9988    0.9993    0.9991     20576
           1     0.7627    0.6429    0.6977        70

    accuracy                         0.9981     20646
   macro avg     0.8807    0.8211    0.8484     20646
weighted avg     0.9980    0.9981    0.9980     20646

Weigthed:
              precision    recall  f1-score   support

          -1     0.9921    0.9993    0.9957 20206.66322637713
           1     0.9549    0.6429    0.7684 452.49393097000393

    accuracy                         0.9915 20659.157157347137
   macro avg     0.9735    0.8211    0.8820 20659.157157347137
weighted avg     0.9912    0.9915    0.9907 20659.157157347137

Load INDUSTRIAL model:
Training...
Predicting...
Local clasification report:
Normal:
              precision    recall  f1-score   support

          -1     0.9863    0.9859    0.9861     19765
           1     0.6873    0.6935    0.6904       881

    accuracy                         0.9735     20646
   macro avg     0.8368    0.8397    0.8383     20646
weighted avg     0.9736    0.9735    0.9735     20646

Weigthed:
              precision    recall  f1-score   support

          -1     0.9256    0.9859    0.9548 16351.900647688286
           1     0.9272    0.6935    0.7935 4226.606059078185

    accuracy                         0.9259 20578.50670676647
   macro avg     0.9264    0.8397    0.8742 20578.50670676647
weighted avg     0.9260    0.9259    0.9217 20578.50670676647

Load OFFICE model:
Training...
Predicting...
Local clasification report:
Normal:
              precision    recall  f1-score   support

          -1     0.9871    0.9792    0.9832     20265
           1     0.2247    0.3202    0.2641       381

    accuracy                         0.9671     20646
   macro avg     0.6059    0.6497    0.6236     20646
weighted avg     0.9730    0.9671    0.9699     20646

Weigthed:
              precision    recall  f1-score   support

          -1     0.9382    0.9792    0.9583 18911.121337498193
           1     0.5937    0.3202    0.4160 1792.9796605166307

    accuracy                         0.9222 20704.100998014823
   macro avg     0.7660    0.6497    0.6872 20704.100998014823
weighted avg     0.9084    0.9222    0.9113 20704.100998014823

Load OTHER model:
Training...
Predicting...
Local clasification report:
Normal:
              precision    recall  f1-score   support

          -1     0.9936    0.9961    0.9949     20384
           1     0.6238    0.5000    0.5551       262

    accuracy                         0.9898     20646
   macro avg     0.8087    0.7481    0.7750     20646
weighted avg     0.9889    0.9898    0.9893     20646

Weigthed:
              precision    recall  f1-score   support

          -1     0.9741    0.9961    0.9850 19596.417316694184
           1     0.8722    0.5000    0.6356 1036.4073646709655

    accuracy                         0.9712 20632.82468136515
   macro avg     0.9232    0.7481    0.8103 20632.82468136515
weighted avg     0.9690    0.9712    0.9675 20632.82468136515

Load PUBLIC model:
Training...
Predicting...
Local clasification report:
Normal:
              precision    recall  f1-score   support

          -1     0.9804    0.9742    0.9773     20054
           1     0.2809    0.3412    0.3082       592

    accuracy                         0.9561     20646
   macro avg     0.6307    0.6577    0.6427     20646
weighted avg     0.9604    0.9561    0.9581     20646

Weigthed:
              precision    recall  f1-score   support

          -1     0.9214    0.9742    0.9471 18323.978019410475
           1     0.6255    0.3412    0.4416 2312.446213173286

    accuracy                         0.9033 20636.424232583762
   macro avg     0.7734    0.6577    0.6943 20636.424232583762
weighted avg     0.8882    0.9033    0.8904 20636.424232583762

Load RESIDENTIAL model:
Training...
Predicting...
Local clasification report:
Normal:
              precision    recall  f1-score   support

          -1     0.9560    0.9595    0.9578     18046
           1     0.7118    0.6935    0.7025      2600

    accuracy                         0.9260     20646
   macro avg     0.8339    0.8265    0.8301     20646
weighted avg     0.9252    0.9260    0.9256     20646

Weigthed:
              precision    recall  f1-score   support

          -1     0.7069    0.9595    0.8141 8965.248422897506
           1     0.9570    0.6935    0.8042 11635.398347738548

    accuracy                         0.8093 20600.646770636056
   macro avg     0.8319    0.8265    0.8091 20600.646770636056
weighted avg     0.8482    0.8093    0.8085 20600.646770636056

Load RETAIL model:
Training...
Predicting...
Local clasification report:
Normal:
              precision    recall  f1-score   support

          -1     0.9849    0.9801    0.9825     20232
           1     0.2160    0.2681    0.2392       414

    accuracy                         0.9658     20646
   macro avg     0.6005    0.6241    0.6109     20646
weighted avg     0.9695    0.9658    0.9676     20646

Weigthed:
              precision    recall  f1-score   support

          -1     0.9325    0.9801    0.9557 18808.27089888566
           1     0.5659    0.2681    0.3639 1821.7635808178486

    accuracy                         0.9172 20630.03447970351
   macro avg     0.7492    0.6241    0.6598 20630.03447970351
weighted avg     0.9002    0.9172    0.9035 20630.03447970351

Fold classification report:
Normal
              precision    recall  f1-score   support

 AGRICULTURE     0.7368    0.6000    0.6614        70
  INDUSTRIAL     0.6550    0.5732    0.6114       881
      OFFICE     0.2247    0.3202    0.2641       381
       OTHER     0.4093    0.4046    0.4069       262
      PUBLIC     0.2895    0.3311    0.3089       592
 RESIDENTIAL     0.9528    0.9444    0.9486     18046
      RETAIL     0.2195    0.2391    0.2289       414

    accuracy                         0.8773     20646
   macro avg     0.4982    0.4875    0.4900     20646
weighted avg     0.8853    0.8773    0.8809     20646

Weigthed:
              precision    recall  f1-score   support

 AGRICULTURE     0.8750    0.6000    0.7119 0.00438335688239857
  INDUSTRIAL     0.7786    0.5732    0.6603 0.04094358286426613
      OFFICE     0.3691    0.3202    0.3429 0.017368784854370222
       OTHER     0.5224    0.4046    0.4560 0.010039788478842957
      PUBLIC     0.4732    0.3311    0.3896 0.022400912653039572
 RESIDENTIAL     0.6960    0.9444    0.8014 0.08684731592458149
      RETAIL     0.4172    0.2391    0.3040 0.017647617754701552

    accuracy                         0.6481 0.1996313594122005
   macro avg     0.5902    0.4875    0.5237 0.1996313594122005
weighted avg     0.6300    0.6481    0.6230 0.1996313594122005


Fold 3:
Load AGRICULTURE model:
Training...
Predicting...
Local clasification report:
Normal:
              precision    recall  f1-score   support

          -1     0.9987    0.9993    0.9990     20585
           1     0.7143    0.5738    0.6364        61

    accuracy                         0.9981     20646
   macro avg     0.8565    0.7865    0.8177     20646
weighted avg     0.9979    0.9981    0.9980     20646

Weigthed:
              precision    recall  f1-score   support

          -1     0.9917    0.9993    0.9955 20215.501677438446
           1     0.9427    0.5738    0.7134 394.3161398452893

    accuracy                         0.9912 20609.817817283736
   macro avg     0.9672    0.7865    0.8544 20609.817817283736
weighted avg     0.9908    0.9912    0.9901 20609.817817283736

Load INDUSTRIAL model:
Training...
Predicting...
Local clasification report:
Normal:
              precision    recall  f1-score   support

          -1     0.9857    0.9862    0.9860     19772
           1     0.6844    0.6773    0.6809       874

    accuracy                         0.9731     20646
   macro avg     0.8351    0.8318    0.8334     20646
weighted avg     0.9730    0.9731    0.9731     20646

Weigthed:
              precision    recall  f1-score   support

          -1     0.9226    0.9862    0.9533 16357.691859655593
           1     0.9263    0.6773    0.7825 4193.023491071892

    accuracy                         0.9232 20550.715350727485
   macro avg     0.9245    0.8318    0.8679 20550.715350727485
weighted avg     0.9234    0.9232    0.9185 20550.715350727485

Load OFFICE model:
Training...
Predicting...
Local clasification report:
Normal:
              precision    recall  f1-score   support

          -1     0.9879    0.9780    0.9830     20263
           1     0.2406    0.3681    0.2910       383

    accuracy                         0.9667     20646
   macro avg     0.6143    0.6731    0.6370     20646
weighted avg     0.9741    0.9667    0.9701     20646

Weigthed:
              precision    recall  f1-score   support

          -1     0.9420    0.9780    0.9597 18909.254954933425
           1     0.6151    0.3681    0.4606 1802.3916272385025

    accuracy                         0.9250 20711.64658217193
   macro avg     0.7785    0.6731    0.7101 20711.64658217193
weighted avg     0.9135    0.9250    0.9162 20711.64658217193

Load OTHER model:
Training...
Predicting...
Local clasification report:
Normal:
              precision    recall  f1-score   support

          -1     0.9932    0.9968    0.9950     20401
           1     0.6176    0.4286    0.5060       245

    accuracy                         0.9901     20646
   macro avg     0.8054    0.7127    0.7505     20646
weighted avg     0.9887    0.9901    0.9892     20646

Weigthed:
              precision    recall  f1-score   support

          -1     0.9725    0.9968    0.9845 19612.760482627455
           1     0.8692    0.4286    0.5741 969.1595585663609

    accuracy                         0.9701 20581.920041193815
   macro avg     0.9208    0.7127    0.7793 20581.920041193815
weighted avg     0.9676    0.9701    0.9652 20581.920041193815

Load PUBLIC model:
Training...
Predicting...
Local clasification report:
Normal:
              precision    recall  f1-score   support

          -1     0.9826    0.9744    0.9785     20097
           1     0.2831    0.3698    0.3207       549

    accuracy                         0.9583     20646
   macro avg     0.6329    0.6721    0.6496     20646
weighted avg     0.9640    0.9583    0.9610     20646

Weigthed:
              precision    recall  f1-score   support

          -1     0.9298    0.9744    0.9516 18363.268487887333
           1     0.6280    0.3698    0.4655 2144.4813699867045

    accuracy                         0.9112 20507.749857874038
   macro avg     0.7789    0.6721    0.7085 20507.749857874038
weighted avg     0.8982    0.9112    0.9007 20507.749857874038

Load RESIDENTIAL model:
Training...
Predicting...
Local clasification report:
Normal:
              precision    recall  f1-score   support

          -1     0.9576    0.9573    0.9575     18124
           1     0.6940    0.6951    0.6945      2522

    accuracy                         0.9253     20646
   macro avg     0.8258    0.8262    0.8260     20646
weighted avg     0.9254    0.9253    0.9253     20646

Weigthed:
              precision    recall  f1-score   support

          -1     0.7147    0.9573    0.8184 9003.998803978424
           1     0.9533    0.6951    0.8040 11286.336397306342

    accuracy                         0.8115 20290.335201284768
   macro avg     0.8340    0.8262    0.8112 20290.335201284768
weighted avg     0.8474    0.8115    0.8104 20290.335201284768

Load RETAIL model:
Training...
Predicting...
Local clasification report:
Normal:
              precision    recall  f1-score   support

          -1     0.9858    0.9784    0.9821     20236
           1     0.2210    0.3024    0.2554       410

    accuracy                         0.9650     20646
   macro avg     0.6034    0.6404    0.6187     20646
weighted avg     0.9706    0.9650    0.9676     20646

Weigthed:
              precision    recall  f1-score   support

          -1     0.9360    0.9784    0.9567 18811.98941824092
           1     0.5732    0.3024    0.3960 1804.162000326855

    accuracy                         0.9192 20616.151418567773
   macro avg     0.7546    0.6404    0.6763 20616.151418567773
weighted avg     0.9043    0.9192    0.9077 20616.151418567773

Fold classification report:
Normal
              precision    recall  f1-score   support

 AGRICULTURE     0.7059    0.5902    0.6429        61
  INDUSTRIAL     0.6532    0.5561    0.6007       874
      OFFICE     0.2406    0.3681    0.2910       383
       OTHER     0.4911    0.4490    0.4691       245
      PUBLIC     0.2919    0.3461    0.3167       549
 RESIDENTIAL     0.9551    0.9431    0.9490     18124
      RETAIL     0.2328    0.2805    0.2544       410

    accuracy                         0.8801     20646
   macro avg     0.5101    0.5047    0.5034     20646
weighted avg     0.8908    0.8801    0.8849     20646

Weigthed:
              precision    recall  f1-score   support

 AGRICULTURE     0.8584    0.5902    0.6994 0.0038197824260901825
  INDUSTRIAL     0.7571    0.5561    0.6412 0.04061826495274527
      OFFICE     0.4041    0.3681    0.3853 0.017459959578015213
       OTHER     0.6231    0.4490    0.5219 0.009388351821818797
      PUBLIC     0.4831    0.3461    0.4033 0.020773819335335685
 RESIDENTIAL     0.7074    0.9431    0.8084 0.08722269499152803
      RETAIL     0.4683    0.2805    0.3508 0.01747710937059815

    accuracy                         0.6598 0.19675998247613136
   macro avg     0.6145    0.5047    0.5443 0.19675998247613136
weighted avg     0.6447    0.6598    0.6371 0.19675998247613136


Fold 4:
Load AGRICULTURE model:
Training...
Predicting...
Local clasification report:
Normal:
              precision    recall  f1-score   support

          -1     0.9989    0.9992    0.9991     20578
           1     0.7302    0.6765    0.7023        68

    accuracy                         0.9981     20646
   macro avg     0.8645    0.8378    0.8507     20646
weighted avg     0.9980    0.9981    0.9981     20646

Weigthed:
              precision    recall  f1-score   support

          -1     0.9930    0.9992    0.9961 20208.62732661298
           1     0.9468    0.6765    0.7891 439.56553294228956

    accuracy                         0.9923 20648.192859555267
   macro avg     0.9699    0.8378    0.8926 20648.192859555267
weighted avg     0.9920    0.9923    0.9917 20648.192859555267

Load INDUSTRIAL model:
Training...
Predicting...
Local clasification report:
Normal:
              precision    recall  f1-score   support

          -1     0.9854    0.9867    0.9860     19729
           1     0.7052    0.6859    0.6954       917

    accuracy                         0.9733     20646
   macro avg     0.8453    0.8363    0.8407     20646
weighted avg     0.9730    0.9733    0.9731     20646

Weigthed:
              precision    recall  f1-score   support

          -1     0.9210    0.9867    0.9527 16322.11727185642
           1     0.9327    0.6859    0.7905 4399.316408824838

    accuracy                         0.9228 20721.433680681257
   macro avg     0.9269    0.8363    0.8716 20721.433680681257
weighted avg     0.9235    0.9228    0.9183 20721.433680681257

Load OFFICE model:
Training...
Predicting...
Local clasification report:
Normal:
              precision    recall  f1-score   support

          -1     0.9895    0.9764    0.9829     20293
           1     0.2303    0.4051    0.2936       353

    accuracy                         0.9667     20646
   macro avg     0.6099    0.6908    0.6383     20646
weighted avg     0.9765    0.9667    0.9712     20646

Weigthed:
              precision    recall  f1-score   support

          -1     0.9493    0.9764    0.9627 18937.250693404934
           1     0.6014    0.4051    0.4841 1661.2121264104228

    accuracy                         0.9304 20598.46281981536
   macro avg     0.7753    0.6908    0.7234 20598.46281981536
weighted avg     0.9212    0.9304    0.9241 20598.46281981536

Load OTHER model:
Training...
Predicting...
Local clasification report:
Normal:
              precision    recall  f1-score   support

          -1     0.9928    0.9958    0.9943     20370
           1     0.6009    0.4638    0.5235       276

    accuracy                         0.9887     20646
   macro avg     0.7968    0.7298    0.7589     20646
weighted avg     0.9875    0.9887    0.9880     20646

Weigthed:
              precision    recall  f1-score   support

          -1     0.9709    0.9958    0.9832 19582.958238866784
           1     0.8610    0.4638    0.6028 1091.7879108747563

    accuracy                         0.9677 20674.74614974154
   macro avg     0.9159    0.7298    0.7930 20674.74614974154
weighted avg     0.9651    0.9677    0.9631 20674.74614974154

Load PUBLIC model:
Training...
Predicting...
Local clasification report:
Normal:
              precision    recall  f1-score   support

          -1     0.9806    0.9743    0.9775     20067
           1     0.2726    0.3333    0.2999       579

    accuracy                         0.9564     20646
   macro avg     0.6266    0.6538    0.6387     20646
weighted avg     0.9608    0.9564    0.9585     20646

Weigthed:
              precision    recall  f1-score   support

          -1     0.9222    0.9743    0.9475 18335.856533136037
           1     0.6157    0.3333    0.4325 2261.6661443029243

    accuracy                         0.9040 20597.52267743896
   macro avg     0.7689    0.6538    0.6900 20597.52267743896
weighted avg     0.8885    0.9040    0.8910 20597.52267743896

Load RESIDENTIAL model:
Training...
Predicting...
Local clasification report:
Normal:
              precision    recall  f1-score   support

          -1     0.9586    0.9580    0.9583     18019
           1     0.7134    0.7164    0.7149      2627

    accuracy                         0.9273     20646
   macro avg     0.8360    0.8372    0.8366     20646
weighted avg     0.9274    0.9273    0.9274     20646

Weigthed:
              precision    recall  f1-score   support

          -1     0.7201    0.9580    0.8222 8951.83482944642
           1     0.9573    0.7164    0.8195 11756.22748442662

    accuracy                         0.8209 20708.062313873037
   macro avg     0.8387    0.8372    0.8209 20708.062313873037
weighted avg     0.8548    0.8209    0.8207 20708.062313873037

Load RETAIL model:
Training...
Predicting...
Local clasification report:
Normal:
              precision    recall  f1-score   support

          -1     0.9847    0.9799    0.9823     20212
           1     0.2364    0.2903    0.2606       434

    accuracy                         0.9654     20646
   macro avg     0.6105    0.6351    0.6214     20646
weighted avg     0.9690    0.9654    0.9671     20646

Weigthed:
              precision    recall  f1-score   support

          -1     0.9314    0.9799    0.9550 18789.678302109372
           1     0.5944    0.2903    0.3901 1909.771483272818

    accuracy                         0.9162 20699.44978538219
   macro avg     0.7629    0.6351    0.6726 20699.44978538219
weighted avg     0.9003    0.9162    0.9029 20699.44978538219

Fold classification report:
Normal
              precision    recall  f1-score   support

 AGRICULTURE     0.6970    0.6765    0.6866        68
  INDUSTRIAL     0.6758    0.5387    0.5995       917
      OFFICE     0.2303    0.4051    0.2936       353
       OTHER     0.4638    0.4638    0.4638       276
      PUBLIC     0.2663    0.3040    0.2839       579
 RESIDENTIAL     0.9541    0.9439    0.9490     18019
      RETAIL     0.2376    0.2535    0.2453       434

    accuracy                         0.8770     20646
   macro avg     0.5035    0.5122    0.5031     20646
weighted avg     0.8876    0.8770    0.8815     20646

Weigthed:
              precision    recall  f1-score   support

 AGRICULTURE     0.8419    0.6765    0.7502 0.004258118114330039
  INDUSTRIAL     0.7920    0.5387    0.6412 0.04261664640923054
      OFFICE     0.3590    0.4051    0.3806 0.016092338723340354
       OTHER     0.5661    0.4638    0.5099 0.010576265725804031
      PUBLIC     0.4627    0.3040    0.3669 0.021909000719780258
 RESIDENTIAL     0.7034    0.9439    0.8061 0.0867173770167923
      RETAIL     0.4398    0.2535    0.3216 0.01850015967521856

    accuracy                         0.6502 0.20066990638449608
   macro avg     0.5950    0.5122    0.5395 0.20066990638449608
weighted avg     0.6397    0.6502    0.6275 0.20066990638449608

Label binary AGRICULTURE classification report:
Normal:
              precision    recall  f1-score   support

          -1     0.9989    0.9992    0.9991    102892
           1     0.7403    0.6746    0.7059       338

    accuracy                         0.9982    103230
   macro avg     0.8696    0.8369    0.8525    103230
weighted avg     0.9981    0.9982    0.9981    103230

Weigthed:
              precision    recall  f1-score   support

          -1     0.9930    0.9992    0.9961 101045.10073313897
           1     0.9494    0.6746    0.7887 2184.8992666837444

    accuracy                         0.9924 103229.99999982271
   macro avg     0.9712    0.8369    0.8924 103229.99999982271
weighted avg     0.9921    0.9924    0.9917 103229.99999982271

Label binary INDUSTRIAL classification report:
Normal:
              precision    recall  f1-score   support

          -1     0.9858    0.9866    0.9862     98740
           1     0.7003    0.6869    0.6935      4490

    accuracy                         0.9736    103230
   macro avg     0.8430    0.8367    0.8399    103230
weighted avg     0.9734    0.9736    0.9735    103230

Weigthed:
              precision    recall  f1-score   support

          -1     0.9228    0.9866    0.9536 81689.18137877507
           1     0.9313    0.6869    0.7906 21540.81862118204

    accuracy                         0.9241 103229.99999995712
   macro avg     0.9270    0.8367    0.8721 103229.99999995712
weighted avg     0.9245    0.9241    0.9196 103229.99999995712

Label binary OFFICE classification report:
Normal:
              precision    recall  f1-score   support

          -1     0.9882    0.9777    0.9829    101402
           1     0.2226    0.3545    0.2735      1828

    accuracy                         0.9666    103230
   macro avg     0.6054    0.6661    0.6282    103230
weighted avg     0.9747    0.9666    0.9704    103230

Weigthed:
              precision    recall  f1-score   support

          -1     0.9434    0.9777    0.9602 94627.46241625893
           1     0.5908    0.3545    0.4431 8602.537583791442

    accuracy                         0.9257 103230.00000005038
   macro avg     0.7671    0.6661    0.7017 103230.00000005038
weighted avg     0.9140    0.9257    0.9171 103230.00000005038

Label binary OTHER classification report:
Normal:
              precision    recall  f1-score   support

          -1     0.9929    0.9963    0.9946    101898
           1     0.6203    0.4587    0.5274      1332

    accuracy                         0.9894    103230
   macro avg     0.8066    0.7275    0.7610    103230
weighted avg     0.9881    0.9894    0.9886    103230

Weigthed:
              precision    recall  f1-score   support

          -1     0.9716    0.9963    0.9838 97960.93660402638
           1     0.8705    0.4587    0.6008 5269.063395960691

    accuracy                         0.9689 103229.99999998708
   macro avg     0.9211    0.7275    0.7923 103229.99999998708
weighted avg     0.9664    0.9689    0.9643 103229.99999998708

Label binary PUBLIC classification report:
Normal:
              precision    recall  f1-score   support

          -1     0.9804    0.9734    0.9769    100254
           1     0.2770    0.3427    0.3064      2976

    accuracy                         0.9553    103230
   macro avg     0.6287    0.6581    0.6416    103230
weighted avg     0.9601    0.9553    0.9576    103230

Weigthed:
              precision    recall  f1-score   support

          -1     0.9211    0.9734    0.9465 91605.27038787627
           1     0.6209    0.3427    0.4417 11624.729612168085

    accuracy                         0.9024 103230.00000004435
   macro avg     0.7710    0.6581    0.6941 103230.00000004435
weighted avg     0.8873    0.9024    0.8897 103230.00000004435

Label binary RESIDENTIAL classification report:
Normal:
              precision    recall  f1-score   support

          -1     0.9566    0.9579    0.9573     90173
           1     0.7066    0.6998    0.7032     13057

    accuracy                         0.9253    103230
   macro avg     0.8316    0.8289    0.8302    103230
weighted avg     0.9250    0.9253    0.9251    103230

Weigthed:
              precision    recall  f1-score   support

          -1     0.7098    0.9579    0.8154 44797.92452830903
           1     0.9559    0.6998    0.8080 58432.07547169038

    accuracy                         0.8118 103229.99999999942
   macro avg     0.8329    0.8289    0.8117 103229.99999999942
weighted avg     0.8491    0.8118    0.8112 103229.99999999942

Label binary RETAIL classification report:
Normal:
              precision    recall  f1-score   support

          -1     0.9852    0.9791    0.9821    101137
           1     0.2219    0.2886    0.2509      2093

    accuracy                         0.9651    103230
   macro avg     0.6035    0.6338    0.6165    103230
weighted avg     0.9697    0.9651    0.9673    103230

Weigthed:
              precision    recall  f1-score   support

          -1     0.9335    0.9791    0.9558 94019.97300794459
           1     0.5744    0.2886    0.3842 9210.026991912491

    accuracy                         0.9175 103229.99999985707
   macro avg     0.7540    0.6338    0.6700 103229.99999985707
weighted avg     0.9015    0.9175    0.9048 103229.99999985707

Global classification report:
Normal:
              precision    recall  f1-score   support

 AGRICULTURE     0.7153    0.6243    0.6667       338
  INDUSTRIAL     0.6701    0.5537    0.6063      4490
      OFFICE     0.2226    0.3545    0.2735      1828
       OTHER     0.4492    0.4347    0.4418      1332
      PUBLIC     0.2772    0.3189    0.2966      2976
 RESIDENTIAL     0.9530    0.9430    0.9480     90173
      RETAIL     0.2287    0.2590    0.2429      2093

    accuracy                         0.8762    103230
   macro avg     0.5023    0.4983    0.4965    103230
weighted avg     0.8863    0.8762    0.8807    103230

Weigthed:
              precision    recall  f1-score   support

 AGRICULTURE     0.8475    0.6243    0.7189 0.021165351803581825
  INDUSTRIAL     0.7818    0.5537    0.6483 0.20866820324695132
      OFFICE     0.3622    0.3545    0.3583 0.08333369741151772
       OTHER     0.5673    0.4347    0.4922 0.05104197806801233
      PUBLIC     0.4657    0.3189    0.3786 0.1126099933369016
 RESIDENTIAL     0.6979    0.9430    0.8021 0.43396226415179473
      RETAIL     0.4407    0.2590    0.3262 0.08921851198210004

    accuracy                         0.6487 1.0000000000008595
   macro avg     0.5947    0.4983    0.5321 1.0000000000008595
weighted avg     0.6348    0.6487    0.6253 1.0000000000008595

