---------------------------------OVA-Weighted-Genetic MODEL--------------------------------

Fold 0:
Load AGRICULTURE model:
Training...
Predicting...
Local clasification report:
Normal:
              precision    recall  f1-score   support

          -1      0.999     0.999     0.999     20578
           1      0.700     0.721     0.710        68

    accuracy                          0.998     20646
   macro avg      0.850     0.860     0.855     20646
weighted avg      0.998     0.998     0.998     20646

Weigthed:
              precision    recall  f1-score   support

          -1      1.000     0.999     0.999 4.437855187839902
           1      0.404     0.721     0.518 0.004258118114330039

    accuracy                          0.999 4.442113305954232
   macro avg      0.702     0.860     0.758 4.442113305954232
weighted avg      0.999     0.999     0.999 4.442113305954232

Weigthed factor:
              precision    recall  f1-score   support

          -1      1.000     0.999     0.999 458119.79104085977
           1      0.404     0.721     0.518 439.56553294228956

    accuracy                          0.999 458559.35657380207
   macro avg      0.702     0.860     0.758 458559.35657380207
weighted avg      0.999     0.999     0.999 458559.35657380207

Load INDUSTRIAL model:
Training...
Predicting...
Local clasification report:
Normal:
              precision    recall  f1-score   support

          -1      0.986     0.986     0.986     19724
           1      0.703     0.698     0.701       922

    accuracy                          0.973     20646
   macro avg      0.844     0.842     0.843     20646
weighted avg      0.973     0.973     0.973     20646

Weigthed:
              precision    recall  f1-score   support

          -1      0.997     0.986     0.992 4.572133197963927
           1      0.322     0.698     0.441 0.04284901634603115

    accuracy                          0.984 4.614982214309959
   macro avg      0.660     0.842     0.716 4.614982214309959
weighted avg      0.991     0.984     0.987 4.614982214309959

Weigthed factor:
              precision    recall  f1-score   support

          -1      0.997     0.986     0.992 471981.3100255954
           1      0.322     0.698     0.441 4423.303957400762

    accuracy                          0.984 476404.6139829962
   macro avg      0.660     0.842     0.716 476404.6139829962
weighted avg      0.991     0.984     0.987 476404.6139829962

Load OFFICE model:
Training...
Predicting...
Local clasification report:
Normal:
              precision    recall  f1-score   support

          -1      0.987     0.990     0.988     20267
           1      0.350     0.280     0.311       379

    accuracy                          0.977     20646
   macro avg      0.668     0.635     0.650     20646
weighted avg      0.975     0.977     0.976     20646

Weigthed:
              precision    recall  f1-score   support

          -1      0.997     0.990     0.994 4.715972865967266
           1      0.095     0.280     0.142 0.01727761013072523

    accuracy                          0.988 4.733250476097991
   macro avg      0.546     0.635     0.568 4.733250476097991
weighted avg      0.994     0.988     0.991 4.733250476097991

Weigthed factor:
              precision    recall  f1-score   support

          -1      0.997     0.990     0.994 486829.8789538617
           1      0.095     0.280     0.142 1783.5676937947585

    accuracy                          0.988 488613.4466476565
   macro avg      0.546     0.635     0.568 488613.4466476565
weighted avg      0.994     0.988     0.991 488613.4466476565

Load OTHER model:
Training...
Predicting...
Local clasification report:
Normal:
              precision    recall  f1-score   support

          -1      0.992     0.996     0.994     20373
           1      0.562     0.418     0.479       273

    accuracy                          0.988     20646
   macro avg      0.777     0.707     0.736     20646
weighted avg      0.987     0.988     0.987     20646

Weigthed:
              precision    recall  f1-score   support

          -1      0.999     0.996     0.997 4.88870020809363
           1      0.170     0.418     0.241 0.010461306315740944

    accuracy                          0.994 4.899161514409371
   macro avg      0.584     0.707     0.619 4.899161514409371
weighted avg      0.997     0.994     0.996 4.899161514409371

Weigthed factor:
              precision    recall  f1-score   support

          -1      0.999     0.996     0.997 504660.5224813533
           1      0.170     0.418     0.241 1079.920650973944

    accuracy                          0.994 505740.44313232723
   macro avg      0.584     0.707     0.619 505740.44313232723
weighted avg      0.997     0.994     0.996 505740.44313232723

Load PUBLIC model:
Training...
Predicting...
Local clasification report:
Normal:
              precision    recall  f1-score   support

          -1      0.979     0.986     0.983     20035
           1      0.406     0.321     0.358       611

    accuracy                          0.966     20646
   macro avg      0.693     0.653     0.670     20646
weighted avg      0.962     0.966     0.964     20646

Weigthed:
              precision    recall  f1-score   support

          -1      0.997     0.986     0.991 4.817219101213141
           1      0.097     0.321     0.149 0.0231198608631878

    accuracy                          0.982 4.840338962076329
   macro avg      0.547     0.653     0.570 4.840338962076329
weighted avg      0.992     0.982     0.987 4.840338962076329

Weigthed factor:
              precision    recall  f1-score   support

          -1      0.997     0.986     0.991 497281.52781818673
           1      0.097     0.321     0.149 2386.663236906892

    accuracy                          0.982 499668.1910550936
   macro avg      0.547     0.653     0.570 499668.1910550936
weighted avg      0.992     0.982     0.987 499668.1910550936

Load RESIDENTIAL model:
Training...
Predicting...
Local clasification report:
Normal:
              precision    recall  f1-score   support

          -1      0.954     0.965     0.960     17957
           1      0.748     0.688     0.717      2689

    accuracy                          0.929     20646
   macro avg      0.851     0.826     0.838     20646
weighted avg      0.927     0.929     0.928     20646

Weigthed:
              precision    recall  f1-score   support

          -1      0.266     0.965     0.418 0.0864189987840912
           1      0.994     0.688     0.813 0.7353527954792691

    accuracy                          0.717 0.8217717942633603
   macro avg      0.630     0.826     0.615 0.8217717942633603
weighted avg      0.918     0.717     0.771 0.8217717942633603

Weigthed factor:
              precision    recall  f1-score   support

          -1      0.266     0.965     0.418 8921.033244484664
           1      0.994     0.688     0.813 75910.46907732694

    accuracy                          0.717 84831.5023218116
   macro avg      0.630     0.826     0.615 84831.5023218116
weighted avg      0.918     0.717     0.771 84831.5023218116

Load RETAIL model:
Training...
Predicting...
Local clasification report:
Normal:
              precision    recall  f1-score   support

          -1      0.983     0.997     0.990     20210
           1      0.576     0.218     0.316       436

    accuracy                          0.980     20646
   macro avg      0.780     0.607     0.653     20646
weighted avg      0.975     0.980     0.976     20646

Weigthed:
              precision    recall  f1-score   support

          -1      0.997     0.997     0.997 4.762536382183553
           1      0.197     0.218     0.207 0.01858541386727026

    accuracy                          0.994 4.781121796050823
   macro avg      0.597     0.607     0.602 4.781121796050823
weighted avg      0.994     0.994     0.994 4.781121796050823

Weigthed factor:
              precision    recall  f1-score   support

          -1      0.997     0.997     0.997 491636.63073254994
           1      0.197     0.218     0.207 1918.5722735183151

    accuracy                          0.994 493555.20300606824
   macro avg      0.597     0.607     0.602 493555.20300606824
weighted avg      0.994     0.994     0.994 493555.20300606824

Fold classification report:
Normal
              precision    recall  f1-score   support

 AGRICULTURE      0.710     0.721     0.715        68
  INDUSTRIAL      0.695     0.701     0.698       922
      OFFICE      0.410     0.216     0.283       379
       OTHER      0.557     0.465     0.507       273
      PUBLIC      0.404     0.358     0.380       611
 RESIDENTIAL      0.947     0.977     0.962     17957
      RETAIL      0.590     0.218     0.318       436

    accuracy                          0.909     20646
   macro avg      0.616     0.522     0.552     20646
weighted avg      0.897     0.909     0.900     20646

Weigthed:
              precision    recall  f1-score   support

 AGRICULTURE      0.828     0.721     0.771 0.004258118114330039
  INDUSTRIAL      0.780     0.701     0.738 0.04284901634603115
      OFFICE      0.552     0.216     0.311 0.01727761013072523
       OTHER      0.685     0.465     0.554 0.010461306315740944
      PUBLIC      0.544     0.358     0.432 0.0231198608631878
 RESIDENTIAL      0.671     0.977     0.796 0.0864189987840912
      RETAIL      0.688     0.218     0.331 0.01858541386727026

    accuracy                          0.682 0.20297032442137664
   macro avg      0.678     0.522     0.562 0.20297032442137664
weighted avg      0.675     0.682     0.645 0.20297032442137664

Weigthed factor:
              precision    recall  f1-score   support

 AGRICULTURE      0.828     0.721     0.771 439.56553294228956
  INDUSTRIAL      0.780     0.701     0.738 4423.303957400762
      OFFICE      0.552     0.216     0.311 1783.5676937947585
       OTHER      0.685     0.465     0.554 1079.920650973944
      PUBLIC      0.544     0.358     0.432 2386.663236906892
 RESIDENTIAL      0.671     0.977     0.796 8921.033244484664
      RETAIL      0.688     0.218     0.331 1918.5722735183151

    accuracy                          0.682 20952.626590021624
   macro avg      0.678     0.522     0.562 20952.626590021624
weighted avg      0.675     0.682     0.645 20952.626590021624


Fold 1:
Load AGRICULTURE model:
Training...
Predicting...
Local clasification report:
Normal:
              precision    recall  f1-score   support

          -1      0.999     0.999     0.999     20581
           1      0.603     0.631     0.617        65

    accuracy                          0.998     20646
   macro avg      0.801     0.815     0.808     20646
weighted avg      0.998     0.998     0.998     20646

Weigthed:
              precision    recall  f1-score   support

          -1      1.000     0.999     0.999 4.438502168380457
           1      0.306     0.631     0.412 0.004070259962227244

    accuracy                          0.998 4.442572428342684
   macro avg      0.653     0.815     0.706 4.442572428342684
weighted avg      0.999     0.998     0.999 4.442572428342684

Weigthed factor:
              precision    recall  f1-score   support

          -1      1.000     0.999     0.999 458186.5788420612
           1      0.306     0.631     0.412 420.172935900718

    accuracy                          0.998 458606.75177796197
   macro avg      0.653     0.815     0.706 458606.75177796197
weighted avg      0.999     0.998     0.999 458606.75177796197

Load INDUSTRIAL model:
Training...
Predicting...
Local clasification report:
Normal:
              precision    recall  f1-score   support

          -1      0.986     0.985     0.985     19732
           1      0.680     0.689     0.685       914

    accuracy                          0.972     20646
   macro avg      0.833     0.837     0.835     20646
weighted avg      0.972     0.972     0.972     20646

Weigthed:
              precision    recall  f1-score   support

          -1      0.997     0.985     0.991 4.573987642578798
           1      0.299     0.689     0.417 0.04247722444715017

    accuracy                          0.982 4.6164648670259485
   macro avg      0.648     0.837     0.704 4.6164648670259485
weighted avg      0.991     0.982     0.986 4.6164648670259485

Weigthed factor:
              precision    recall  f1-score   support

          -1      0.997     0.985     0.991 472172.7443431884
           1      0.299     0.689     0.417 4384.923879679283

    accuracy                          0.982 476557.6682228677
   macro avg      0.648     0.837     0.704 476557.6682228677
weighted avg      0.991     0.982     0.986 476557.6682228677

Load OFFICE model:
Training...
Predicting...
Local clasification report:
Normal:
              precision    recall  f1-score   support

          -1      0.989     0.991     0.990     20305
           1      0.369     0.326     0.346       341

    accuracy                          0.980     20646
   macro avg      0.679     0.658     0.668     20646
weighted avg      0.978     0.980     0.979     20646

Weigthed:
              precision    recall  f1-score   support

          -1      0.998     0.991     0.994 4.724815169658325
           1      0.103     0.326     0.156 0.015545290381470414

    accuracy                          0.988 4.7403604600397955
   macro avg      0.550     0.658     0.575 4.7403604600397955
weighted avg      0.995     0.988     0.991 4.7403604600397955

Weigthed factor:
              precision    recall  f1-score   support

          -1      0.998     0.991     0.994 487742.66996389016
           1      0.103     0.326     0.156 1604.740326079191

    accuracy                          0.988 489347.41028996935
   macro avg      0.550     0.658     0.575 489347.41028996935
weighted avg      0.995     0.988     0.991 489347.41028996935

Load OTHER model:
Training...
Predicting...
Local clasification report:
Normal:
              precision    recall  f1-score   support

          -1      0.993     0.995     0.994     20380
           1      0.555     0.455     0.500       266

    accuracy                          0.988     20646
   macro avg      0.774     0.725     0.747     20646
weighted avg      0.987     0.988     0.988     20646

Weigthed:
              precision    recall  f1-score   support

          -1      0.999     0.995     0.997 4.89037992641968
           1      0.166     0.455     0.243 0.010193067692260407

    accuracy                          0.994 4.900572994111941
   macro avg      0.582     0.725     0.620 4.900572994111941
weighted avg      0.997     0.994     0.995 4.900572994111941

Weigthed factor:
              precision    recall  f1-score   support

          -1      0.999     0.995     0.997 504833.9198041516
           1      0.166     0.455     0.243 1052.2303778720486

    accuracy                          0.994 505886.15018202364
   macro avg      0.582     0.725     0.620 505886.15018202364
weighted avg      0.997     0.994     0.995 505886.15018202364

Load PUBLIC model:
Training...
Predicting...
Local clasification report:
Normal:
              precision    recall  f1-score   support

          -1      0.980     0.988     0.984     20039
           1      0.455     0.320     0.376       607

    accuracy                          0.969     20646
   macro avg      0.717     0.654     0.680     20646
weighted avg      0.964     0.969     0.966     20646

Weigthed:
              precision    recall  f1-score   support

          -1      0.997     0.988     0.993 4.81818086195209
           1      0.116     0.320     0.171 0.02296850334526186

    accuracy                          0.985 4.841149365297352
   macro avg      0.557     0.654     0.582 4.841149365297352
weighted avg      0.993     0.985     0.989 4.841149365297352

Weigthed factor:
              precision    recall  f1-score   support

          -1      0.997     0.988     0.993 497380.8103792684
           1      0.116     0.320     0.171 2371.038600331396

    accuracy                          0.985 499751.84897959983
   macro avg      0.557     0.654     0.582 499751.84897959983
weighted avg      0.993     0.985     0.989 499751.84897959983

Load RESIDENTIAL model:
Training...
Predicting...
Local clasification report:
Normal:
              precision    recall  f1-score   support

          -1      0.955     0.963     0.959     18015
           1      0.734     0.691     0.712      2631

    accuracy                          0.929     20646
   macro avg      0.845     0.827     0.836     20646
weighted avg      0.927     0.929     0.928     20646

Weigthed:
              precision    recall  f1-score   support

          -1      0.273     0.963     0.426 0.08669812680823094
           1      0.994     0.691     0.815 0.7194917087787143

    accuracy                          0.721 0.8061898355869452
   macro avg      0.634     0.827     0.621 0.8061898355869452
weighted avg      0.916     0.721     0.774 0.8061898355869452

Weigthed factor:
              precision    recall  f1-score   support

          -1      0.273     0.963     0.426 8949.847630416629
           1      0.994     0.691     0.815 74273.12909722811

    accuracy                          0.721 83222.97672764474
   macro avg      0.634     0.827     0.621 83222.97672764474
weighted avg      0.916     0.721     0.774 83222.97672764474

Load RETAIL model:
Training...
Predicting...
Local clasification report:
Normal:
              precision    recall  f1-score   support

          -1      0.983     0.998     0.990     20208
           1      0.652     0.201     0.307       438

    accuracy                          0.981     20646
   macro avg      0.817     0.599     0.649     20646
weighted avg      0.976     0.981     0.976     20646

Weigthed:
              precision    recall  f1-score   support

          -1      0.997     0.998     0.997 4.762065077247167
           1      0.253     0.201     0.224 0.018670668059321962

    accuracy                          0.995 4.7807357453064885
   macro avg      0.625     0.599     0.611 4.7807357453064885
weighted avg      0.994     0.995     0.994 4.7807357453064885

Weigthed factor:
              precision    recall  f1-score   support

          -1      0.997     0.998     0.997 491587.9779239668
           1      0.253     0.201     0.224 1927.3730637638118

    accuracy                          0.995 493515.35098773066
   macro avg      0.625     0.599     0.611 493515.35098773066
weighted avg      0.994     0.995     0.994 493515.35098773066

Fold classification report:
Normal
              precision    recall  f1-score   support

 AGRICULTURE      0.578     0.569     0.574        65
  INDUSTRIAL      0.677     0.689     0.683       914
      OFFICE      0.390     0.276     0.323       341
       OTHER      0.512     0.466     0.488       266
      PUBLIC      0.440     0.348     0.388       607
 RESIDENTIAL      0.949     0.977     0.963     18015
      RETAIL      0.634     0.210     0.316       438

    accuracy                          0.910     20646
   macro avg      0.597     0.505     0.534     20646
weighted avg      0.899     0.910     0.902     20646

Weigthed:
              precision    recall  f1-score   support

 AGRICULTURE      0.763     0.569     0.652 0.004070259962227244
  INDUSTRIAL      0.755     0.689     0.721 0.04247722444715017
      OFFICE      0.533     0.276     0.363 0.015545290381470414
       OTHER      0.622     0.466     0.533 0.010193067692260407
      PUBLIC      0.599     0.348     0.440 0.02296850334526186
 RESIDENTIAL      0.680     0.977     0.802 0.08669812680823094
      RETAIL      0.748     0.210     0.328 0.018670668059321962

    accuracy                          0.684 0.200623140695923
   macro avg      0.671     0.505     0.548 0.200623140695923
weighted avg      0.680     0.684     0.648 0.200623140695923

Weigthed factor:
              precision    recall  f1-score   support

 AGRICULTURE      0.763     0.569     0.652 420.172935900718
  INDUSTRIAL      0.755     0.689     0.721 4384.923879679283
      OFFICE      0.533     0.276     0.363 1604.740326079191
       OTHER      0.622     0.466     0.533 1052.2303778720486
      PUBLIC      0.599     0.348     0.440 2371.038600331396
 RESIDENTIAL      0.680     0.977     0.802 8949.847630416629
      RETAIL      0.748     0.210     0.328 1927.3730637638123

    accuracy                          0.684 20710.326814043077
   macro avg      0.671     0.505     0.548 20710.326814043077
weighted avg      0.680     0.684     0.648 20710.326814043077


Fold 2:
Load AGRICULTURE model:
Training...
Predicting...
Local clasification report:
Normal:
              precision    recall  f1-score   support

          -1      0.999     0.999     0.999     20577
           1      0.671     0.710     0.690        69

    accuracy                          0.998     20646
   macro avg      0.835     0.854     0.845     20646
weighted avg      0.998     0.998     0.998     20646

Weigthed:
              precision    recall  f1-score   support

          -1      1.000     0.999     0.999 4.437639527659717
           1      0.372     0.710     0.488 0.0043207374983643045

    accuracy                          0.999 4.441960265158081
   macro avg      0.686     0.854     0.744 4.441960265158081
weighted avg      0.999     0.999     0.999 4.441960265158081

Weigthed factor:
              precision    recall  f1-score   support

          -1      1.000     0.999     0.999 458097.5284404593
           1      0.372     0.710     0.488 446.02973195614675

    accuracy                          0.999 458543.5581724154
   macro avg      0.686     0.854     0.744 458543.5581724154
weighted avg      0.999     0.999     0.999 458543.5581724154

Load INDUSTRIAL model:
Training...
Predicting...
Local clasification report:
Normal:
              precision    recall  f1-score   support

          -1      0.987     0.987     0.987     19773
           1      0.706     0.707     0.706       873

    accuracy                          0.975     20646
   macro avg      0.847     0.847     0.847     20646
weighted avg      0.975     0.975     0.975     20646

Weigthed:
              precision    recall  f1-score   support

          -1      0.997     0.987     0.992 4.5834916712300116
           1      0.325     0.707     0.445 0.04057179096538515

    accuracy                          0.985 4.624063462195397
   macro avg      0.661     0.847     0.719 4.624063462195397
weighted avg      0.991     0.985     0.987 4.624063462195397

Weigthed factor:
              precision    recall  f1-score   support

          -1      0.997     0.987     0.992 473153.8452208525
           1      0.325     0.707     0.445 4188.225981356707

    accuracy                          0.985 477342.0712022092
   macro avg      0.661     0.847     0.719 477342.0712022092
weighted avg      0.991     0.985     0.987 477342.0712022092

Load OFFICE model:
Training...
Predicting...
Local clasification report:
Normal:
              precision    recall  f1-score   support

          -1      0.986     0.992     0.989     20269
           1      0.360     0.241     0.289       377

    accuracy                          0.978     20646
   macro avg      0.673     0.617     0.639     20646
weighted avg      0.975     0.978     0.976     20646

Weigthed:
              precision    recall  f1-score   support

          -1      0.997     0.992     0.995 4.716438250372058
           1      0.099     0.241     0.141 0.01718643540708024

    accuracy                          0.989 4.733624685779138
   macro avg      0.548     0.617     0.568 4.733624685779138
weighted avg      0.994     0.989     0.992 4.733624685779138

Weigthed factor:
              precision    recall  f1-score   support

          -1      0.997     0.992     0.995 486877.9205859685
           1      0.099     0.241     0.141 1774.1557270728863

    accuracy                          0.989 488652.0763130414
   macro avg      0.548     0.617     0.568 488652.0763130414
weighted avg      0.994     0.989     0.992 488652.0763130414

Load OTHER model:
Training...
Predicting...
Local clasification report:
Normal:
              precision    recall  f1-score   support

          -1      0.993     0.997     0.995     20380
           1      0.635     0.432     0.515       266

    accuracy                          0.989     20646
   macro avg      0.814     0.715     0.755     20646
weighted avg      0.988     0.989     0.989     20646

Weigthed:
              precision    recall  f1-score   support

          -1      0.999     0.997     0.998 4.89037992641968
           1      0.218     0.432     0.290 0.010193067692260407

    accuracy                          0.996 4.900572994111941
   macro avg      0.608     0.715     0.644 4.900572994111941
weighted avg      0.997     0.996     0.996 4.900572994111941

Weigthed factor:
              precision    recall  f1-score   support

          -1      0.999     0.997     0.998 504833.9198041516
           1      0.218     0.432     0.290 1052.2303778720486

    accuracy                          0.996 505886.15018202364
   macro avg      0.608     0.715     0.644 505886.15018202364
weighted avg      0.997     0.996     0.996 505886.15018202364

Load PUBLIC model:
Training...
Predicting...
Local clasification report:
Normal:
              precision    recall  f1-score   support

          -1      0.980     0.987     0.983     20038
           1      0.431     0.324     0.370       608

    accuracy                          0.967     20646
   macro avg      0.705     0.656     0.677     20646
weighted avg      0.963     0.967     0.965     20646

Weigthed:
              precision    recall  f1-score   support

          -1      0.997     0.987     0.992 4.817940421767353
           1      0.107     0.324     0.160 0.023006342724743344

    accuracy                          0.984 4.840946764492096
   macro avg      0.552     0.656     0.576 4.840946764492096
weighted avg      0.993     0.984     0.988 4.840946764492096

Weigthed factor:
              precision    recall  f1-score   support

          -1      0.997     0.987     0.992 497355.989738998
           1      0.107     0.324     0.160 2374.94475947527

    accuracy                          0.984 499730.93449847325
   macro avg      0.552     0.656     0.576 499730.93449847325
weighted avg      0.993     0.984     0.988 499730.93449847325

Load RESIDENTIAL model:
Training...
Predicting...
Local clasification report:
Normal:
              precision    recall  f1-score   support

          -1      0.954     0.965     0.959     18041
           1      0.735     0.679     0.706      2605

    accuracy                          0.929     20646
   macro avg      0.845     0.822     0.833     20646
weighted avg      0.927     0.929     0.927     20646

Weigthed:
              precision    recall  f1-score   support

          -1      0.268     0.965     0.420 0.08682325316387979
           1      0.994     0.679     0.807 0.7123815664646724

    accuracy                          0.710 0.7992048196285522
   macro avg      0.631     0.822     0.613 0.7992048196285522
weighted avg      0.915     0.710     0.765 0.7992048196285522

Weigthed factor:
              precision    recall  f1-score   support

          -1      0.268     0.965     0.420 8962.764424110268
           1      0.994     0.679     0.807 73539.14910614933

    accuracy                          0.710 82501.9135302596
   macro avg      0.631     0.822     0.613 82501.9135302596
weighted avg      0.915     0.710     0.765 82501.9135302596

Load RETAIL model:
Training...
Predicting...
Local clasification report:
Normal:
              precision    recall  f1-score   support

          -1      0.984     0.997     0.990     20234
           1      0.521     0.182     0.270       412

    accuracy                          0.980     20646
   macro avg      0.752     0.589     0.630     20646
weighted avg      0.974     0.980     0.976     20646

Weigthed:
              precision    recall  f1-score   support

          -1      0.997     0.997     0.997 4.768192041420191
           1      0.164     0.182     0.173 0.01756236356264985

    accuracy                          0.994 4.785754404982841
   macro avg      0.581     0.589     0.585 4.785754404982841
weighted avg      0.994     0.994     0.994 4.785754404982841

Weigthed factor:
              precision    recall  f1-score   support

          -1      0.997     0.997     0.997 492220.46443554724
           1      0.164     0.182     0.173 1812.9627905723517

    accuracy                          0.994 494033.4272261196
   macro avg      0.581     0.589     0.585 494033.4272261196
weighted avg      0.994     0.994     0.994 494033.4272261196

Fold classification report:
Normal
              precision    recall  f1-score   support

 AGRICULTURE      0.657     0.667     0.662        69
  INDUSTRIAL      0.698     0.706     0.702       873
      OFFICE      0.349     0.202     0.255       377
       OTHER      0.590     0.470     0.523       266
      PUBLIC      0.439     0.352     0.391       608
 RESIDENTIAL      0.947     0.978     0.962     18041
      RETAIL      0.497     0.180     0.264       412

    accuracy                          0.910     20646
   macro avg      0.596     0.508     0.537     20646
weighted avg      0.896     0.910     0.901     20646

Weigthed:
              precision    recall  f1-score   support

 AGRICULTURE      0.813     0.667     0.732 0.0043207374983643045
  INDUSTRIAL      0.775     0.706     0.739 0.04057179096538515
      OFFICE      0.481     0.202     0.284 0.01718643540708024
       OTHER      0.704     0.470     0.564 0.010193067692260407
      PUBLIC      0.588     0.352     0.440 0.023006342724743344
 RESIDENTIAL      0.671     0.978     0.796 0.08682325316387979
      RETAIL      0.638     0.180     0.280 0.01756236356264985

    accuracy                          0.681 0.19966399101436308
   macro avg      0.667     0.508     0.548 0.19966399101436308
weighted avg      0.668     0.681     0.641 0.19966399101436308

Weigthed factor:
              precision    recall  f1-score   support

 AGRICULTURE      0.813     0.667     0.732 446.02973195614675
  INDUSTRIAL      0.775     0.706     0.739 4188.225981356707
      OFFICE      0.481     0.202     0.284 1774.1557270728865
       OTHER      0.704     0.470     0.564 1052.2303778720486
      PUBLIC      0.588     0.352     0.440 2374.94475947527
 RESIDENTIAL      0.671     0.978     0.796 8962.764424110268
      RETAIL      0.638     0.180     0.280 1812.9627905723517

    accuracy                          0.681 20611.313792415676
   macro avg      0.667     0.508     0.548 20611.313792415676
weighted avg      0.668     0.681     0.641 20611.313792415676


Fold 3:
Load AGRICULTURE model:
Training...
Predicting...
Local clasification report:
Normal:
              precision    recall  f1-score   support

          -1      0.999     0.999     0.999     20576
           1      0.714     0.786     0.748        70

    accuracy                          0.998     20646
   macro avg      0.857     0.892     0.874     20646
weighted avg      0.998     0.998     0.998     20646

Weigthed:
              precision    recall  f1-score   support

          -1      1.000     0.999     0.999 4.437423867479532
           1      0.421     0.786     0.548 0.00438335688239857

    accuracy                          0.999 4.441807224361931
   macro avg      0.710     0.892     0.774 4.441807224361931
weighted avg      0.999     0.999     0.999 4.441807224361931

Weigthed factor:
              precision    recall  f1-score   support

          -1      1.000     0.999     0.999 458075.2658400588
           1      0.421     0.786     0.548 452.49393097000393

    accuracy                          0.999 458527.7597710288
   macro avg      0.710     0.892     0.774 458527.7597710288
weighted avg      0.999     0.999     0.999 458527.7597710288

Load INDUSTRIAL model:
Training...
Predicting...
Local clasification report:
Normal:
              precision    recall  f1-score   support

          -1      0.986     0.986     0.986     19768
           1      0.692     0.696     0.694       878

    accuracy                          0.974     20646
   macro avg      0.839     0.841     0.840     20646
weighted avg      0.974     0.974     0.974     20646

Weigthed:
              precision    recall  f1-score   support

          -1      0.997     0.986     0.992 4.582332643345717
           1      0.311     0.696     0.429 0.04080416090218576

    accuracy                          0.984 4.623136804247903
   macro avg      0.654     0.841     0.711 4.623136804247903
weighted avg      0.991     0.984     0.987 4.623136804247903

Weigthed factor:
              precision    recall  f1-score   support

          -1      0.997     0.986     0.992 473034.1987723569
           1      0.311     0.696     0.429 4212.213529932631

    accuracy                          0.984 477246.4123022895
   macro avg      0.654     0.841     0.711 477246.4123022895
weighted avg      0.991     0.984     0.987 477246.4123022895

Load OFFICE model:
Training...
Predicting...
Local clasification report:
Normal:
              precision    recall  f1-score   support

          -1      0.987     0.993     0.990     20283
           1      0.367     0.242     0.292       363

    accuracy                          0.979     20646
   macro avg      0.677     0.617     0.641     20646
weighted avg      0.976     0.979     0.977     20646

Weigthed:
              precision    recall  f1-score   support

          -1      0.997     0.993     0.995 4.7196959412056065
           1      0.102     0.242     0.143 0.016548212341565307

    accuracy                          0.990 4.7362441535471715
   macro avg      0.550     0.617     0.569 4.7362441535471715
weighted avg      0.994     0.990     0.992 4.7362441535471715

Weigthed factor:
              precision    recall  f1-score   support

          -1      0.997     0.993     0.995 487214.2120107158
           1      0.102     0.242     0.143 1708.2719600197827

    accuracy                          0.990 488922.4839707356
   macro avg      0.550     0.617     0.569 488922.4839707356
weighted avg      0.994     0.990     0.992 488922.4839707356

Load OTHER model:
Training...
Predicting...
Local clasification report:
Normal:
              precision    recall  f1-score   support

          -1      0.993     0.996     0.995     20375
           1      0.620     0.469     0.534       271

    accuracy                          0.989     20646
   macro avg      0.806     0.732     0.764     20646
weighted avg      0.988     0.989     0.989     20646

Weigthed:
              precision    recall  f1-score   support

          -1      0.999     0.996     0.998 4.889180127615359
           1      0.206     0.469     0.287 0.010384666709032219

    accuracy                          0.995 4.899564794324391
   macro avg      0.603     0.732     0.642 4.899564794324391
weighted avg      0.997     0.995     0.996 4.899564794324391

Weigthed factor:
              precision    recall  f1-score   support

          -1      0.999     0.996     0.998 504710.0645735814
           1      0.206     0.469     0.287 1072.0091443734025

    accuracy                          0.995 505782.0737179548
   macro avg      0.603     0.732     0.642 505782.0737179548
weighted avg      0.997     0.995     0.996 505782.0737179548

Load PUBLIC model:
Training...
Predicting...
Local clasification report:
Normal:
              precision    recall  f1-score   support

          -1      0.980     0.987     0.983     20087
           1      0.368     0.283     0.320       559

    accuracy                          0.967     20646
   macro avg      0.674     0.635     0.652     20646
weighted avg      0.964     0.967     0.965     20646

Weigthed:
              precision    recall  f1-score   support

          -1      0.997     0.987     0.992 4.829721990819483
           1      0.084     0.283     0.130 0.021152213130150543

    accuracy                          0.983 4.850874203949633
   macro avg      0.540     0.635     0.561 4.850874203949633
weighted avg      0.993     0.983     0.988 4.850874203949633

Weigthed factor:
              precision    recall  f1-score   support

          -1      0.997     0.987     0.992 498572.20111224876
           1      0.084     0.283     0.130 2183.5429614254444

    accuracy                          0.983 500755.7440736742
   macro avg      0.540     0.635     0.561 500755.7440736742
weighted avg      0.993     0.983     0.988 500755.7440736742

Load RESIDENTIAL model:
Training...
Predicting...
Local clasification report:
Normal:
              precision    recall  f1-score   support

          -1      0.954     0.966     0.960     18101
           1      0.735     0.670     0.701      2545

    accuracy                          0.929     20646
   macro avg      0.844     0.818     0.830     20646
weighted avg      0.927     0.929     0.928     20646

Weigthed:
              precision    recall  f1-score   support

          -1      0.268     0.966     0.419 0.0871120062923002
           1      0.994     0.670     0.800 0.6959735457399605

    accuracy                          0.703 0.7830855520322607
   macro avg      0.631     0.818     0.610 0.7830855520322607
weighted avg      0.913     0.703     0.758 0.7830855520322607

Weigthed factor:
              precision    recall  f1-score   support

          -1      0.268     0.966     0.419 8992.572409557128
           1      0.994     0.670     0.800 71845.34912673675

    accuracy                          0.703 80837.92153629387
   macro avg      0.631     0.818     0.610 80837.92153629387
weighted avg      0.913     0.703     0.758 80837.92153629387

Load RETAIL model:
Training...
Predicting...
Local clasification report:
Normal:
              precision    recall  f1-score   support

          -1      0.984     0.997     0.990     20242
           1      0.543     0.188     0.279       404

    accuracy                          0.981     20646
   macro avg      0.763     0.592     0.635     20646
weighted avg      0.975     0.981     0.976     20646

Weigthed:
              precision    recall  f1-score   support

          -1      0.997     0.997     0.997 4.770077261165737
           1      0.177     0.188     0.182 0.017221346794443048

    accuracy                          0.994 4.78729860796018
   macro avg      0.587     0.592     0.590 4.78729860796018
weighted avg      0.994     0.994     0.994 4.78729860796018

Weigthed factor:
              precision    recall  f1-score   support

          -1      0.997     0.997     0.997 492415.0756698797
           1      0.177     0.188     0.182 1777.759629590364

    accuracy                          0.994 494192.83529947005
   macro avg      0.587     0.592     0.590 494192.83529947005
weighted avg      0.994     0.994     0.994 494192.83529947005

Fold classification report:
Normal
              precision    recall  f1-score   support

 AGRICULTURE      0.718     0.729     0.723        70
  INDUSTRIAL      0.679     0.682     0.681       878
      OFFICE      0.382     0.187     0.251       363
       OTHER      0.576     0.506     0.538       271
      PUBLIC      0.388     0.317     0.349       559
 RESIDENTIAL      0.948     0.978     0.963     18101
      RETAIL      0.538     0.210     0.302       404

    accuracy                          0.911     20646
   macro avg      0.604     0.515     0.544     20646
weighted avg      0.898     0.911     0.902     20646

Weigthed:
              precision    recall  f1-score   support

 AGRICULTURE      0.836     0.729     0.779 0.00438335688239857
  INDUSTRIAL      0.783     0.682     0.729 0.04080416090218576
      OFFICE      0.507     0.187     0.274 0.016548212341565307
       OTHER      0.710     0.506     0.591 0.010384666709032219
      PUBLIC      0.504     0.317     0.389 0.021152213130150543
 RESIDENTIAL      0.676     0.978     0.799 0.0871120062923002
      RETAIL      0.674     0.210     0.321 0.017221346794443048

    accuracy                          0.682 0.19760596305207564
   macro avg      0.670     0.515     0.554 0.19760596305207564
weighted avg      0.671     0.682     0.644 0.19760596305207564

Weigthed factor:
              precision    recall  f1-score   support

 AGRICULTURE      0.836     0.729     0.779 452.49393097000393
  INDUSTRIAL      0.783     0.682     0.729 4212.213529932631
      OFFICE      0.507     0.187     0.274 1708.2719600197827
       OTHER      0.710     0.506     0.591 1072.0091443734025
      PUBLIC      0.504     0.317     0.389 2183.5429614254444
 RESIDENTIAL      0.676     0.978     0.799 8992.572409557128
      RETAIL      0.674     0.210     0.321 1777.7596295903638

    accuracy                          0.682 20398.863565868756
   macro avg      0.670     0.515     0.554 20398.863565868756
weighted avg      0.671     0.682     0.644 20398.863565868756


Fold 4:
Load AGRICULTURE model:
Training...
Predicting...
Local clasification report:
Normal:
              precision    recall  f1-score   support

          -1      0.999     0.999     0.999     20580
           1      0.656     0.606     0.630        66

    accuracy                          0.998     20646
   macro avg      0.827     0.803     0.814     20646
weighted avg      0.998     0.998     0.998     20646

Weigthed:
              precision    recall  f1-score   support

          -1      1.000     0.999     0.999 4.438286508200272
           1      0.356     0.606     0.449 0.004132879346261509

    accuracy                          0.999 4.442419387546534
   macro avg      0.678     0.803     0.724 4.442419387546534
weighted avg      0.999     0.999     0.999 4.442419387546534

Weigthed factor:
              precision    recall  f1-score   support

          -1      1.000     0.999     0.999 458164.31624166074
           1      0.356     0.606     0.449 426.6371349145752

    accuracy                          0.999 458590.9533765753
   macro avg      0.678     0.803     0.724 458590.9533765753
weighted avg      0.999     0.999     0.999 458590.9533765753

Load INDUSTRIAL model:
Training...
Predicting...
Local clasification report:
Normal:
              precision    recall  f1-score   support

          -1      0.985     0.987     0.986     19743
           1      0.700     0.668     0.684       903

    accuracy                          0.973     20646
   macro avg      0.843     0.827     0.835     20646
weighted avg      0.972     0.973     0.973     20646

Weigthed:
              precision    recall  f1-score   support

          -1      0.997     0.987     0.992 4.5765375039242455
           1      0.319     0.668     0.432 0.041966010586188825

    accuracy                          0.984 4.618503514510435
   macro avg      0.658     0.827     0.712 4.618503514510435
weighted avg      0.991     0.984     0.987 4.618503514510435

Weigthed factor:
              precision    recall  f1-score   support

          -1      0.997     0.987     0.992 472435.9665298788
           1      0.319     0.668     0.432 4332.151272812251

    accuracy                          0.984 476768.11780269106
   macro avg      0.658     0.827     0.712 476768.11780269106
weighted avg      0.991     0.984     0.987 476768.11780269106

Load OFFICE model:
Training...
Predicting...
Local clasification report:
Normal:
              precision    recall  f1-score   support

          -1      0.986     0.992     0.989     20278
           1      0.323     0.223     0.264       368

    accuracy                          0.978     20646
   macro avg      0.654     0.607     0.626     20646
weighted avg      0.974     0.978     0.976     20646

Weigthed:
              precision    recall  f1-score   support

          -1      0.997     0.992     0.994 4.718532480193625
           1      0.085     0.223     0.123 0.016776149150677783

    accuracy                          0.989 4.735308629344303
   macro avg      0.541     0.607     0.559 4.735308629344303
weighted avg      0.994     0.989     0.991 4.735308629344303

Weigthed factor:
              precision    recall  f1-score   support

          -1      0.997     0.992     0.994 487094.1079304489
           1      0.085     0.223     0.123 1731.8018768244626

    accuracy                          0.989 488825.90980727336
   macro avg      0.541     0.607     0.559 488825.90980727336
weighted avg      0.994     0.989     0.991 488825.90980727336

Load OTHER model:
Training...
Predicting...
Local clasification report:
Normal:
              precision    recall  f1-score   support

          -1      0.993     0.996     0.995     20390
           1      0.601     0.465     0.524       256

    accuracy                          0.990     20646
   macro avg      0.797     0.730     0.759     20646
weighted avg      0.988     0.990     0.989     20646

Weigthed:
              precision    recall  f1-score   support

          -1      0.999     0.996     0.998 4.892779524028322
           1      0.194     0.465     0.274 0.009809869658716783

    accuracy                          0.995 4.902589393687039
   macro avg      0.596     0.730     0.636 4.902589393687039
weighted avg      0.997     0.995     0.996 4.902589393687039

Weigthed factor:
              precision    recall  f1-score   support

          -1      0.999     0.996     0.998 505081.63026529195
           1      0.194     0.465     0.274 1012.6728448693407

    accuracy                          0.995 506094.3031101613
   macro avg      0.596     0.730     0.636 506094.3031101613
weighted avg      0.997     0.995     0.996 506094.3031101613

Load PUBLIC model:
Training...
Predicting...
Local clasification report:
Normal:
              precision    recall  f1-score   support

          -1      0.980     0.986     0.983     20055
           1      0.394     0.313     0.349       591

    accuracy                          0.967     20646
   macro avg      0.687     0.649     0.666     20646
weighted avg      0.963     0.967     0.965     20646

Weigthed:
              precision    recall  f1-score   support

          -1      0.997     0.986     0.991 4.822027904907888
           1      0.093     0.313     0.143 0.022363073273558087

    accuracy                          0.983 4.844390978181446
   macro avg      0.545     0.649     0.567 4.844390978181446
weighted avg      0.993     0.983     0.987 4.844390978181446

Weigthed factor:
              precision    recall  f1-score   support

          -1      0.997     0.986     0.991 497777.9406235952
           1      0.093     0.313     0.143 2308.540054029412

    accuracy                          0.983 500086.48067762464
   macro avg      0.545     0.649     0.567 500086.48067762464
weighted avg      0.993     0.983     0.987 500086.48067762464

Load RESIDENTIAL model:
Training...
Predicting...
Local clasification report:
Normal:
              precision    recall  f1-score   support

          -1      0.954     0.962     0.958     18059
           1      0.717     0.673     0.694      2587

    accuracy                          0.926     20646
   macro avg      0.835     0.817     0.826     20646
weighted avg      0.924     0.926     0.925     20646

Weigthed:
              precision    recall  f1-score   support

          -1      0.265     0.962     0.416 0.08690987910240591
           1      0.993     0.673     0.802 0.7074591602472589

    accuracy                          0.704 0.7943690393496647
   macro avg      0.629     0.817     0.609 0.7943690393496647
weighted avg      0.913     0.704     0.760 0.7943690393496647

Weigthed factor:
              precision    recall  f1-score   support

          -1      0.265     0.962     0.416 8971.706819744326
           1      0.993     0.673     0.802 73031.00911232556

    accuracy                          0.704 82002.71593206988
   macro avg      0.629     0.817     0.609 82002.71593206988
weighted avg      0.913     0.704     0.760 82002.71593206988

Load RETAIL model:
Training...
Predicting...
Local clasification report:
Normal:
              precision    recall  f1-score   support

          -1      0.984     0.997     0.991     20243
           1      0.576     0.189     0.284       403

    accuracy                          0.981     20646
   macro avg      0.780     0.593     0.637     20646
weighted avg      0.976     0.981     0.977     20646

Weigthed:
              precision    recall  f1-score   support

          -1      0.997     0.997     0.997 4.77031291363393
           1      0.197     0.189     0.193 0.017178719698417198

    accuracy                          0.994 4.787491633332347
   macro avg      0.597     0.593     0.595 4.787491633332347
weighted avg      0.994     0.994     0.994 4.787491633332347

Weigthed factor:
              precision    recall  f1-score   support

          -1      0.997     0.997     0.997 492439.40207417123
           1      0.197     0.189     0.193 1773.3592344676154

    accuracy                          0.994 494212.76130863884
   macro avg      0.597     0.593     0.595 494212.76130863884
weighted avg      0.994     0.994     0.994 494212.76130863884

Fold classification report:
Normal
              precision    recall  f1-score   support

 AGRICULTURE      0.649     0.561     0.602        66
  INDUSTRIAL      0.688     0.676     0.682       903
      OFFICE      0.353     0.207     0.261       368
       OTHER      0.576     0.516     0.544       256
      PUBLIC      0.403     0.354     0.377       591
 RESIDENTIAL      0.948     0.976     0.962     18059
      RETAIL      0.516     0.196     0.284       403

    accuracy                          0.909     20646
   macro avg      0.591     0.498     0.530     20646
weighted avg      0.897     0.909     0.901     20646

Weigthed:
              precision    recall  f1-score   support

 AGRICULTURE      0.833     0.561     0.670 0.004132879346261509
  INDUSTRIAL      0.776     0.676     0.722 0.041966010586188825
      OFFICE      0.482     0.207     0.289 0.016776149150677783
       OTHER      0.684     0.516     0.588 0.009809869658716783
      PUBLIC      0.550     0.354     0.430 0.022363073273558087
 RESIDENTIAL      0.674     0.976     0.798 0.08690987910240591
      RETAIL      0.665     0.196     0.303 0.017178719698417198

    accuracy                          0.679 0.19913658081622612
   macro avg      0.666     0.498     0.543 0.19913658081622612
weighted avg      0.668     0.679     0.642 0.19913658081622612

Weigthed factor:
              precision    recall  f1-score   support

 AGRICULTURE      0.833     0.561     0.670 426.6371349145752
  INDUSTRIAL      0.776     0.676     0.722 4332.151272812251
      OFFICE      0.482     0.207     0.289 1731.8018768244626
       OTHER      0.684     0.516     0.588 1012.6728448693407
      PUBLIC      0.550     0.354     0.430 2308.540054029412
 RESIDENTIAL      0.674     0.976     0.798 8971.706819744326
      RETAIL      0.665     0.196     0.303 1773.3592344676154

    accuracy                          0.679 20556.86923766198
   macro avg      0.666     0.498     0.543 20556.86923766198
weighted avg      0.668     0.679     0.642 20556.86923766198

Label binary AGRICULTURE classification report:
Normal:
              precision    recall  f1-score   support

          -1      0.999     0.999     0.999    102892
           1      0.670     0.692     0.681       338

    accuracy                          0.998    103230
   macro avg      0.835     0.846     0.840    103230
weighted avg      0.998     0.998     0.998    103230

Weigthed:
              precision    recall  f1-score   support

          -1      1.000     0.999     0.999 22.18970725959128
           1      0.371     0.692     0.483 0.021165351803581825

    accuracy                          0.999 22.210872611394862
   macro avg      0.686     0.846     0.741 22.210872611394862
weighted avg      0.999     0.999     0.999 22.210872611394862

Weigthed factor:
              precision    recall  f1-score   support

          -1      1.000     0.999     0.999 2290643.48040639
           1      0.371     0.692     0.483 2184.8992666837444

    accuracy                          0.999 2292828.379673074
   macro avg      0.686     0.846     0.741 2292828.379673074
weighted avg      0.999     0.999     0.999 2292828.379673074

Label binary INDUSTRIAL classification report:
Normal:
              precision    recall  f1-score   support

          -1      0.986     0.986     0.986     98740
           1      0.696     0.692     0.694      4490

    accuracy                          0.973    103230
   macro avg      0.841     0.839     0.840    103230
weighted avg      0.973     0.973     0.973    103230

Weigthed:
              precision    recall  f1-score   support

          -1      0.997     0.986     0.992 22.88848265903997
           1      0.315     0.692     0.433 0.20866820324695132

    accuracy                          0.984 23.09715086228692
   macro avg      0.656     0.839     0.712 23.09715086228692
weighted avg      0.991     0.984     0.987 23.09715086228692

Weigthed factor:
              precision    recall  f1-score   support

          -1      0.997     0.986     0.992 2362778.0648897067
           1      0.315     0.692     0.433 21540.81862118204

    accuracy                          0.984 2384318.8835108886
   macro avg      0.656     0.839     0.712 2384318.8835108886
weighted avg      0.991     0.984     0.987 2384318.8835108886

Label binary OFFICE classification report:
Normal:
              precision    recall  f1-score   support

          -1      0.987     0.991     0.989    101402
           1      0.354     0.261     0.301      1828

    accuracy                          0.978    103230
   macro avg      0.670     0.626     0.645    103230
weighted avg      0.976     0.978     0.977    103230

Weigthed:
              precision    recall  f1-score   support

          -1      0.997     0.991     0.994 23.59545470739267
           1      0.097     0.261     0.141 0.08333369741151772

    accuracy                          0.989 23.678788404804187
   macro avg      0.547     0.626     0.568 23.678788404804187
weighted avg      0.994     0.989     0.991 23.678788404804187

Weigthed factor:
              precision    recall  f1-score   support

          -1      0.997     0.991     0.994 2435758.7894483097
           1      0.097     0.261     0.141 8602.537583791442

    accuracy                          0.989 2444361.3270321013
   macro avg      0.547     0.626     0.568 2444361.3270321013
weighted avg      0.994     0.989     0.991 2444361.3270321013

Label binary OTHER classification report:
Normal:
              precision    recall  f1-score   support

          -1      0.993     0.996     0.994    101898
           1      0.593     0.447     0.510      1332

    accuracy                          0.989    103230
   macro avg      0.793     0.722     0.752    103230
weighted avg      0.988     0.989     0.988    103230

Weigthed:
              precision    recall  f1-score   support

          -1      0.999     0.996     0.997 24.451419712609795
           1      0.189     0.447     0.266 0.05104197806801233

    accuracy                          0.995 24.50246169067781
   macro avg      0.594     0.722     0.631 24.50246169067781
weighted avg      0.997     0.995     0.996 24.50246169067781

Weigthed factor:
              precision    recall  f1-score   support

          -1      0.999     0.996     0.997 2524120.056935215
           1      0.189     0.447     0.266 5269.063395960691

    accuracy                          0.995 2529389.1203311756
   macro avg      0.594     0.722     0.631 2529389.1203311756
weighted avg      0.997     0.995     0.996 2529389.1203311756

Label binary PUBLIC classification report:
Normal:
              precision    recall  f1-score   support

          -1      0.980     0.987     0.983    100254
           1      0.411     0.312     0.355      2976

    accuracy                          0.967    103230
   macro avg      0.695     0.650     0.669    103230
weighted avg      0.963     0.967     0.965    103230

Weigthed:
              precision    recall  f1-score   support

          -1      0.997     0.987     0.992 24.105090280657826
           1      0.099     0.313     0.150 0.1126099933369016

    accuracy                          0.984 24.21770027399473
   macro avg      0.548     0.650     0.571 24.21770027399473
weighted avg      0.993     0.984     0.988 24.21770027399473

Weigthed factor:
              precision    recall  f1-score   support

          -1      0.997     0.987     0.992 2488368.469672821
           1      0.099     0.313     0.150 11624.729612168085

    accuracy                          0.984 2499993.199284989
   macro avg      0.548     0.650     0.571 2499993.199284989
weighted avg      0.993     0.984     0.988 2499993.199284989

Label binary RESIDENTIAL classification report:
Normal:
              precision    recall  f1-score   support

          -1      0.954     0.964     0.959     90173
           1      0.734     0.680     0.706     13057

    accuracy                          0.928    103230
   macro avg      0.844     0.822     0.833    103230
weighted avg      0.926     0.928     0.927    103230

Weigthed:
              precision    recall  f1-score   support

          -1      0.268     0.964     0.420 0.43396226415179473
           1      0.994     0.680     0.808 3.570658776710765

    accuracy                          0.711 4.00462104086256
   macro avg      0.631     0.822     0.614 4.00462104086256
weighted avg      0.915     0.711     0.766 4.00462104086256

Weigthed factor:
              precision    recall  f1-score   support

          -1      0.268     0.964     0.420 44797.92452830903
           1      0.994     0.680     0.808 368599.10551971087

    accuracy                          0.711 413397.0300480199
   macro avg      0.631     0.822     0.614 413397.0300480199
weighted avg      0.915     0.711     0.766 413397.0300480199

Label binary RETAIL classification report:
Normal:
              precision    recall  f1-score   support

          -1      0.984     0.997     0.990    101137
           1      0.573     0.196     0.292      2093

    accuracy                          0.981    103230
   macro avg      0.778     0.596     0.641    103230
weighted avg      0.975     0.981     0.976    103230

Weigthed:
              precision    recall  f1-score   support

          -1      0.997     0.997     0.997 23.8331836755986
           1      0.195     0.196     0.195 0.08921851198210004

    accuracy                          0.994 23.9224021875807
   macro avg      0.596     0.596     0.596 23.9224021875807
weighted avg      0.994     0.994     0.994 23.9224021875807

Weigthed factor:
              precision    recall  f1-score   support

          -1      0.997     0.997     0.997 2460299.5508419247
           1      0.195     0.196     0.195 9210.026991912491

    accuracy                          0.994 2469509.5778338374
   macro avg      0.596     0.596     0.596 2469509.5778338374
weighted avg      0.994     0.994     0.994 2469509.5778338374

Global classification report:
Normal:
              precision    recall  f1-score   support

 AGRICULTURE      0.665     0.651     0.658       338
  INDUSTRIAL      0.687     0.691     0.689      4490
      OFFICE      0.376     0.217     0.275      1828
       OTHER      0.561     0.484     0.520      1332
      PUBLIC      0.415     0.346     0.377      2976
 RESIDENTIAL      0.948     0.977     0.962     90173
      RETAIL      0.555     0.203     0.297      2093

    accuracy                          0.910    103230
   macro avg      0.601     0.510     0.540    103230
weighted avg      0.897     0.910     0.901    103230

Weigthed:
              precision    recall  f1-score   support

 AGRICULTURE      0.816     0.651     0.724 0.021165351803581825
  INDUSTRIAL      0.774     0.691     0.730 0.20866820324695132
      OFFICE      0.511     0.217     0.304 0.08333369741151772
       OTHER      0.680     0.484     0.566 0.05104197806801233
      PUBLIC      0.557     0.346     0.427 0.1126099933369016
 RESIDENTIAL      0.674     0.977     0.798 0.43396226415179473
      RETAIL      0.683     0.203     0.313 0.08921851198210004

    accuracy                          0.682 1.0000000000008595
   macro avg      0.671     0.510     0.552 1.0000000000008595
weighted avg      0.672     0.682     0.644 1.0000000000008595

Weigthed factor:
              precision    recall  f1-score   support

 AGRICULTURE      0.816     0.651     0.724 2184.8992666837444
  INDUSTRIAL      0.774     0.691     0.730 21540.81862118204
      OFFICE      0.511     0.217     0.304 8602.537583791442
       OTHER      0.680     0.484     0.566 5269.063395960691
      PUBLIC      0.557     0.346     0.427 11624.729612168085
 RESIDENTIAL      0.674     0.977     0.798 44797.92452830903
      RETAIL      0.683     0.203     0.313 9210.026991912491

    accuracy                          0.682 103230.00000000751
   macro avg      0.671     0.510     0.552 103230.00000000751
weighted avg      0.672     0.682     0.644 103230.00000000751

