---------------------------------OVA MODEL--------------------------------

Global classification report:
              precision    recall  f1-score   support

 AGRICULTURE       0.67      0.68      0.67       338
  INDUSTRIAL       0.68      0.68      0.68      4490
      OFFICE       0.38      0.20      0.26      1828
       OTHER       0.55      0.50      0.52      1332
      PUBLIC       0.42      0.33      0.37      2976
 RESIDENTIAL       0.95      0.98      0.96     90173
      RETAIL       0.54      0.21      0.30      2093

    accuracy                           0.91    103230
   macro avg       0.60      0.51      0.54    103230
weighted avg       0.90      0.91      0.90    103230

---------------------------------KNN MODEL--------------------------------
-----K value = 1------

Global classification report:
              precision    recall  f1-score   support

 AGRICULTURE       0.69      0.58      0.63       338
  INDUSTRIAL       0.64      0.58      0.61      4490
      OFFICE       0.23      0.22      0.22      1828
       OTHER       0.50      0.41      0.45      1332
      PUBLIC       0.32      0.25      0.28      2976
 RESIDENTIAL       0.94      0.96      0.95     90173
      RETAIL       0.27      0.24      0.26      2093

    accuracy                           0.89    103230
   macro avg       0.51      0.46      0.49    103230
weighted avg       0.88      0.89      0.88    103230

-----K value = 3------

Global classification report:
              precision    recall  f1-score   support

 AGRICULTURE       0.70      0.62      0.66       338
  INDUSTRIAL       0.71      0.59      0.64      4490
      OFFICE       0.31      0.19      0.24      1828
       OTHER       0.57      0.38      0.45      1332
      PUBLIC       0.44      0.22      0.29      2976
 RESIDENTIAL       0.94      0.98      0.96     90173
      RETAIL       0.42      0.22      0.29      2093

    accuracy                           0.90    103230
   macro avg       0.58      0.46      0.50    103230
weighted avg       0.88      0.90      0.89    103230

---------------------------------Predict OVA MODEL--------------------------------

Global classification report:
              precision    recall  f1-score   support

 AGRICULTURE       0.65      0.71      0.68       338
  INDUSTRIAL       0.65      0.71      0.68      4490
      OFFICE       0.32      0.20      0.25      1828
       OTHER       0.51      0.52      0.52      1332
      PUBLIC       0.36      0.39      0.37      2976
 RESIDENTIAL       0.95      0.97      0.96     90173
      RETAIL       0.51      0.21      0.30      2093

    accuracy                           0.90    103230
   macro avg       0.57      0.53      0.54    103230
weighted avg       0.90      0.90      0.90    103230

---------------------------------Raw + Predict OVA MODEL--------------------------------

Global classification report:
              precision    recall  f1-score   support

 AGRICULTURE       0.67      0.75      0.70       338
  INDUSTRIAL       0.67      0.69      0.68      4490
      OFFICE       0.34      0.24      0.28      1828
       OTHER       0.52      0.50      0.51      1332
      PUBLIC       0.37      0.39      0.38      2976
 RESIDENTIAL       0.95      0.97      0.96     90173
      RETAIL       0.45      0.23      0.30      2093

    accuracy                           0.90    103230
   macro avg       0.57      0.54      0.55    103230
weighted avg       0.90      0.90      0.90    103230

