---------------------------------OVA-Weighted MODEL--------------------------------

Fold 0:
Load AGRICULTURE model:
Training...
Predicting...
Local clasification report:
Normal:
              precision    recall  f1-score   support

          -1       1.00      1.00      1.00     20577
           1       0.80      0.57      0.66        69

    accuracy                           1.00     20646
   macro avg       0.90      0.78      0.83     20646
weighted avg       1.00      1.00      1.00     20646

Weigthed:
              precision    recall  f1-score   support

          -1       1.00      1.00      1.00 458097.5284404593
           1       0.53      0.57      0.55 446.02973195614675

    accuracy                           1.00 458543.5581724154
   macro avg       0.77      0.78      0.77 458543.5581724154
weighted avg       1.00      1.00      1.00 458543.5581724154

Load INDUSTRIAL model:
Training...
Predicting...
Local clasification report:
Normal:
              precision    recall  f1-score   support

          -1       0.98      0.99      0.99     19726
           1       0.81      0.60      0.69       920

    accuracy                           0.98     20646
   macro avg       0.90      0.80      0.84     20646
weighted avg       0.97      0.98      0.97     20646

Weigthed:
              precision    recall  f1-score   support

          -1       1.00      0.99      0.99 472029.16860499367
           1       0.46      0.60      0.52 4413.708937970392

    accuracy                           0.99 476442.87754296407
   macro avg       0.73      0.80      0.76 476442.87754296407
weighted avg       0.99      0.99      0.99 476442.87754296407

Load OFFICE model:
Training...
Predicting...
Local clasification report:
Normal:
              precision    recall  f1-score   support

          -1       0.99      0.99      0.99     20299
           1       0.35      0.20      0.26       347

    accuracy                           0.98     20646
   macro avg       0.67      0.60      0.62     20646
weighted avg       0.98      0.98      0.98     20646

Weigthed:
              precision    recall  f1-score   support

          -1       1.00      0.99      1.00 487598.5450675699
           1       0.10      0.20      0.13 1632.976226244807

    accuracy                           0.99 489231.5212938147
   macro avg       0.55      0.60      0.56 489231.5212938147
weighted avg       0.99      0.99      0.99 489231.5212938147

Load OTHER model:
Training...
Predicting...
Local clasification report:
Normal:
              precision    recall  f1-score   support

          -1       0.99      1.00      1.00     20385
           1       0.72      0.40      0.51       261

    accuracy                           0.99     20646
   macro avg       0.86      0.70      0.75     20646
weighted avg       0.99      0.99      0.99     20646

Weigthed:
              precision    recall  f1-score   support

          -1       1.00      1.00      1.00 504957.77503472177
           1       0.29      0.40      0.34 1032.4516113706948

    accuracy                           1.00 505990.2266460925
   macro avg       0.65      0.70      0.67 505990.2266460925
weighted avg       1.00      1.00      1.00 505990.2266460925

Load PUBLIC model:
Training...
Predicting...
Local clasification report:
Normal:
              precision    recall  f1-score   support

          -1       0.97      1.00      0.99     20038
           1       0.61      0.15      0.24       608

    accuracy                           0.97     20646
   macro avg       0.79      0.57      0.61     20646
weighted avg       0.96      0.97      0.96     20646

Weigthed:
              precision    recall  f1-score   support

          -1       1.00      1.00      1.00 497355.989738998
           1       0.20      0.15      0.17 2374.94475947527

    accuracy                           0.99 499730.93449847325
   macro avg       0.60      0.57      0.58 499730.93449847325
weighted avg       0.99      0.99      0.99 499730.93449847325

Load RESIDENTIAL model:
Training...
Predicting...
Local clasification report:
Normal:
              precision    recall  f1-score   support

          -1       0.51      0.80      0.63      2620
           1       0.97      0.89      0.93     18026

    accuracy                           0.88     20646
   macro avg       0.74      0.85      0.78     20646
weighted avg       0.91      0.88      0.89     20646

Weigthed:
              precision    recall  f1-score   support

          -1       0.98      0.80      0.88 73962.59910100247
           1       0.35      0.89      0.50 8955.312427748553

    accuracy                           0.81 82917.91152875102
   macro avg       0.67      0.85      0.69 82917.91152875102
weighted avg       0.92      0.81      0.84 82917.91152875102

Load RETAIL model:
Training...
Predicting...
Local clasification report:
Normal:
              precision    recall  f1-score   support

          -1       0.98      1.00      0.99     20231
           1       0.67      0.14      0.23       415

    accuracy                           0.98     20646
   macro avg       0.83      0.57      0.61     20646
weighted avg       0.98      0.98      0.98     20646

Weigthed:
              precision    recall  f1-score   support

          -1       1.00      1.00      1.00 492147.4852226726
           1       0.27      0.14      0.18 1826.163975940597

    accuracy                           1.00 493973.6491986132
   macro avg       0.63      0.57      0.59 493973.6491986132
weighted avg       0.99      1.00      0.99 493973.6491986132

Fold classification report:
Normal
              precision    recall  f1-score   support

 AGRICULTURE       0.58      0.65      0.61        69
  INDUSTRIAL       0.78      0.63      0.70       920
      OFFICE       0.32      0.26      0.28       347
       OTHER       0.59      0.47      0.52       261
      PUBLIC       0.46      0.26      0.33       608
 RESIDENTIAL       0.94      0.98      0.96     18026
      RETAIL       0.32      0.21      0.25       415

    accuracy                           0.91     20646
   macro avg       0.57      0.49      0.52     20646
weighted avg       0.89      0.91      0.90     20646

Weigthed:
              precision    recall  f1-score   support

 AGRICULTURE       0.75      0.65      0.70 0.0043207374983643045
  INDUSTRIAL       0.85      0.63      0.72 0.04275606837131091
      OFFICE       0.41      0.26      0.32 0.015818814552405382
       OTHER       0.70      0.47      0.56 0.010001468675488595
      PUBLIC       0.59      0.26      0.36 0.023006342724743344
 RESIDENTIAL       0.65      0.98      0.78 0.08675106488177468
      RETAIL       0.48      0.21      0.29 0.017690244850727403

    accuracy                           0.67 0.20034474155481463
   macro avg       0.63      0.49      0.53 0.20034474155481463
weighted avg       0.66      0.67      0.63 0.20034474155481463


Fold 1:
Load AGRICULTURE model:
Training...
Predicting...
Local clasification report:
Normal:
              precision    recall  f1-score   support

          -1       1.00      1.00      1.00     20576
           1       0.74      0.56      0.63        70

    accuracy                           1.00     20646
   macro avg       0.87      0.78      0.82     20646
weighted avg       1.00      1.00      1.00     20646

Weigthed:
              precision    recall  f1-score   support

          -1       1.00      1.00      1.00 458075.2658400588
           1       0.45      0.56      0.50 452.49393097000393

    accuracy                           1.00 458527.7597710288
   macro avg       0.72      0.78      0.75 458527.7597710288
weighted avg       1.00      1.00      1.00 458527.7597710288

Load INDUSTRIAL model:
Training...
Predicting...
Local clasification report:
Normal:
              precision    recall  f1-score   support

          -1       0.98      0.99      0.99     19748
           1       0.79      0.57      0.66       898

    accuracy                           0.97     20646
   macro avg       0.89      0.78      0.82     20646
weighted avg       0.97      0.97      0.97     20646

Weigthed:
              precision    recall  f1-score   support

          -1       1.00      0.99      0.99 472555.6129783744
           1       0.43      0.57      0.49 4308.163724236327

    accuracy                           0.99 476863.7767026107
   macro avg       0.71      0.78      0.74 476863.7767026107
weighted avg       0.99      0.99      0.99 476863.7767026107

Load OFFICE model:
Training...
Predicting...
Local clasification report:
Normal:
              precision    recall  f1-score   support

          -1       0.99      0.99      0.99     20282
           1       0.39      0.21      0.28       364

    accuracy                           0.98     20646
   macro avg       0.69      0.60      0.63     20646
weighted avg       0.98      0.98      0.98     20646

Weigthed:
              precision    recall  f1-score   support

          -1       1.00      0.99      1.00 487190.1911946624
           1       0.11      0.21      0.15 1712.9779433807187

    accuracy                           0.99 488903.16913804313
   macro avg       0.56      0.60      0.57 488903.16913804313
weighted avg       0.99      0.99      0.99 488903.16913804313

Load OTHER model:
Training...
Predicting...
Local clasification report:
Normal:
              precision    recall  f1-score   support

          -1       0.99      1.00      0.99     20358
           1       0.75      0.34      0.46       288

    accuracy                           0.99     20646
   macro avg       0.87      0.67      0.73     20646
weighted avg       0.99      0.99      0.99     20646

Weigthed:
              precision    recall  f1-score   support

          -1       1.00      1.00      1.00 504288.95678964275
           1       0.32      0.34      0.33 1139.2569504780056

    accuracy                           1.00 505428.21374012076
   macro avg       0.66      0.67      0.66 505428.21374012076
weighted avg       1.00      1.00      1.00 505428.21374012076

Load PUBLIC model:
Training...
Predicting...
Local clasification report:
Normal:
              precision    recall  f1-score   support

          -1       0.97      1.00      0.98     19998
           1       0.57      0.18      0.28       648

    accuracy                           0.97     20646
   macro avg       0.77      0.59      0.63     20646
weighted avg       0.96      0.97      0.96     20646

Weigthed:
              precision    recall  f1-score   support

          -1       1.00      1.00      1.00 496363.16412818106
           1       0.18      0.18      0.18 2531.1911252302298

    accuracy                           0.99 498894.3552534113
   macro avg       0.59      0.59      0.59 498894.3552534113
weighted avg       0.99      0.99      0.99 498894.3552534113

Load RESIDENTIAL model:
Training...
Predicting...
Local clasification report:
Normal:
              precision    recall  f1-score   support

          -1       0.52      0.78      0.62      2688
           1       0.97      0.89      0.93     17958

    accuracy                           0.88     20646
   macro avg       0.74      0.84      0.78     20646
weighted avg       0.91      0.88      0.89     20646

Weigthed:
              precision    recall  f1-score   support

          -1       0.98      0.78      0.87 75882.23907767006
           1       0.33      0.89      0.48 8921.530044242112

    accuracy                           0.80 84803.76912191218
   macro avg       0.66      0.84      0.68 84803.76912191218
weighted avg       0.91      0.80      0.83 84803.76912191218

Load RETAIL model:
Training...
Predicting...
Local clasification report:
Normal:
              precision    recall  f1-score   support

          -1       0.98      1.00      0.99     20226
           1       0.70      0.17      0.27       420

    accuracy                           0.98     20646
   macro avg       0.84      0.58      0.63     20646
weighted avg       0.98      0.98      0.98     20646

Weigthed:
              precision    recall  f1-score   support

          -1       1.00      1.00      1.00 492025.8532012148
           1       0.30      0.17      0.21 1848.1659515543395

    accuracy                           1.00 493874.0191527691
   macro avg       0.65      0.58      0.61 493874.0191527691
weighted avg       0.99      1.00      0.99 493874.0191527691

Fold classification report:
Normal
              precision    recall  f1-score   support

 AGRICULTURE       0.59      0.61      0.60        70
  INDUSTRIAL       0.75      0.60      0.67       898
      OFFICE       0.33      0.25      0.29       364
       OTHER       0.64      0.43      0.51       288
      PUBLIC       0.50      0.28      0.36       648
 RESIDENTIAL       0.94      0.98      0.96     17958
      RETAIL       0.34      0.24      0.28       420

    accuracy                           0.90     20646
   macro avg       0.58      0.49      0.52     20646
weighted avg       0.89      0.90      0.89     20646

Weigthed:
              precision    recall  f1-score   support

 AGRICULTURE       0.77      0.61      0.68 0.00438335688239857
  INDUSTRIAL       0.82      0.60      0.69 0.04173364064938821
      OFFICE       0.44      0.25      0.32 0.016593799703387802
       OTHER       0.73      0.43      0.54 0.01103610336605638
      PUBLIC       0.64      0.28      0.39 0.024519917904002774
 RESIDENTIAL       0.64      0.98      0.77 0.08642381133623155
      RETAIL       0.47      0.24      0.31 0.017903380330856655

    accuracy                           0.65 0.20259401017232193
   macro avg       0.64      0.49      0.53 0.20259401017232193
weighted avg       0.65      0.65      0.62 0.20259401017232193


Fold 2:
Load AGRICULTURE model:
Training...
Predicting...
Local clasification report:
Normal:
              precision    recall  f1-score   support

          -1       1.00      1.00      1.00     20576
           1       0.74      0.49      0.59        70

    accuracy                           1.00     20646
   macro avg       0.87      0.74      0.79     20646
weighted avg       1.00      1.00      1.00     20646

Weigthed:
              precision    recall  f1-score   support

          -1       1.00      1.00      1.00 458075.2658400588
           1       0.45      0.49      0.47 452.49393097000393

    accuracy                           1.00 458527.7597710288
   macro avg       0.73      0.74      0.73 458527.7597710288
weighted avg       1.00      1.00      1.00 458527.7597710288

Load INDUSTRIAL model:
Training...
Predicting...
Local clasification report:
Normal:
              precision    recall  f1-score   support

          -1       0.98      0.99      0.99     19765
           1       0.78      0.58      0.67       881

    accuracy                           0.98     20646
   macro avg       0.88      0.79      0.83     20646
weighted avg       0.97      0.98      0.97     20646

Weigthed:
              precision    recall  f1-score   support

          -1       1.00      0.99      0.99 472962.41090325953
           1       0.42      0.58      0.49 4226.606059078185

    accuracy                           0.99 477189.0169623377
   macro avg       0.71      0.79      0.74 477189.0169623377
weighted avg       0.99      0.99      0.99 477189.0169623377

Load OFFICE model:
Training...
Predicting...
Local clasification report:
Normal:
              precision    recall  f1-score   support

          -1       0.98      0.99      0.99     20265
           1       0.36      0.19      0.25       381

    accuracy                           0.98     20646
   macro avg       0.67      0.59      0.62     20646
weighted avg       0.97      0.98      0.98     20646

Weigthed:
              precision    recall  f1-score   support

          -1       1.00      0.99      1.00 486781.83732175495
           1       0.10      0.19      0.13 1792.9796605166305

    accuracy                           0.99 488574.81698227156
   macro avg       0.55      0.59      0.56 488574.81698227156
weighted avg       0.99      0.99      0.99 488574.81698227156

Load OTHER model:
Training...
Predicting...
Local clasification report:
Normal:
              precision    recall  f1-score   support

          -1       0.99      1.00      1.00     20384
           1       0.73      0.37      0.49       262

    accuracy                           0.99     20646
   macro avg       0.86      0.68      0.74     20646
weighted avg       0.99      0.99      0.99     20646

Weigthed:
              precision    recall  f1-score   support

          -1       1.00      1.00      1.00 504933.0039886077
           1       0.30      0.37      0.33 1036.4073646709655

    accuracy                           1.00 505969.4113532787
   macro avg       0.65      0.68      0.67 505969.4113532787
weighted avg       1.00      1.00      1.00 505969.4113532787

Load PUBLIC model:
Training...
Predicting...
Local clasification report:
Normal:
              precision    recall  f1-score   support

          -1       0.98      1.00      0.99     20054
           1       0.67      0.16      0.25       592

    accuracy                           0.97     20646
   macro avg       0.82      0.58      0.62     20646
weighted avg       0.97      0.97      0.97     20646

Weigthed:
              precision    recall  f1-score   support

          -1       1.00      1.00      1.00 497753.1199833248
           1       0.24      0.16      0.19 2312.446213173286

    accuracy                           0.99 500065.56619649805
   macro avg       0.62      0.58      0.59 500065.56619649805
weighted avg       0.99      0.99      0.99 500065.56619649805

Load RESIDENTIAL model:
Training...
Predicting...
Local clasification report:
Normal:
              precision    recall  f1-score   support

          -1       0.52      0.80      0.63      2600
           1       0.97      0.89      0.93     18046

    accuracy                           0.88     20646
   macro avg       0.74      0.85      0.78     20646
weighted avg       0.91      0.88      0.89     20646

Weigthed:
              precision    recall  f1-score   support

          -1       0.98      0.80      0.88 73397.99910786495
           1       0.35      0.89      0.50 8965.248422897506

    accuracy                           0.81 82363.24753076246
   macro avg       0.67      0.85      0.69 82363.24753076246
weighted avg       0.91      0.81      0.84 82363.24753076246

Load RETAIL model:
Training...
Predicting...
Local clasification report:
Normal:
              precision    recall  f1-score   support

          -1       0.98      1.00      0.99     20232
           1       0.67      0.14      0.24       414

    accuracy                           0.98     20646
   macro avg       0.83      0.57      0.61     20646
weighted avg       0.98      0.98      0.98     20646

Weigthed:
              precision    recall  f1-score   support

          -1       1.00      1.00      1.00 492171.81162696413
           1       0.27      0.14      0.19 1821.7635808178486

    accuracy                           1.00 493993.575207782
   macro avg       0.63      0.57      0.59 493993.575207782
weighted avg       0.99      1.00      0.99 493993.575207782

Fold classification report:
Normal
              precision    recall  f1-score   support

 AGRICULTURE       0.68      0.69      0.68        70
  INDUSTRIAL       0.74      0.60      0.66       881
      OFFICE       0.32      0.23      0.27       381
       OTHER       0.61      0.48      0.54       262
      PUBLIC       0.50      0.27      0.35       592
 RESIDENTIAL       0.94      0.98      0.96     18046
      RETAIL       0.34      0.23      0.28       414

    accuracy                           0.91     20646
   macro avg       0.59      0.50      0.53     20646
weighted avg       0.89      0.91      0.90     20646

Weigthed:
              precision    recall  f1-score   support

 AGRICULTURE       0.81      0.69      0.74 0.00438335688239857
  INDUSTRIAL       0.82      0.60      0.69 0.04094358286426613
      OFFICE       0.44      0.23      0.30 0.017368784854370222
       OTHER       0.69      0.48      0.57 0.010039788478842957
      PUBLIC       0.62      0.27      0.37 0.022400912653039572
 RESIDENTIAL       0.65      0.98      0.78 0.08684731592458149
      RETAIL       0.47      0.23      0.31 0.017647617754701552

    accuracy                           0.66 0.1996313594122005
   macro avg       0.64      0.50      0.54 0.1996313594122005
weighted avg       0.65      0.66      0.62 0.1996313594122005


Fold 3:
Load AGRICULTURE model:
Training...
Predicting...
Local clasification report:
Normal:
              precision    recall  f1-score   support

          -1       1.00      1.00      1.00     20585
           1       0.68      0.41      0.51        61

    accuracy                           1.00     20646
   macro avg       0.84      0.70      0.75     20646
weighted avg       1.00      1.00      1.00     20646

Weigthed:
              precision    recall  f1-score   support

          -1       1.00      1.00      1.00 458275.62924366316
           1       0.38      0.41      0.39 394.3161398452893

    accuracy                           1.00 458669.94538350846
   macro avg       0.69      0.70      0.70 458669.94538350846
weighted avg       1.00      1.00      1.00 458669.94538350846

Load INDUSTRIAL model:
Training...
Predicting...
Local clasification report:
Normal:
              precision    recall  f1-score   support

          -1       0.98      0.99      0.99     19772
           1       0.79      0.59      0.67       874

    accuracy                           0.98     20646
   macro avg       0.89      0.79      0.83     20646
weighted avg       0.97      0.98      0.97     20646

Weigthed:
              precision    recall  f1-score   support

          -1       1.00      0.99      0.99 473129.9159311534
           1       0.43      0.59      0.49 4193.023491071892

    accuracy                           0.99 477322.9394222253
   macro avg       0.71      0.79      0.74 477322.9394222253
weighted avg       0.99      0.99      0.99 477322.9394222253

Load OFFICE model:
Training...
Predicting...
Local clasification report:
Normal:
              precision    recall  f1-score   support

          -1       0.99      0.99      0.99     20263
           1       0.42      0.21      0.28       383

    accuracy                           0.98     20646
   macro avg       0.70      0.60      0.63     20646
weighted avg       0.97      0.98      0.98     20646

Weigthed:
              precision    recall  f1-score   support

          -1       1.00      0.99      1.00 486733.7956896482
           1       0.13      0.21      0.16 1802.3916272385025

    accuracy                           0.99 488536.1873168867
   macro avg       0.56      0.60      0.58 488536.1873168867
weighted avg       0.99      0.99      0.99 488536.1873168867

Load OTHER model:
Training...
