Load new data
-------------------------------------------Only predict OVA------------------------------------------------
Performing model optimizations...

Estimator: XGB
Best params: {'clf__n_estimators': 400, 'clf__max_depth': 2, 'clf__learning_rate': 0.15}
Best training f1: 0.515
Test set metrics for best params:
              precision    recall  f1-score   support

 AGRICULTURE       0.65      0.70      0.67        69
  INDUSTRIAL       0.74      0.68      0.71       920
      OFFICE       0.44      0.14      0.21       347
       OTHER       0.61      0.49      0.54       261
      PUBLIC       0.50      0.24      0.32       608
 RESIDENTIAL       0.94      0.99      0.96     18026
      RETAIL       0.64      0.17      0.27       415

    accuracy                           0.91     20646
   macro avg       0.65      0.48      0.53     20646
weighted avg       0.90      0.91      0.90     20646


Estimator: XGB w/ENN
Best params: {'clf__n_estimators': 600, 'clf__max_depth': 2, 'clf__learning_rate': 0.1}
Best training f1: 0.538
Test set metrics for best params:
              precision    recall  f1-score   support

 AGRICULTURE       0.61      0.71      0.66        69
  INDUSTRIAL       0.67      0.72      0.70       920
      OFFICE       0.33      0.20      0.25       347
       OTHER       0.51      0.54      0.53       261
      PUBLIC       0.37      0.41      0.39       608
 RESIDENTIAL       0.95      0.96      0.96     18026
      RETAIL       0.46      0.19      0.27       415

    accuracy                           0.90     20646
   macro avg       0.56      0.54      0.54     20646
weighted avg       0.90      0.90      0.90     20646


Classifier with best test set f1: XGB w/ENN
--------------------------------------------OVA + Raw data-------------------------------------------------
Performing model optimizations...

Estimator: XGB
Best params: {'clf__n_estimators': 1200, 'clf__max_depth': 18, 'clf__learning_rate': 0.15}
Best training f1: 0.529
Test set metrics for best params:
              precision    recall  f1-score   support

 AGRICULTURE       0.69      0.68      0.69        69
  INDUSTRIAL       0.75      0.67      0.71       920
      OFFICE       0.38      0.16      0.22       347
       OTHER       0.63      0.47      0.54       261
      PUBLIC       0.49      0.25      0.33       608
 RESIDENTIAL       0.94      0.99      0.96     18026
      RETAIL       0.61      0.18      0.28       415

    accuracy                           0.91     20646
   macro avg       0.64      0.49      0.53     20646
weighted avg       0.90      0.91      0.90     20646


Estimator: XGB w/ENN
Best params: {'clf__n_estimators': 600, 'clf__max_depth': 12, 'clf__learning_rate': 0.4}
Best training f1: 0.543
Test set metrics for best params:
              precision    recall  f1-score   support

 AGRICULTURE       0.65      0.77      0.71        69
  INDUSTRIAL       0.69      0.71      0.70       920
      OFFICE       0.33      0.24      0.28       347
       OTHER       0.50      0.49      0.50       261
      PUBLIC       0.36      0.39      0.38       608
 RESIDENTIAL       0.95      0.97      0.96     18026
      RETAIL       0.44      0.21      0.29       415

    accuracy                           0.90     20646
   macro avg       0.56      0.54      0.54     20646
weighted avg       0.90      0.90      0.90     20646


Classifier with best test set f1: XGB w/ENN
