---------------------------------Predict OVA MODEL--------------------------------

Fold 0:
Training...
Predicting...
Fold classification report:
              precision    recall  f1-score   support

 AGRICULTURE       0.69      0.72      0.71        69
  INDUSTRIAL       0.70      0.72      0.71       920
      OFFICE       0.35      0.20      0.26       347
       OTHER       0.54      0.54      0.54       261
      PUBLIC       0.38      0.39      0.39       608
 RESIDENTIAL       0.95      0.97      0.96     18026
      RETAIL       0.50      0.21      0.29       415

    accuracy                           0.91     20646
   macro avg       0.59      0.54      0.55     20646
weighted avg       0.90      0.91      0.90     20646


Fold 1:
Training...
Predicting...
Fold classification report:
              precision    recall  f1-score   support

 AGRICULTURE       0.64      0.67      0.66        70
  INDUSTRIAL       0.67      0.69      0.68       898
      OFFICE       0.31      0.22      0.26       364
       OTHER       0.56      0.49      0.52       288
      PUBLIC       0.37      0.36      0.36       648
 RESIDENTIAL       0.95      0.97      0.96     17958
      RETAIL       0.51      0.22      0.31       420

    accuracy                           0.90     20646
   macro avg       0.57      0.52      0.54     20646
weighted avg       0.89      0.90      0.90     20646


Fold 2:
Training...
Predicting...
Fold classification report:
              precision    recall  f1-score   support

 AGRICULTURE       0.71      0.69      0.70        70
  INDUSTRIAL       0.67      0.71      0.69       881
      OFFICE       0.36      0.22      0.28       381
       OTHER       0.51      0.52      0.51       262
      PUBLIC       0.38      0.39      0.38       592
 RESIDENTIAL       0.95      0.97      0.96     18046
      RETAIL       0.56      0.23      0.33       414

    accuracy                           0.91     20646
   macro avg       0.59      0.53      0.55     20646
weighted avg       0.90      0.91      0.90     20646


Fold 3:
Training...
Predicting...
Fold classification report:
              precision    recall  f1-score   support

 AGRICULTURE       0.68      0.66      0.67        61
  INDUSTRIAL       0.62      0.68      0.65       874
      OFFICE       0.31      0.18      0.23       383
       OTHER       0.56      0.52      0.54       245
      PUBLIC       0.37      0.39      0.38       549
 RESIDENTIAL       0.96      0.97      0.96     18124
      RETAIL       0.53      0.26      0.35       410

    accuracy                           0.91     20646
   macro avg       0.58      0.52      0.54     20646
weighted avg       0.90      0.91      0.90     20646


Fold 4:
Training...
Predicting...
Fold classification report:
              precision    recall  f1-score   support

 AGRICULTURE       0.67      0.66      0.67        68
  INDUSTRIAL       0.67      0.70      0.68       917
      OFFICE       0.32      0.21      0.25       353
       OTHER       0.54      0.52      0.53       276
      PUBLIC       0.37      0.38      0.38       579
 RESIDENTIAL       0.95      0.97      0.96     18019
      RETAIL       0.54      0.23      0.32       434

    accuracy                           0.91     20646
   macro avg       0.58      0.53      0.54     20646
weighted avg       0.90      0.91      0.90     20646

Global classification report:
              precision    recall  f1-score   support

 AGRICULTURE       0.68      0.68      0.68       338
  INDUSTRIAL       0.66      0.70      0.68      4490
      OFFICE       0.33      0.21      0.25      1828
       OTHER       0.54      0.52      0.53      1332
      PUBLIC       0.37      0.38      0.38      2976
 RESIDENTIAL       0.95      0.97      0.96     90173
      RETAIL       0.53      0.23      0.32      2093

    accuracy                           0.91    103230
   macro avg       0.58      0.53      0.54    103230
weighted avg       0.90      0.91      0.90    103230

---------------------------------Raw + Predict OVA MODEL--------------------------------

Fold 0:
Training...
Predicting...
Fold classification report:
              precision    recall  f1-score   support

 AGRICULTURE       0.64      0.74      0.68        69
  INDUSTRIAL       0.70      0.69      0.70       920
      OFFICE       0.36      0.24      0.29       347
       OTHER       0.58      0.53      0.55       261
      PUBLIC       0.41      0.38      0.39       608
 RESIDENTIAL       0.95      0.97      0.96     18026
      RETAIL       0.51      0.21      0.30       415

    accuracy                           0.91     20646
   macro avg       0.59      0.54      0.55     20646
weighted avg       0.90      0.91      0.90     20646


Fold 1:
Training...
Predicting...
Fold classification report:
              precision    recall  f1-score   support

 AGRICULTURE       0.62      0.66      0.64        70
  INDUSTRIAL       0.69      0.68      0.69       898
      OFFICE       0.32      0.22      0.26       364
       OTHER       0.57      0.48      0.52       288
      PUBLIC       0.39      0.35      0.37       648
 RESIDENTIAL       0.95      0.97      0.96     17958
      RETAIL       0.53      0.22      0.31       420

    accuracy                           0.90     20646
   macro avg       0.58      0.51      0.54     20646
weighted avg       0.89      0.90      0.90     20646


Fold 2:
Training...
Predicting...
Fold classification report:
              precision    recall  f1-score   support

 AGRICULTURE       0.71      0.70      0.71        70
  INDUSTRIAL       0.70      0.70      0.70       881
      OFFICE       0.39      0.23      0.29       381
       OTHER       0.53      0.52      0.53       262
      PUBLIC       0.42      0.39      0.40       592
 RESIDENTIAL       0.95      0.98      0.96     18046
      RETAIL       0.60      0.25      0.35       414

    accuracy                           0.91     20646
   macro avg       0.61      0.54      0.56     20646
weighted avg       0.90      0.91      0.90     20646


Fold 3:
Training...
Predicting...
Fold classification report:
              precision    recall  f1-score   support

 AGRICULTURE       0.70      0.69      0.69        61
  INDUSTRIAL       0.66      0.68      0.67       874
      OFFICE       0.36      0.22      0.27       383
       OTHER       0.61      0.54      0.57       245
      PUBLIC       0.39      0.41      0.40       549
 RESIDENTIAL       0.95      0.97      0.96     18124
      RETAIL       0.51      0.24      0.32       410

    accuracy                           0.91     20646
   macro avg       0.60      0.54      0.56     20646
weighted avg       0.90      0.91      0.90     20646


Fold 4:
Training...
Predicting...
Fold classification report:
              precision    recall  f1-score   support

 AGRICULTURE       0.66      0.71      0.68        68
  INDUSTRIAL       0.70      0.70      0.70       917
      OFFICE       0.36      0.24      0.28       353
       OTHER       0.55      0.53      0.54       276
      PUBLIC       0.42      0.38      0.40       579
 RESIDENTIAL       0.95      0.97      0.96     18019
      RETAIL       0.55      0.24      0.33       434

    accuracy                           0.91     20646
   macro avg       0.60      0.54      0.56     20646
weighted avg       0.90      0.91      0.90     20646

Global classification report:
              precision    recall  f1-score   support

 AGRICULTURE       0.66      0.70      0.68       338
  INDUSTRIAL       0.69      0.69      0.69      4490
      OFFICE       0.36      0.23      0.28      1828
       OTHER       0.57      0.52      0.54      1332
      PUBLIC       0.40      0.38      0.39      2976
 RESIDENTIAL       0.95      0.97      0.96     90173
      RETAIL       0.54      0.23      0.32      2093

    accuracy                           0.91    103230
   macro avg       0.60      0.53      0.55    103230
weighted avg       0.90      0.91      0.90    103230

