Load new data
-------------------------------------------Only predict OVA------------------------------------------------
Performing model optimizations...

Estimator: XGB
Best params: {'clf__n_estimators': 600, 'clf__max_depth': 6, 'clf__learning_rate': 0.01}
Best training f1: 0.529
Test set metrics for best params:
              precision    recall  f1-score   support

 AGRICULTURE       0.72      0.67      0.69        69
  INDUSTRIAL       0.74      0.68      0.71       920
      OFFICE       0.41      0.12      0.18       347
       OTHER       0.65      0.51      0.57       261
      PUBLIC       0.51      0.26      0.34       608
 RESIDENTIAL       0.94      0.99      0.96     18026
      RETAIL       0.69      0.19      0.30       415

    accuracy                           0.92     20646
   macro avg       0.67      0.49      0.54     20646
weighted avg       0.90      0.92      0.90     20646


Estimator: XGB w/ENN
Best params: {'clf__n_estimators': 600, 'clf__max_depth': 6, 'clf__learning_rate': 0.01}
Best training f1: 0.546
Test set metrics for best params:
              precision    recall  f1-score   support

 AGRICULTURE       0.69      0.72      0.71        69
  INDUSTRIAL       0.70      0.72      0.71       920
      OFFICE       0.35      0.20      0.26       347
       OTHER       0.54      0.54      0.54       261
      PUBLIC       0.38      0.39      0.39       608
 RESIDENTIAL       0.95      0.97      0.96     18026
      RETAIL       0.50      0.21      0.29       415

    accuracy                           0.91     20646
   macro avg       0.59      0.54      0.55     20646
weighted avg       0.90      0.91      0.90     20646


Estimator: XGB w/PCA
Best params: {'clf__n_estimators': 1200, 'clf__max_depth': 2, 'clf__learning_rate': 0.1}
Best training f1: 0.514
Test set metrics for best params:
              precision    recall  f1-score   support

 AGRICULTURE       0.70      0.65      0.68        69
  INDUSTRIAL       0.75      0.67      0.71       920
      OFFICE       0.33      0.11      0.16       347
       OTHER       0.65      0.41      0.50       261
      PUBLIC       0.47      0.28      0.35       608
 RESIDENTIAL       0.94      0.99      0.96     18026
      RETAIL       0.68      0.17      0.27       415

    accuracy                           0.91     20646
   macro avg       0.64      0.47      0.52     20646
weighted avg       0.90      0.91      0.90     20646


Classifier with best test set f1: XGB w/ENN
--------------------------------------------OVA + Raw data-------------------------------------------------
Performing model optimizations...

Estimator: XGB
Best params: {'clf__n_estimators': 400, 'clf__max_depth': 18, 'clf__learning_rate': 0.1}
Best training f1: 0.535
Test set metrics for best params:
              precision    recall  f1-score   support

 AGRICULTURE       0.70      0.68      0.69        69
  INDUSTRIAL       0.76      0.66      0.70       920
      OFFICE       0.38      0.16      0.23       347
       OTHER       0.62      0.46      0.53       261
      PUBLIC       0.49      0.26      0.34       608
 RESIDENTIAL       0.94      0.99      0.96     18026
      RETAIL       0.62      0.19      0.29       415

    accuracy                           0.91     20646
   macro avg       0.65      0.49      0.54     20646
weighted avg       0.90      0.91      0.90     20646


Estimator: XGB w/ENN
Best params: {'clf__n_estimators': 1000, 'clf__max_depth': 6, 'clf__learning_rate': 0.01}
Best training f1: 0.553
Test set metrics for best params:
              precision    recall  f1-score   support

 AGRICULTURE       0.64      0.74      0.68        69
  INDUSTRIAL       0.70      0.69      0.70       920
      OFFICE       0.36      0.24      0.29       347
       OTHER       0.58      0.53      0.55       261
      PUBLIC       0.41      0.38      0.39       608
 RESIDENTIAL       0.95      0.97      0.96     18026
      RETAIL       0.51      0.21      0.30       415

    accuracy                           0.91     20646
   macro avg       0.59      0.54      0.55     20646
weighted avg       0.90      0.91      0.90     20646


Estimator: XGB w/PCA
Best params: {'clf__n_estimators': 400, 'clf__max_depth': 12, 'clf__learning_rate': 0.1}
Best training f1: 0.442
Test set metrics for best params:
              precision    recall  f1-score   support

 AGRICULTURE       0.68      0.55      0.61        69
  INDUSTRIAL       0.72      0.60      0.65       920
      OFFICE       0.31      0.13      0.18       347
       OTHER       0.49      0.30      0.37       261
      PUBLIC       0.39      0.17      0.24       608
 RESIDENTIAL       0.93      0.99      0.96     18026
      RETAIL       0.46      0.15      0.23       415

    accuracy                           0.91     20646
   macro avg       0.57      0.41      0.46     20646
weighted avg       0.88      0.91      0.89     20646


Classifier with best test set f1: XGB w/ENN
